#
# There is insufficient memory for the Java Runtime Environment to continue.
# Native memory allocation (mmap) failed to map 46137344 bytes for Failed to commit area from 0x000000008cd00000 to 0x000000008f900000 of length 46137344.
# Possible reasons:
#   The system is out of physical RAM or swap space
#   The process is running with CompressedOops enabled, and the Java Heap may be blocking the growth of the native heap
# Possible solutions:
#   Reduce memory load on the system
#   Increase physical memory or swap space
#   Check if swap backing store is full
#   Decrease Java heap size (-Xmx/-Xms)
#   Decrease number of Java threads
#   Decrease Java thread stack sizes (-Xss)
#   Set larger code cache with -XX:ReservedCodeCacheSize=
#   JVM is running with Unscaled Compressed Oops mode in which the Java heap is
#     placed in the first 4GB address space. The Java Heap base address is the
#     maximum limit for the native heap growth. Please use -XX:HeapBaseMinAddress
#     to set the Java Heap base and to place the Java Heap above 4GB virtual address.
# This output file may be truncated or incomplete.
#
#  Out of Memory Error (src/hotspot/os/windows/os_windows.cpp:3627), pid=6608, tid=2440
#
# JRE version: OpenJDK Runtime Environment (11.0.15) (build 11.0.15+0-b2043.56-9505619)
# Java VM: OpenJDK 64-Bit Server VM (11.0.15+0-b2043.56-9505619, mixed mode, tiered, compressed oops, g1 gc, windows-amd64)
# No core dump will be written. Minidumps are not enabled by default on client versions of Windows
#

---------------  S U M M A R Y ------------

Command Line: --add-opens=java.base/java.util=ALL-UNNAMED --add-opens=java.base/java.lang=ALL-UNNAMED --add-opens=java.base/java.lang.invoke=ALL-UNNAMED --add-opens=java.base/java.util=ALL-UNNAMED --add-opens=java.prefs/java.util.prefs=ALL-UNNAMED --add-opens=java.prefs/java.util.prefs=ALL-UNNAMED --add-opens=java.base/java.nio.charset=ALL-UNNAMED --add-opens=java.base/java.net=ALL-UNNAMED --add-opens=java.base/java.util.concurrent.atomic=ALL-UNNAMED -Xmx2048m -Dfile.encoding=UTF-8 -Duser.country=US -Duser.language=en -Duser.variant org.gradle.launcher.daemon.bootstrap.GradleDaemon 7.5

Host: Intel(R) Core(TM) i3-8145U CPU @ 2.10GHz, 4 cores, 3G,  Windows 11 , 64 bit Build 22621 (10.0.22621.1778)
Time: Tue Jul 11 14:45:00 2023 Sri Lanka Standard Time elapsed time: 33.307497 seconds (0d 0h 0m 33s)

---------------  T H R E A D  ---------------

Current thread (0x000002ca005cc800):  VMThread "VM Thread" [stack: 0x000000f530100000,0x000000f530200000] [id=2440]

Stack: [0x000000f530100000,0x000000f530200000]
[error occurred during error reporting (printing stack bounds), id 0xc0000005, EXCEPTION_ACCESS_VIOLATION (0xc0000005) at pc=0x000002ca69d1112d]

Native frames: (J=compiled Java code, j=interpreted, Vv=VM code, C=native code)
V  [jvm.dll+0x64135a]
V  [jvm.dll+0x7d39f9]
V  [jvm.dll+0x7d51b9]
V  [jvm.dll+0x7d5805]
V  [jvm.dll+0x7d57bb]
V  [jvm.dll+0x640655]
V  [jvm.dll+0x640d68]
C  [ntdll.dll+0xa3cff]
C  [ntdll.dll+0x1e456]
C  [ntdll.dll+0xa2cee]
C  0x000002ca69d1112d

VM_Operation (0x000000f5313f5c70): G1CollectForAllocation, mode: safepoint, requested by thread 0x000002ca03225800


---------------  P R O C E S S  ---------------

Threads class SMR info:
_java_thread_list=0x000002ca08b3f020, length=78, elements={
0x000002ca64a1c800, 0x000002ca005ce800, 0x000002ca005d9800, 0x000002ca00f42800,
0x000002ca00f43800, 0x000002ca00f44800, 0x000002ca00f47800, 0x000002ca0062a800,
0x000002ca00634000, 0x000002ca010bd000, 0x000002ca02d58800, 0x000002ca02a41800,
0x000002ca0238b000, 0x000002ca0272e800, 0x000002ca02a1c800, 0x000002ca02e54800,
0x000002ca03225800, 0x000002ca031ac800, 0x000002ca02358800, 0x000002ca0315a000,
0x000002ca0315b000, 0x000002ca0315b800, 0x000002ca03159800, 0x000002ca03160000,
0x000002ca0315c800, 0x000002ca0315d800, 0x000002ca0315e000, 0x000002ca0315f000,
0x000002ca0560d000, 0x000002ca0560b800, 0x000002ca0560a800, 0x000002ca0560c800,
0x000002ca05608800, 0x000002ca0560e000, 0x000002ca05609000, 0x000002ca05611800,
0x000002ca05612000, 0x000002ca0560f000, 0x000002ca05613800, 0x000002ca05613000,
0x000002ca05614800, 0x000002ca05615800, 0x000002ca05616000, 0x000002ca05617000,
0x000002ca01f02000, 0x000002ca01f04800, 0x000002ca01f03000, 0x000002ca01f03800,
0x000002ca01f05800, 0x000002ca01eff800, 0x000002ca01f06000, 0x000002ca01f00800,
0x000002ca01f07000, 0x000002ca01f01800, 0x000002ca01f0a800, 0x000002ca01f09800,
0x000002ca01f0c000, 0x000002ca01f0b000, 0x000002ca01f0d800, 0x000002ca01f0c800,
0x000002ca01f08000, 0x000002ca01f0e800, 0x000002ca01f08800, 0x000002ca02e72000,
0x000002ca02e74000, 0x000002ca02e75800, 0x000002ca02e78800, 0x000002ca02e78000,
0x000002ca02e73000, 0x000002ca02e76800, 0x000002ca02e79800, 0x000002ca02e7a800,
0x000002ca02e74800, 0x000002ca02e7d000, 0x000002ca02e7b000, 0x000002ca02e77000,
0x000002ca02e7c000, 0x000002ca02e7d800
}

Java Threads: ( => current thread )
  0x000002ca64a1c800 JavaThread "main" [_thread_blocked, id=11236, stack(0x000000f52fb00000,0x000000f52fc00000)]
  0x000002ca005ce800 JavaThread "Reference Handler" daemon [_thread_blocked, id=10892, stack(0x000000f530200000,0x000000f530300000)]
  0x000002ca005d9800 JavaThread "Finalizer" daemon [_thread_blocked, id=12356, stack(0x000000f530300000,0x000000f530400000)]
  0x000002ca00f42800 JavaThread "Signal Dispatcher" daemon [_thread_blocked, id=9068, stack(0x000000f530400000,0x000000f530500000)]
  0x000002ca00f43800 JavaThread "Attach Listener" daemon [_thread_blocked, id=19868, stack(0x000000f530500000,0x000000f530600000)]
  0x000002ca00f44800 JavaThread "Service Thread" daemon [_thread_blocked, id=2012, stack(0x000000f530600000,0x000000f530700000)]
  0x000002ca00f47800 JavaThread "C2 CompilerThread0" daemon [_thread_blocked, id=14208, stack(0x000000f530700000,0x000000f530800000)]
  0x000002ca0062a800 JavaThread "C1 CompilerThread0" daemon [_thread_blocked, id=19796, stack(0x000000f530800000,0x000000f530900000)]
  0x000002ca00634000 JavaThread "Sweeper thread" daemon [_thread_blocked, id=15492, stack(0x000000f530900000,0x000000f530a00000)]
  0x000002ca010bd000 JavaThread "Common-Cleaner" daemon [_thread_blocked, id=13532, stack(0x000000f530a00000,0x000000f530b00000)]
  0x000002ca02d58800 JavaThread "Daemon health stats" [_thread_blocked, id=13960, stack(0x000000f530d00000,0x000000f530e00000)]
  0x000002ca02a41800 JavaThread "Incoming local TCP Connector on port 52558" [_thread_in_native, id=14628, stack(0x000000f530e00000,0x000000f530f00000)]
  0x000002ca0238b000 JavaThread "Daemon periodic checks" [_thread_blocked, id=7456, stack(0x000000f530f00000,0x000000f531000000)]
  0x000002ca0272e800 JavaThread "Daemon" [_thread_blocked, id=16080, stack(0x000000f531000000,0x000000f531100000)]
  0x000002ca02a1c800 JavaThread "Handler for socket connection from /127.0.0.1:52558 to /127.0.0.1:52559" [_thread_in_native, id=19300, stack(0x000000f531100000,0x000000f531200000)]
  0x000002ca02e54800 JavaThread "Cancel handler" [_thread_blocked, id=3632, stack(0x000000f531200000,0x000000f531300000)]
  0x000002ca03225800 JavaThread "Daemon worker" [_thread_blocked, id=6196, stack(0x000000f531300000,0x000000f531400000)]
  0x000002ca031ac800 JavaThread "Asynchronous log dispatcher for DefaultDaemonConnection: socket connection from /127.0.0.1:52558 to /127.0.0.1:52559" [_thread_blocked, id=6376, stack(0x000000f531400000,0x000000f531500000)]
  0x000002ca02358800 JavaThread "Stdin handler" [_thread_blocked, id=14864, stack(0x000000f531500000,0x000000f531600000)]
  0x000002ca0315a000 JavaThread "Daemon client event forwarder" [_thread_blocked, id=19628, stack(0x000000f531600000,0x000000f531700000)]
  0x000002ca0315b000 JavaThread "Cache worker for journal cache (C:\Users\YASASVI HIMAYA\.gradle\caches\journal-1)" [_thread_blocked, id=11956, stack(0x000000f531900000,0x000000f531a00000)]
  0x000002ca0315b800 JavaThread "File lock request listener" [_thread_in_native, id=13568, stack(0x000000f531a00000,0x000000f531b00000)]
  0x000002ca03159800 JavaThread "Cache worker for file hash cache (C:\Users\YASASVI HIMAYA\.gradle\caches\7.5\fileHashes)" [_thread_blocked, id=13388, stack(0x000000f531b00000,0x000000f531c00000)]
  0x000002ca03160000 JavaThread "File watcher server" daemon [_thread_in_native, id=12408, stack(0x000000f531c00000,0x000000f531d00000)]
  0x000002ca0315c800 JavaThread "File watcher consumer" daemon [_thread_blocked, id=10644, stack(0x000000f531d00000,0x000000f531e00000)]
  0x000002ca0315d800 JavaThread "jar transforms" [_thread_blocked, id=6364, stack(0x000000f531e00000,0x000000f531f00000)]
  0x000002ca0315e000 JavaThread "jar transforms Thread 2" [_thread_blocked, id=17088, stack(0x000000f531f00000,0x000000f532000000)]
  0x000002ca0315f000 JavaThread "jar transforms Thread 3" [_thread_blocked, id=19112, stack(0x000000f532000000,0x000000f532100000)]
  0x000002ca0560d000 JavaThread "jar transforms Thread 4" [_thread_blocked, id=2548, stack(0x000000f532100000,0x000000f532200000)]
  0x000002ca0560b800 JavaThread "Cache worker for checksums cache (C:\Users\YASASVI HIMAYA\AndroidStudioProjects\Recipeapp\.gradle\7.5\checksums)" [_thread_blocked, id=8116, stack(0x000000f532200000,0x000000f532300000)]
  0x000002ca0560a800 JavaThread "Cache worker for cache directory md-rule (C:\Users\YASASVI HIMAYA\.gradle\caches\7.5\md-rule)" [_thread_blocked, id=9244, stack(0x000000f532300000,0x000000f532400000)]
  0x000002ca0560c800 JavaThread "Cache worker for file content cache (C:\Users\YASASVI HIMAYA\.gradle\caches\7.5\fileContent)" [_thread_blocked, id=3128, stack(0x000000f532400000,0x000000f532500000)]
  0x000002ca05608800 JavaThread "Cache worker for file hash cache (C:\Users\YASASVI HIMAYA\AndroidStudioProjects\Recipeapp\.gradle\7.5\fileHashes)" [_thread_blocked, id=11748, stack(0x000000f532500000,0x000000f532600000)]
  0x000002ca0560e000 JavaThread "Cache worker for cache directory md-supplier (C:\Users\YASASVI HIMAYA\.gradle\caches\7.5\md-supplier)" [_thread_blocked, id=14708, stack(0x000000f532600000,0x000000f532700000)]
  0x000002ca05609000 JavaThread "Cache worker for execution history cache (C:\Users\YASASVI HIMAYA\.gradle\caches\7.5\executionHistory)" [_thread_blocked, id=10040, stack(0x000000f532700000,0x000000f532800000)]
  0x000002ca05611800 JavaThread "Cache worker for dependencies-accessors (C:\Users\YASASVI HIMAYA\AndroidStudioProjects\Recipeapp\.gradle\7.5\dependencies-accessors)" [_thread_blocked, id=11428, stack(0x000000f532800000,0x000000f532900000)]
  0x000002ca05612000 JavaThread "Cache worker for Build Output Cleanup Cache (C:\Users\YASASVI HIMAYA\AndroidStudioProjects\Recipeapp\.gradle\buildOutputCleanup)" [_thread_blocked, id=17396, stack(0x000000f532900000,0x000000f532a00000)]
  0x000002ca0560f000 JavaThread "Unconstrained build operations" [_thread_blocked, id=14728, stack(0x000000f532b00000,0x000000f532c00000)]
  0x000002ca05613800 JavaThread "Unconstrained build operations Thread 2" [_thread_blocked, id=6680, stack(0x000000f532c00000,0x000000f532d00000)]
  0x000002ca05613000 JavaThread "Unconstrained build operations Thread 3" [_thread_blocked, id=13512, stack(0x000000f532d00000,0x000000f532e00000)]
  0x000002ca05614800 JavaThread "Unconstrained build operations Thread 4" [_thread_blocked, id=18716, stack(0x000000f532e00000,0x000000f532f00000)]
  0x000002ca05615800 JavaThread "Unconstrained build operations Thread 5" [_thread_blocked, id=10912, stack(0x000000f532f00000,0x000000f533000000)]
  0x000002ca05616000 JavaThread "Unconstrained build operations Thread 6" [_thread_blocked, id=11020, stack(0x000000f533000000,0x000000f533100000)]
  0x000002ca05617000 JavaThread "Unconstrained build operations Thread 7" [_thread_blocked, id=10192, stack(0x000000f533100000,0x000000f533200000)]
  0x000002ca01f02000 JavaThread "Unconstrained build operations Thread 8" [_thread_blocked, id=17160, stack(0x000000f533200000,0x000000f533300000)]
  0x000002ca01f04800 JavaThread "Unconstrained build operations Thread 9" [_thread_blocked, id=12336, stack(0x000000f533300000,0x000000f533400000)]
  0x000002ca01f03000 JavaThread "Unconstrained build operations Thread 10" [_thread_blocked, id=20208, stack(0x000000f533400000,0x000000f533500000)]
  0x000002ca01f03800 JavaThread "Unconstrained build operations Thread 11" [_thread_blocked, id=1668, stack(0x000000f533500000,0x000000f533600000)]
  0x000002ca01f05800 JavaThread "Unconstrained build operations Thread 12" [_thread_blocked, id=11528, stack(0x000000f533600000,0x000000f533700000)]
  0x000002ca01eff800 JavaThread "Unconstrained build operations Thread 13" [_thread_blocked, id=12656, stack(0x000000f533700000,0x000000f533800000)]
  0x000002ca01f06000 JavaThread "Unconstrained build operations Thread 14" [_thread_blocked, id=8044, stack(0x000000f533800000,0x000000f533900000)]
  0x000002ca01f00800 JavaThread "Unconstrained build operations Thread 15" [_thread_blocked, id=13496, stack(0x000000f533900000,0x000000f533a00000)]
  0x000002ca01f07000 JavaThread "Unconstrained build operations Thread 16" [_thread_blocked, id=2336, stack(0x000000f533a00000,0x000000f533b00000)]
  0x000002ca01f01800 JavaThread "Unconstrained build operations Thread 17" [_thread_blocked, id=11900, stack(0x000000f533b00000,0x000000f533c00000)]
  0x000002ca01f0a800 JavaThread "Unconstrained build operations Thread 18" [_thread_blocked, id=6848, stack(0x000000f533c00000,0x000000f533d00000)]
  0x000002ca01f09800 JavaThread "Unconstrained build operations Thread 19" [_thread_blocked, id=1672, stack(0x000000f533d00000,0x000000f533e00000)]
  0x000002ca01f0c000 JavaThread "Unconstrained build operations Thread 20" [_thread_blocked, id=18648, stack(0x000000f533e00000,0x000000f533f00000)]
  0x000002ca01f0b000 JavaThread "Unconstrained build operations Thread 21" [_thread_blocked, id=12184, stack(0x000000f533f00000,0x000000f534000000)]
  0x000002ca01f0d800 JavaThread "Unconstrained build operations Thread 22" [_thread_blocked, id=9608, stack(0x000000f534000000,0x000000f534100000)]
  0x000002ca01f0c800 JavaThread "Unconstrained build operations Thread 23" [_thread_blocked, id=12672, stack(0x000000f534100000,0x000000f534200000)]
  0x000002ca01f08000 JavaThread "Unconstrained build operations Thread 24" [_thread_blocked, id=1240, stack(0x000000f534200000,0x000000f534300000)]
  0x000002ca01f0e800 JavaThread "Unconstrained build operations Thread 25" [_thread_blocked, id=19936, stack(0x000000f534300000,0x000000f534400000)]
  0x000002ca01f08800 JavaThread "Unconstrained build operations Thread 26" [_thread_blocked, id=7256, stack(0x000000f534400000,0x000000f534500000)]
  0x000002ca02e72000 JavaThread "Unconstrained build operations Thread 27" [_thread_blocked, id=20360, stack(0x000000f534500000,0x000000f534600000)]
  0x000002ca02e74000 JavaThread "Unconstrained build operations Thread 28" [_thread_blocked, id=15680, stack(0x000000f534600000,0x000000f534700000)]
  0x000002ca02e75800 JavaThread "Unconstrained build operations Thread 29" [_thread_blocked, id=2444, stack(0x000000f534700000,0x000000f534800000)]
  0x000002ca02e78800 JavaThread "Unconstrained build operations Thread 30" [_thread_blocked, id=15964, stack(0x000000f534800000,0x000000f534900000)]
  0x000002ca02e78000 JavaThread "Unconstrained build operations Thread 31" [_thread_blocked, id=1180, stack(0x000000f534900000,0x000000f534a00000)]
  0x000002ca02e73000 JavaThread "Unconstrained build operations Thread 32" [_thread_blocked, id=16628, stack(0x000000f534a00000,0x000000f534b00000)]
  0x000002ca02e76800 JavaThread "Unconstrained build operations Thread 33" [_thread_blocked, id=3408, stack(0x000000f534b00000,0x000000f534c00000)]
  0x000002ca02e79800 JavaThread "Unconstrained build operations Thread 34" [_thread_blocked, id=8276, stack(0x000000f534c00000,0x000000f534d00000)]
  0x000002ca02e7a800 JavaThread "Unconstrained build operations Thread 35" [_thread_blocked, id=13228, stack(0x000000f534d00000,0x000000f534e00000)]
  0x000002ca02e74800 JavaThread "Unconstrained build operations Thread 36" [_thread_blocked, id=8088, stack(0x000000f534e00000,0x000000f534f00000)]
  0x000002ca02e7d000 JavaThread "Unconstrained build operations Thread 37" [_thread_blocked, id=19900, stack(0x000000f534f00000,0x000000f535000000)]
  0x000002ca02e7b000 JavaThread "Unconstrained build operations Thread 38" [_thread_blocked, id=16204, stack(0x000000f535000000,0x000000f535100000)]
  0x000002ca02e77000 JavaThread "Unconstrained build operations Thread 39" [_thread_blocked, id=19700, stack(0x000000f535100000,0x000000f535200000)]
  0x000002ca02e7c000 JavaThread "Unconstrained build operations Thread 40" [_thread_blocked, id=2776, stack(0x000000f535200000,0x000000f535300000)]
  0x000002ca02e7d800 JavaThread "Memory manager" [_thread_blocked, id=10276, stack(0x000000f535300000,0x000000f535400000)]

Other Threads:
=>0x000002ca005cc800 VMThread "VM Thread" [stack: 0x000000f530100000,0x000000f530200000] [id=2440]
  0x000002ca010c5800 WatcherThread [stack: 0x000000f530b00000,0x000000f530c00000] [id=10440]
  0x000002ca64a35800 GCTaskThread "GC Thread#0" [stack: 0x000000f52fc00000,0x000000f52fd00000] [id=19160]
  0x000002ca01368800 GCTaskThread "GC Thread#1" [stack: 0x000000f530c00000,0x000000f530d00000] [id=19104]
  0x000002ca031d1000 GCTaskThread "GC Thread#2" [stack: 0x000000f531700000,0x000000f531800000] [id=12728]
  0x000002ca02770000 GCTaskThread "GC Thread#3" [stack: 0x000000f531800000,0x000000f531900000] [id=9116]
  0x000002ca64a68000 ConcurrentGCThread "G1 Main Marker" [stack: 0x000000f52fd00000,0x000000f52fe00000] [id=13908]
  0x000002ca64a69800 ConcurrentGCThread "G1 Conc#0" [stack: 0x000000f52fe00000,0x000000f52ff00000] [id=14008]
  0x000002ca64ac5800 ConcurrentGCThread "G1 Refine#0" [stack: 0x000000f52ff00000,0x000000f530000000] [id=14828]
  0x000002ca64ac7800 ConcurrentGCThread "G1 Young RemSet Sampling" [stack: 0x000000f530000000,0x000000f530100000] [id=10516]

Threads with active compile tasks:
C2 CompilerThread0    33433 8847   !   4       java.util.concurrent.ConcurrentHashMap::transfer (828 bytes)

VM state:at safepoint (normal execution)

VM Mutex/Monitor currently owned by a thread:  ([mutex/lock_event])
[0x000002ca64a1b080] Threads_lock - owner thread: 0x000002ca005cc800
[0x000002ca64a19bb0] Heap_lock - owner thread: 0x000002ca03225800

Heap address: 0x0000000080000000, size: 2048 MB, Compressed Oops mode: 32-bit
Narrow klass base: 0x0000000000000000, Narrow klass shift: 3
Compressed class space size: 1073741824 Address: 0x0000000100000000

Heap:
 garbage-first heap   total 254976K, used 121164K [0x0000000080000000, 0x0000000100000000)
  region size 1024K, 5 young (5120K), 5 survivors (5120K)
 Metaspace       used 84380K, capacity 86556K, committed 86780K, reserved 1124352K
  class space    used 10874K, capacity 11764K, committed 11852K, reserved 1048576K
Heap Regions: E=young(eden), S=young(survivor), O=old, HS=humongous(starts), HC=humongous(continues), CS=collection set, F=free, A=archive, TAMS=top-at-mark-start (previous, next)
|   0|0x0000000080000000, 0x0000000080100000, 0x0000000080100000|100%|HS|  |TAMS 0x0000000080100000, 0x0000000080000000| Complete 
|   1|0x0000000080100000, 0x0000000080200000, 0x0000000080200000|100%|HC|  |TAMS 0x0000000080200000, 0x0000000080100000| Complete 
|   2|0x0000000080200000, 0x0000000080300000, 0x0000000080300000|100%|HC|  |TAMS 0x0000000080300000, 0x0000000080200000| Complete 
|   3|0x0000000080300000, 0x0000000080400000, 0x0000000080400000|100%| O|  |TAMS 0x0000000080400000, 0x0000000080300000| Untracked 
|   4|0x0000000080400000, 0x0000000080500000, 0x0000000080500000|100%| O|  |TAMS 0x0000000080500000, 0x0000000080400000| Untracked 
|   5|0x0000000080500000, 0x0000000080600000, 0x0000000080600000|100%| O|  |TAMS 0x0000000080600000, 0x0000000080500000| Untracked 
|   6|0x0000000080600000, 0x0000000080700000, 0x0000000080700000|100%| O|  |TAMS 0x0000000080700000, 0x0000000080600000| Untracked 
|   7|0x0000000080700000, 0x0000000080800000, 0x0000000080800000|100%| O|  |TAMS 0x0000000080800000, 0x0000000080700000| Untracked 
|   8|0x0000000080800000, 0x0000000080900000, 0x0000000080900000|100%| O|  |TAMS 0x0000000080900000, 0x0000000080800000| Untracked 
|   9|0x0000000080900000, 0x0000000080a00000, 0x0000000080a00000|100%| O|  |TAMS 0x0000000080a00000, 0x0000000080900000| Untracked 
|  10|0x0000000080a00000, 0x0000000080b00000, 0x0000000080b00000|100%| O|  |TAMS 0x0000000080b00000, 0x0000000080a00000| Untracked 
|  11|0x0000000080b00000, 0x0000000080c00000, 0x0000000080c00000|100%| O|  |TAMS 0x0000000080c00000, 0x0000000080b00000| Untracked 
|  12|0x0000000080c00000, 0x0000000080d00000, 0x0000000080d00000|100%| O|  |TAMS 0x0000000080d00000, 0x0000000080c00000| Untracked 
|  13|0x0000000080d00000, 0x0000000080e00000, 0x0000000080e00000|100%| O|  |TAMS 0x0000000080e00000, 0x0000000080d00000| Untracked 
|  14|0x0000000080e00000, 0x0000000080f00000, 0x0000000080f00000|100%| O|  |TAMS 0x0000000080f00000, 0x0000000080e00000| Untracked 
|  15|0x0000000080f00000, 0x0000000081000000, 0x0000000081000000|100%| O|  |TAMS 0x0000000081000000, 0x0000000080f00000| Untracked 
|  16|0x0000000081000000, 0x0000000081100000, 0x0000000081100000|100%| O|  |TAMS 0x0000000081100000, 0x0000000081000000| Untracked 
|  17|0x0000000081100000, 0x0000000081200000, 0x0000000081200000|100%|HS|  |TAMS 0x0000000081200000, 0x0000000081100000| Complete 
|  18|0x0000000081200000, 0x0000000081300000, 0x0000000081300000|100%|HC|  |TAMS 0x0000000081300000, 0x0000000081200000| Complete 
|  19|0x0000000081300000, 0x0000000081400000, 0x0000000081400000|100%|HS|  |TAMS 0x0000000081400000, 0x0000000081300000| Complete 
|  20|0x0000000081400000, 0x0000000081500000, 0x0000000081500000|100%|HC|  |TAMS 0x0000000081500000, 0x0000000081400000| Complete 
|  21|0x0000000081500000, 0x0000000081600000, 0x0000000081600000|100%|HC|  |TAMS 0x0000000081600000, 0x0000000081500000| Complete 
|  22|0x0000000081600000, 0x0000000081700000, 0x0000000081700000|100%|HS|  |TAMS 0x0000000081700000, 0x0000000081600000| Complete 
|  23|0x0000000081700000, 0x0000000081800000, 0x0000000081800000|100%|HC|  |TAMS 0x0000000081800000, 0x0000000081700000| Complete 
|  24|0x0000000081800000, 0x0000000081900000, 0x0000000081900000|100%|HC|  |TAMS 0x0000000081900000, 0x0000000081800000| Complete 
|  25|0x0000000081900000, 0x0000000081a00000, 0x0000000081a00000|100%|HS|  |TAMS 0x0000000081a00000, 0x0000000081900000| Complete 
|  26|0x0000000081a00000, 0x0000000081b00000, 0x0000000081b00000|100%|HC|  |TAMS 0x0000000081b00000, 0x0000000081a00000| Complete 
|  27|0x0000000081b00000, 0x0000000081c00000, 0x0000000081c00000|100%|HC|  |TAMS 0x0000000081c00000, 0x0000000081b00000| Complete 
|  28|0x0000000081c00000, 0x0000000081d00000, 0x0000000081d00000|100%|HC|  |TAMS 0x0000000081d00000, 0x0000000081c00000| Complete 
|  29|0x0000000081d00000, 0x0000000081e00000, 0x0000000081e00000|100%|HC|  |TAMS 0x0000000081e00000, 0x0000000081d00000| Complete 
|  30|0x0000000081e00000, 0x0000000081f00000, 0x0000000081f00000|100%|HS|  |TAMS 0x0000000081f00000, 0x0000000081e00000| Complete 
|  31|0x0000000081f00000, 0x0000000082000000, 0x0000000082000000|100%|HC|  |TAMS 0x0000000082000000, 0x0000000081f00000| Complete 
|  32|0x0000000082000000, 0x0000000082100000, 0x0000000082100000|100%| O|  |TAMS 0x0000000082100000, 0x0000000082000000| Untracked 
|  33|0x0000000082100000, 0x0000000082200000, 0x0000000082200000|100%| O|  |TAMS 0x0000000082200000, 0x0000000082100000| Untracked 
|  34|0x0000000082200000, 0x0000000082300000, 0x0000000082300000|100%| O|  |TAMS 0x0000000082300000, 0x0000000082200000| Untracked 
|  35|0x0000000082300000, 0x0000000082400000, 0x0000000082400000|100%| O|  |TAMS 0x0000000082400000, 0x0000000082300000| Untracked 
|  36|0x0000000082400000, 0x0000000082500000, 0x0000000082500000|100%| O|  |TAMS 0x0000000082500000, 0x0000000082400000| Untracked 
|  37|0x0000000082500000, 0x0000000082600000, 0x0000000082600000|100%| O|  |TAMS 0x0000000082600000, 0x0000000082500000| Untracked 
|  38|0x0000000082600000, 0x0000000082700000, 0x0000000082700000|100%| O|  |TAMS 0x0000000082700000, 0x0000000082600000| Untracked 
|  39|0x0000000082700000, 0x0000000082800000, 0x0000000082800000|100%| O|  |TAMS 0x0000000082800000, 0x0000000082700000| Untracked 
|  40|0x0000000082800000, 0x0000000082900000, 0x0000000082900000|100%| O|  |TAMS 0x0000000082900000, 0x0000000082800000| Untracked 
|  41|0x0000000082900000, 0x0000000082a00000, 0x0000000082a00000|100%| O|  |TAMS 0x0000000082a00000, 0x0000000082900000| Untracked 
|  42|0x0000000082a00000, 0x0000000082b00000, 0x0000000082b00000|100%| O|  |TAMS 0x0000000082b00000, 0x0000000082a00000| Untracked 
|  43|0x0000000082b00000, 0x0000000082c00000, 0x0000000082c00000|100%| O|  |TAMS 0x0000000082c00000, 0x0000000082b00000| Untracked 
|  44|0x0000000082c00000, 0x0000000082d00000, 0x0000000082d00000|100%|HS|  |TAMS 0x0000000082d00000, 0x0000000082c00000| Complete 
|  45|0x0000000082d00000, 0x0000000082e00000, 0x0000000082e00000|100%|HC|  |TAMS 0x0000000082e00000, 0x0000000082d00000| Complete 
|  46|0x0000000082e00000, 0x0000000082f00000, 0x0000000082f00000|100%| O|  |TAMS 0x0000000082f00000, 0x0000000082e00000| Untracked 
|  47|0x0000000082f00000, 0x0000000083000000, 0x0000000083000000|100%| O|  |TAMS 0x0000000083000000, 0x0000000082f00000| Untracked 
|  48|0x0000000083000000, 0x0000000083100000, 0x0000000083100000|100%| O|  |TAMS 0x0000000083100000, 0x0000000083000000| Untracked 
|  49|0x0000000083100000, 0x0000000083200000, 0x0000000083200000|100%|HS|  |TAMS 0x0000000083200000, 0x0000000083100000| Complete 
|  50|0x0000000083200000, 0x0000000083300000, 0x0000000083300000|100%|HC|  |TAMS 0x0000000083300000, 0x0000000083200000| Complete 
|  51|0x0000000083300000, 0x0000000083400000, 0x0000000083400000|100%|HC|  |TAMS 0x0000000083400000, 0x0000000083300000| Complete 
|  52|0x0000000083400000, 0x0000000083500000, 0x0000000083500000|100%|HC|  |TAMS 0x0000000083500000, 0x0000000083400000| Complete 
|  53|0x0000000083500000, 0x0000000083600000, 0x0000000083600000|100%|HC|  |TAMS 0x0000000083600000, 0x0000000083500000| Complete 
|  54|0x0000000083600000, 0x0000000083700000, 0x0000000083700000|100%|HC|  |TAMS 0x0000000083700000, 0x0000000083600000| Complete 
|  55|0x0000000083700000, 0x0000000083800000, 0x0000000083800000|100%|HC|  |TAMS 0x0000000083800000, 0x0000000083700000| Complete 
|  56|0x0000000083800000, 0x0000000083900000, 0x0000000083900000|100%|HC|  |TAMS 0x0000000083900000, 0x0000000083800000| Complete 
|  57|0x0000000083900000, 0x0000000083a00000, 0x0000000083a00000|100%|HC|  |TAMS 0x0000000083a00000, 0x0000000083900000| Complete 
|  58|0x0000000083a00000, 0x0000000083b00000, 0x0000000083b00000|100%|HC|  |TAMS 0x0000000083b00000, 0x0000000083a00000| Complete 
|  59|0x0000000083b00000, 0x0000000083c00000, 0x0000000083c00000|100%| O|  |TAMS 0x0000000083c00000, 0x0000000083b00000| Untracked 
|  60|0x0000000083c00000, 0x0000000083d00000, 0x0000000083d00000|100%|HS|  |TAMS 0x0000000083d00000, 0x0000000083c00000| Complete 
|  61|0x0000000083d00000, 0x0000000083e00000, 0x0000000083e00000|100%|HC|  |TAMS 0x0000000083e00000, 0x0000000083d00000| Complete 
|  62|0x0000000083e00000, 0x0000000083f00000, 0x0000000083f00000|100%|HC|  |TAMS 0x0000000083f00000, 0x0000000083e00000| Complete 
|  63|0x0000000083f00000, 0x0000000084000000, 0x0000000084000000|100%|HS|  |TAMS 0x0000000084000000, 0x0000000083f00000| Complete 
|  64|0x0000000084000000, 0x0000000084100000, 0x0000000084100000|100%|HC|  |TAMS 0x0000000084100000, 0x0000000084000000| Complete 
|  65|0x0000000084100000, 0x0000000084200000, 0x0000000084200000|100%| O|  |TAMS 0x0000000084200000, 0x0000000084100000| Untracked 
|  66|0x0000000084200000, 0x0000000084300000, 0x0000000084300000|100%|HS|  |TAMS 0x0000000084300000, 0x0000000084200000| Complete 
|  67|0x0000000084300000, 0x0000000084400000, 0x0000000084400000|100%|HC|  |TAMS 0x0000000084400000, 0x0000000084300000| Complete 
|  68|0x0000000084400000, 0x0000000084500000, 0x0000000084500000|100%|HC|  |TAMS 0x0000000084500000, 0x0000000084400000| Complete 
|  69|0x0000000084500000, 0x0000000084600000, 0x0000000084600000|100%| O|  |TAMS 0x0000000084600000, 0x0000000084500000| Untracked 
|  70|0x0000000084600000, 0x0000000084700000, 0x0000000084700000|100%| O|  |TAMS 0x0000000084700000, 0x0000000084600000| Untracked 
|  71|0x0000000084700000, 0x0000000084800000, 0x0000000084800000|100%| O|  |TAMS 0x0000000084800000, 0x0000000084700000| Untracked 
|  72|0x0000000084800000, 0x0000000084900000, 0x0000000084900000|100%| O|  |TAMS 0x0000000084900000, 0x0000000084800000| Untracked 
|  73|0x0000000084900000, 0x0000000084a00000, 0x0000000084a00000|100%| O|  |TAMS 0x0000000084a00000, 0x0000000084900000| Untracked 
|  74|0x0000000084a00000, 0x0000000084b00000, 0x0000000084b00000|100%|HS|  |TAMS 0x0000000084b00000, 0x0000000084a00000| Complete 
|  75|0x0000000084b00000, 0x0000000084c00000, 0x0000000084c00000|100%|HC|  |TAMS 0x0000000084c00000, 0x0000000084b00000| Complete 
|  76|0x0000000084c00000, 0x0000000084d00000, 0x0000000084d00000|100%|HC|  |TAMS 0x0000000084d00000, 0x0000000084c00000| Complete 
|  77|0x0000000084d00000, 0x0000000084e00000, 0x0000000084e00000|100%|HC|  |TAMS 0x0000000084e00000, 0x0000000084d00000| Complete 
|  78|0x0000000084e00000, 0x0000000084f00000, 0x0000000084f00000|100%|HC|  |TAMS 0x0000000084f00000, 0x0000000084e00000| Complete 
|  79|0x0000000084f00000, 0x0000000085000000, 0x0000000085000000|100%| O|  |TAMS 0x0000000085000000, 0x0000000084f00000| Untracked 
|  80|0x0000000085000000, 0x0000000085100000, 0x0000000085100000|100%| O|  |TAMS 0x0000000085100000, 0x0000000085000000| Untracked 
|  81|0x0000000085100000, 0x0000000085200000, 0x0000000085200000|100%| O|  |TAMS 0x0000000085200000, 0x0000000085100000| Untracked 
|  82|0x0000000085200000, 0x0000000085300000, 0x0000000085300000|100%| O|  |TAMS 0x0000000085300000, 0x0000000085200000| Untracked 
|  83|0x0000000085300000, 0x0000000085400000, 0x0000000085400000|100%| O|  |TAMS 0x0000000085400000, 0x0000000085300000| Untracked 
|  84|0x0000000085400000, 0x0000000085500000, 0x0000000085500000|100%| O|  |TAMS 0x0000000085500000, 0x0000000085400000| Untracked 
|  85|0x0000000085500000, 0x0000000085600000, 0x0000000085600000|100%| O|  |TAMS 0x0000000085600000, 0x0000000085500000| Untracked 
|  86|0x0000000085600000, 0x0000000085700000, 0x0000000085700000|100%| O|  |TAMS 0x0000000085700000, 0x0000000085600000| Untracked 
|  87|0x0000000085700000, 0x0000000085800000, 0x0000000085800000|100%| O|  |TAMS 0x0000000085800000, 0x0000000085700000| Untracked 
|  88|0x0000000085800000, 0x0000000085900000, 0x0000000085900000|100%| O|  |TAMS 0x0000000085900000, 0x0000000085800000| Untracked 
|  89|0x0000000085900000, 0x0000000085a00000, 0x0000000085a00000|100%|HS|  |TAMS 0x0000000085a00000, 0x0000000085900000| Complete 
|  90|0x0000000085a00000, 0x0000000085b00000, 0x0000000085b00000|100%|HS|  |TAMS 0x0000000085b00000, 0x0000000085a00000| Complete 
|  91|0x0000000085b00000, 0x0000000085c00000, 0x0000000085c00000|100%|HC|  |TAMS 0x0000000085c00000, 0x0000000085b00000| Complete 
|  92|0x0000000085c00000, 0x0000000085d00000, 0x0000000085d00000|100%|HS|  |TAMS 0x0000000085d00000, 0x0000000085c00000| Complete 
|  93|0x0000000085d00000, 0x0000000085e00000, 0x0000000085e00000|100%| O|  |TAMS 0x0000000085e00000, 0x0000000085d00000| Untracked 
|  94|0x0000000085e00000, 0x0000000085f00000, 0x0000000085f00000|100%|HS|  |TAMS 0x0000000085f00000, 0x0000000085e00000| Complete 
|  95|0x0000000085f00000, 0x0000000086000000, 0x0000000086000000|100%|HC|  |TAMS 0x0000000086000000, 0x0000000085f00000| Complete 
|  96|0x0000000086000000, 0x0000000086100000, 0x0000000086100000|100%|HC|  |TAMS 0x0000000086100000, 0x0000000086000000| Complete 
|  97|0x0000000086100000, 0x0000000086200000, 0x0000000086200000|100%|HC|  |TAMS 0x0000000086200000, 0x0000000086100000| Complete 
|  98|0x0000000086200000, 0x0000000086300000, 0x0000000086300000|100%| O|  |TAMS 0x0000000086300000, 0x0000000086200000| Untracked 
|  99|0x0000000086300000, 0x0000000086400000, 0x0000000086400000|100%| O|  |TAMS 0x0000000086400000, 0x0000000086300000| Untracked 
| 100|0x0000000086400000, 0x0000000086500000, 0x0000000086500000|100%| O|  |TAMS 0x0000000086500000, 0x0000000086400000| Untracked 
| 101|0x0000000086500000, 0x0000000086600000, 0x0000000086600000|100%| O|  |TAMS 0x0000000086600000, 0x0000000086500000| Untracked 
| 102|0x0000000086600000, 0x0000000086700000, 0x0000000086700000|100%| O|  |TAMS 0x0000000086700000, 0x0000000086600000| Untracked 
| 103|0x0000000086700000, 0x0000000086800000, 0x0000000086800000|100%| O|  |TAMS 0x0000000086800000, 0x0000000086700000| Untracked 
| 104|0x0000000086800000, 0x0000000086900000, 0x0000000086900000|100%| O|  |TAMS 0x0000000086900000, 0x0000000086800000| Untracked 
| 105|0x0000000086900000, 0x0000000086a00000, 0x0000000086a00000|100%| O|  |TAMS 0x0000000086a00000, 0x0000000086900000| Untracked 
| 106|0x0000000086a00000, 0x0000000086b00000, 0x0000000086b00000|100%| O|  |TAMS 0x0000000086b00000, 0x0000000086a00000| Untracked 
| 107|0x0000000086b00000, 0x0000000086c00000, 0x0000000086c00000|100%| O|  |TAMS 0x0000000086c00000, 0x0000000086b00000| Untracked 
| 108|0x0000000086c00000, 0x0000000086d00000, 0x0000000086d00000|100%| O|  |TAMS 0x0000000086c6ae00, 0x0000000086c00000| Untracked 
| 109|0x0000000086d00000, 0x0000000086e00000, 0x0000000086e00000|100%| O|  |TAMS 0x0000000086e00000, 0x0000000086d00000| Untracked 
| 110|0x0000000086e00000, 0x0000000086f00000, 0x0000000086f00000|100%| O|  |TAMS 0x0000000086e00000, 0x0000000086e00000| Untracked 
| 111|0x0000000086f00000, 0x0000000086f58000, 0x0000000087000000| 34%| O|  |TAMS 0x0000000086f00000, 0x0000000086f00000| Untracked 
| 112|0x0000000087000000, 0x0000000087000000, 0x0000000087100000|  0%| F|  |TAMS 0x0000000087000000, 0x0000000087000000| Untracked 
| 113|0x0000000087100000, 0x0000000087200000, 0x0000000087200000|100%| O|  |TAMS 0x0000000087200000, 0x0000000087100000| Untracked 
| 114|0x0000000087200000, 0x0000000087300000, 0x0000000087300000|100%| O|  |TAMS 0x0000000087300000, 0x0000000087200000| Untracked 
| 115|0x0000000087300000, 0x0000000087300000, 0x0000000087400000|  0%| F|  |TAMS 0x0000000087300000, 0x0000000087300000| Untracked 
| 116|0x0000000087400000, 0x0000000087400000, 0x0000000087500000|  0%| F|  |TAMS 0x0000000087400000, 0x0000000087400000| Untracked 
| 117|0x0000000087500000, 0x0000000087500000, 0x0000000087600000|  0%| F|  |TAMS 0x0000000087500000, 0x0000000087500000| Untracked 
| 118|0x0000000087600000, 0x0000000087600000, 0x0000000087700000|  0%| F|  |TAMS 0x0000000087600000, 0x0000000087600000| Untracked 
| 119|0x0000000087700000, 0x0000000087700000, 0x0000000087800000|  0%| F|  |TAMS 0x0000000087700000, 0x0000000087700000| Untracked 
| 120|0x0000000087800000, 0x0000000087800000, 0x0000000087900000|  0%| F|  |TAMS 0x0000000087800000, 0x0000000087800000| Untracked 
| 121|0x0000000087900000, 0x0000000087900000, 0x0000000087a00000|  0%| F|  |TAMS 0x0000000087900000, 0x0000000087900000| Untracked 
| 122|0x0000000087a00000, 0x0000000087a00000, 0x0000000087b00000|  0%| F|  |TAMS 0x0000000087a00000, 0x0000000087a00000| Untracked 
| 123|0x0000000087b00000, 0x0000000087b00000, 0x0000000087c00000|  0%| F|  |TAMS 0x0000000087b00000, 0x0000000087b00000| Untracked 
| 124|0x0000000087c00000, 0x0000000087c00000, 0x0000000087d00000|  0%| F|  |TAMS 0x0000000087c00000, 0x0000000087c00000| Untracked 
| 125|0x0000000087d00000, 0x0000000087d00000, 0x0000000087e00000|  0%| F|  |TAMS 0x0000000087d00000, 0x0000000087d00000| Untracked 
| 126|0x0000000087e00000, 0x0000000087e00000, 0x0000000087f00000|  0%| F|  |TAMS 0x0000000087e00000, 0x0000000087e00000| Untracked 
| 127|0x0000000087f00000, 0x0000000087f00000, 0x0000000088000000|  0%| F|  |TAMS 0x0000000087f00000, 0x0000000087f00000| Untracked 
| 128|0x0000000088000000, 0x0000000088000000, 0x0000000088100000|  0%| F|  |TAMS 0x0000000088000000, 0x0000000088000000| Untracked 
| 129|0x0000000088100000, 0x0000000088100000, 0x0000000088200000|  0%| F|  |TAMS 0x0000000088100000, 0x0000000088100000| Untracked 
| 130|0x0000000088200000, 0x0000000088200000, 0x0000000088300000|  0%| F|  |TAMS 0x0000000088200000, 0x0000000088200000| Untracked 
| 131|0x0000000088300000, 0x0000000088300000, 0x0000000088400000|  0%| F|  |TAMS 0x0000000088300000, 0x0000000088300000| Untracked 
| 132|0x0000000088400000, 0x0000000088400000, 0x0000000088500000|  0%| F|  |TAMS 0x0000000088400000, 0x0000000088400000| Untracked 
| 133|0x0000000088500000, 0x0000000088500000, 0x0000000088600000|  0%| F|  |TAMS 0x0000000088500000, 0x0000000088500000| Untracked 
| 134|0x0000000088600000, 0x0000000088600000, 0x0000000088700000|  0%| F|  |TAMS 0x0000000088600000, 0x0000000088600000| Untracked 
| 135|0x0000000088700000, 0x0000000088700000, 0x0000000088800000|  0%| F|  |TAMS 0x0000000088700000, 0x0000000088700000| Untracked 
| 136|0x0000000088800000, 0x0000000088800000, 0x0000000088900000|  0%| F|  |TAMS 0x0000000088800000, 0x0000000088800000| Untracked 
| 137|0x0000000088900000, 0x0000000088900000, 0x0000000088a00000|  0%| F|  |TAMS 0x0000000088900000, 0x0000000088900000| Untracked 
| 138|0x0000000088a00000, 0x0000000088a00000, 0x0000000088b00000|  0%| F|  |TAMS 0x0000000088a00000, 0x0000000088a00000| Untracked 
| 139|0x0000000088b00000, 0x0000000088b00000, 0x0000000088c00000|  0%| F|  |TAMS 0x0000000088b00000, 0x0000000088b00000| Untracked 
| 140|0x0000000088c00000, 0x0000000088c00000, 0x0000000088d00000|  0%| F|  |TAMS 0x0000000088c00000, 0x0000000088c00000| Untracked 
| 141|0x0000000088d00000, 0x0000000088d00000, 0x0000000088e00000|  0%| F|  |TAMS 0x0000000088d00000, 0x0000000088d00000| Untracked 
| 142|0x0000000088e00000, 0x0000000088e00000, 0x0000000088f00000|  0%| F|  |TAMS 0x0000000088e00000, 0x0000000088e00000| Untracked 
| 143|0x0000000088f00000, 0x0000000088f00000, 0x0000000089000000|  0%| F|  |TAMS 0x0000000088f00000, 0x0000000088f00000| Untracked 
| 144|0x0000000089000000, 0x0000000089000000, 0x0000000089100000|  0%| F|  |TAMS 0x0000000089000000, 0x0000000089000000| Untracked 
| 145|0x0000000089100000, 0x0000000089100000, 0x0000000089200000|  0%| F|  |TAMS 0x0000000089100000, 0x0000000089100000| Untracked 
| 146|0x0000000089200000, 0x0000000089200000, 0x0000000089300000|  0%| F|  |TAMS 0x0000000089200000, 0x0000000089200000| Untracked 
| 147|0x0000000089300000, 0x0000000089300000, 0x0000000089400000|  0%| F|  |TAMS 0x0000000089300000, 0x0000000089300000| Untracked 
| 148|0x0000000089400000, 0x0000000089400000, 0x0000000089500000|  0%| F|  |TAMS 0x0000000089400000, 0x0000000089400000| Untracked 
| 149|0x0000000089500000, 0x0000000089500000, 0x0000000089600000|  0%| F|  |TAMS 0x0000000089500000, 0x0000000089500000| Untracked 
| 150|0x0000000089600000, 0x0000000089600000, 0x0000000089700000|  0%| F|  |TAMS 0x0000000089600000, 0x0000000089600000| Untracked 
| 151|0x0000000089700000, 0x0000000089700000, 0x0000000089800000|  0%| F|  |TAMS 0x0000000089700000, 0x0000000089700000| Untracked 
| 152|0x0000000089800000, 0x0000000089800000, 0x0000000089900000|  0%| F|  |TAMS 0x0000000089800000, 0x0000000089800000| Untracked 
| 153|0x0000000089900000, 0x0000000089900000, 0x0000000089a00000|  0%| F|  |TAMS 0x0000000089900000, 0x0000000089900000| Untracked 
| 154|0x0000000089a00000, 0x0000000089a00000, 0x0000000089b00000|  0%| F|  |TAMS 0x0000000089a00000, 0x0000000089a00000| Untracked 
| 155|0x0000000089b00000, 0x0000000089b00000, 0x0000000089c00000|  0%| F|  |TAMS 0x0000000089b00000, 0x0000000089b00000| Untracked 
| 156|0x0000000089c00000, 0x0000000089c00000, 0x0000000089d00000|  0%| F|  |TAMS 0x0000000089c00000, 0x0000000089c00000| Untracked 
| 157|0x0000000089d00000, 0x0000000089dfb2c0, 0x0000000089e00000| 98%| S|CS|TAMS 0x0000000089d00000, 0x0000000089d00000| Complete 
| 158|0x0000000089e00000, 0x0000000089f00000, 0x0000000089f00000|100%| S|CS|TAMS 0x0000000089e00000, 0x0000000089e00000| Complete 
| 159|0x0000000089f00000, 0x000000008a000000, 0x000000008a000000|100%| S|CS|TAMS 0x0000000089f00000, 0x0000000089f00000| Complete 
| 160|0x000000008a000000, 0x000000008a000000, 0x000000008a100000|  0%| F|  |TAMS 0x000000008a000000, 0x000000008a000000| Untracked 
| 161|0x000000008a100000, 0x000000008a100000, 0x000000008a200000|  0%| F|  |TAMS 0x000000008a100000, 0x000000008a100000| Untracked 
| 162|0x000000008a200000, 0x000000008a200000, 0x000000008a300000|  0%| F|  |TAMS 0x000000008a200000, 0x000000008a200000| Untracked 
| 163|0x000000008a300000, 0x000000008a300000, 0x000000008a400000|  0%| F|  |TAMS 0x000000008a300000, 0x000000008a300000| Untracked 
| 164|0x000000008a400000, 0x000000008a500000, 0x000000008a500000|100%| S|CS|TAMS 0x000000008a400000, 0x000000008a400000| Complete 
| 165|0x000000008a500000, 0x000000008a600000, 0x000000008a600000|100%| S|CS|TAMS 0x000000008a500000, 0x000000008a500000| Complete 
| 166|0x000000008a600000, 0x000000008a600000, 0x000000008a700000|  0%| F|  |TAMS 0x000000008a600000, 0x000000008a600000| Untracked 
| 167|0x000000008a700000, 0x000000008a700000, 0x000000008a800000|  0%| F|  |TAMS 0x000000008a700000, 0x000000008a700000| Untracked 
| 168|0x000000008a800000, 0x000000008a800000, 0x000000008a900000|  0%| F|  |TAMS 0x000000008a800000, 0x000000008a800000| Untracked 
| 169|0x000000008a900000, 0x000000008a900000, 0x000000008aa00000|  0%| F|  |TAMS 0x000000008a900000, 0x000000008a900000| Untracked 
| 170|0x000000008aa00000, 0x000000008aa00000, 0x000000008ab00000|  0%| F|  |TAMS 0x000000008aa00000, 0x000000008aa00000| Untracked 
| 171|0x000000008ab00000, 0x000000008ab00000, 0x000000008ac00000|  0%| F|  |TAMS 0x000000008ab00000, 0x000000008ab00000| Untracked 
| 172|0x000000008ac00000, 0x000000008ac00000, 0x000000008ad00000|  0%| F|  |TAMS 0x000000008ac00000, 0x000000008ac00000| Untracked 
| 173|0x000000008ad00000, 0x000000008ad00000, 0x000000008ae00000|  0%| F|  |TAMS 0x000000008ad00000, 0x000000008ad00000| Untracked 
| 174|0x000000008ae00000, 0x000000008ae00000, 0x000000008af00000|  0%| F|  |TAMS 0x000000008ae00000, 0x000000008ae00000| Untracked 
| 175|0x000000008af00000, 0x000000008af00000, 0x000000008b000000|  0%| F|  |TAMS 0x000000008af00000, 0x000000008af00000| Untracked 
| 176|0x000000008b000000, 0x000000008b000000, 0x000000008b100000|  0%| F|  |TAMS 0x000000008b000000, 0x000000008b000000| Untracked 
| 177|0x000000008b100000, 0x000000008b100000, 0x000000008b200000|  0%| F|  |TAMS 0x000000008b100000, 0x000000008b100000| Untracked 
| 178|0x000000008b200000, 0x000000008b200000, 0x000000008b300000|  0%| F|  |TAMS 0x000000008b200000, 0x000000008b200000| Untracked 
| 179|0x000000008b300000, 0x000000008b300000, 0x000000008b400000|  0%| F|  |TAMS 0x000000008b300000, 0x000000008b300000| Untracked 
| 180|0x000000008b400000, 0x000000008b400000, 0x000000008b500000|  0%| F|  |TAMS 0x000000008b400000, 0x000000008b400000| Untracked 
| 181|0x000000008b500000, 0x000000008b500000, 0x000000008b600000|  0%| F|  |TAMS 0x000000008b500000, 0x000000008b500000| Untracked 
| 182|0x000000008b600000, 0x000000008b600000, 0x000000008b700000|  0%| F|  |TAMS 0x000000008b600000, 0x000000008b600000| Untracked 
| 183|0x000000008b700000, 0x000000008b700000, 0x000000008b800000|  0%| F|  |TAMS 0x000000008b700000, 0x000000008b700000| Untracked 
| 184|0x000000008b800000, 0x000000008b800000, 0x000000008b900000|  0%| F|  |TAMS 0x000000008b800000, 0x000000008b800000| Untracked 
| 185|0x000000008b900000, 0x000000008b900000, 0x000000008ba00000|  0%| F|  |TAMS 0x000000008b900000, 0x000000008b900000| Untracked 
| 186|0x000000008ba00000, 0x000000008ba00000, 0x000000008bb00000|  0%| F|  |TAMS 0x000000008ba00000, 0x000000008ba00000| Untracked 
| 187|0x000000008bb00000, 0x000000008bb00000, 0x000000008bc00000|  0%| F|  |TAMS 0x000000008bb00000, 0x000000008bb00000| Untracked 
| 188|0x000000008bc00000, 0x000000008bc00000, 0x000000008bd00000|  0%| F|  |TAMS 0x000000008bc00000, 0x000000008bc00000| Untracked 
| 189|0x000000008bd00000, 0x000000008bd00000, 0x000000008be00000|  0%| F|  |TAMS 0x000000008bd00000, 0x000000008bd00000| Untracked 
| 190|0x000000008be00000, 0x000000008be00000, 0x000000008bf00000|  0%| F|  |TAMS 0x000000008be00000, 0x000000008be00000| Untracked 
| 191|0x000000008bf00000, 0x000000008bf00000, 0x000000008c000000|  0%| F|  |TAMS 0x000000008bf00000, 0x000000008bf00000| Untracked 
| 192|0x000000008c000000, 0x000000008c000000, 0x000000008c100000|  0%| F|  |TAMS 0x000000008c000000, 0x000000008c000000| Untracked 
| 193|0x000000008c100000, 0x000000008c100000, 0x000000008c200000|  0%| F|  |TAMS 0x000000008c100000, 0x000000008c100000| Untracked 
| 194|0x000000008c200000, 0x000000008c200000, 0x000000008c300000|  0%| F|  |TAMS 0x000000008c200000, 0x000000008c200000| Untracked 
| 195|0x000000008c300000, 0x000000008c300000, 0x000000008c400000|  0%| F|  |TAMS 0x000000008c300000, 0x000000008c300000| Untracked 
| 196|0x000000008c400000, 0x000000008c400000, 0x000000008c500000|  0%| F|  |TAMS 0x000000008c400000, 0x000000008c400000| Untracked 
| 197|0x000000008c500000, 0x000000008c500000, 0x000000008c600000|  0%| F|  |TAMS 0x000000008c500000, 0x000000008c500000| Untracked 
| 198|0x000000008c600000, 0x000000008c600000, 0x000000008c700000|  0%| F|  |TAMS 0x000000008c600000, 0x000000008c600000| Untracked 
| 199|0x000000008c700000, 0x000000008c700000, 0x000000008c800000|  0%| F|  |TAMS 0x000000008c700000, 0x000000008c700000| Untracked 
| 200|0x000000008c800000, 0x000000008c800000, 0x000000008c900000|  0%| F|  |TAMS 0x000000008c800000, 0x000000008c800000| Untracked 
| 201|0x000000008c900000, 0x000000008c900000, 0x000000008ca00000|  0%| F|  |TAMS 0x000000008c900000, 0x000000008c900000| Untracked 
| 202|0x000000008ca00000, 0x000000008ca00000, 0x000000008cb00000|  0%| F|  |TAMS 0x000000008ca00000, 0x000000008ca00000| Untracked 
| 203|0x000000008cb00000, 0x000000008cb00000, 0x000000008cc00000|  0%| F|  |TAMS 0x000000008cb00000, 0x000000008cb00000| Untracked 
| 204|0x000000008cc00000, 0x000000008cc00000, 0x000000008cd00000|  0%| F|  |TAMS 0x000000008cc00000, 0x000000008cc00000| Untracked 

Card table byte_map: [0x000002ca79740000,0x000002ca79b40000] _byte_map_base: 0x000002ca79340000

Marking Bits (Prev, Next): (CMBitMap*) 0x000002ca64a5f508, (CMBitMap*) 0x000002ca64a5f540
 Prev Bits: [0x000002ca79f40000, 0x000002ca7bf40000)
 Next Bits: [0x000002ca7bf40000, 0x000002ca7df40000)

Polling page: 0x000002ca69cf0000

Metaspace:

Usage:
  Non-class:     73.04 MB capacity,    71.78 MB ( 98%) used,     1.04 MB (  1%) free+waste,   223.62 KB ( <1%) overhead. 
      Class:     11.49 MB capacity,    10.62 MB ( 92%) used,   784.90 KB (  7%) free+waste,   105.00 KB ( <1%) overhead. 
       Both:     84.53 MB capacity,    82.40 MB ( 97%) used,     1.80 MB (  2%) free+waste,   328.62 KB ( <1%) overhead. 

Virtual space:
  Non-class space:       74.00 MB reserved,      73.17 MB ( 99%) committed 
      Class space:        1.00 GB reserved,      11.57 MB (  1%) committed 
             Both:        1.07 GB reserved,      84.75 MB (  8%) committed 

Chunk freelists:
   Non-Class:  8.00 KB
       Class:  12.00 KB
        Both:  20.00 KB

MaxMetaspaceSize: 17179869184.00 GB
CompressedClassSpaceSize: 1.00 GB
Initial GC threshold: 20.80 MB
Current GC threshold: 136.25 MB
CDS: off

CodeHeap 'non-profiled nmethods': size=120064Kb used=4909Kb max_used=4909Kb free=115154Kb
 bounds [0x000002ca717d0000, 0x000002ca71ca0000, 0x000002ca78d10000]
CodeHeap 'profiled nmethods': size=120000Kb used=18162Kb max_used=18162Kb free=101837Kb
 bounds [0x000002ca6a2a0000, 0x000002ca6b460000, 0x000002ca717d0000]
CodeHeap 'non-nmethods': size=5696Kb used=2398Kb max_used=2428Kb free=3297Kb
 bounds [0x000002ca69d10000, 0x000002ca69f80000, 0x000002ca6a2a0000]
 total_blobs=9645 nmethods=8717 adapters=839
 compilation: enabled
              stopped_count=0, restarted_count=0
 full_count=0

Compilation events (20 events):
Event: 33.183 Thread 0x000002ca0062a800 8854       1       org.gradle.api.internal.DefaultNamedDomainObjectCollection::getInstantiator (5 bytes)
Event: 33.183 Thread 0x000002ca0062a800 nmethod 8854 0x000002ca71c9ab90 code [0x000002ca71c9ad40, 0x000002ca71c9adf8]
Event: 33.184 Thread 0x000002ca0062a800 8855       1       com.android.build.api.artifact.impl.TypedStorageProvider::access$getPropertyAllocator$p (5 bytes)
Event: 33.184 Thread 0x000002ca0062a800 nmethod 8855 0x000002ca71c9ae90 code [0x000002ca71c9b040, 0x000002ca71c9b0d8]
Event: 33.186 Thread 0x000002ca0062a800 8856       3       com.google.common.collect.ImmutableSet$Builder::addAll (8 bytes)
Event: 33.187 Thread 0x000002ca0062a800 nmethod 8856 0x000002ca6b459110 code [0x000002ca6b459320, 0x000002ca6b459838]
Event: 33.207 Thread 0x000002ca0062a800 8858       3       org.gradle.api.internal.file.DefaultFilePropertyFactory$AbstractFileVar::<init> (7 bytes)
Event: 33.208 Thread 0x000002ca0062a800 nmethod 8858 0x000002ca6b459a10 code [0x000002ca6b459c80, 0x000002ca6b45a8a8]
Event: 33.213 Thread 0x000002ca0062a800 8859       3       org.gradle.internal.ImmutableActionSet::mergeFrom (37 bytes)
Event: 33.213 Thread 0x000002ca0062a800 nmethod 8859 0x000002ca6b45ac90 code [0x000002ca6b45ae80, 0x000002ca6b45b2e8]
Event: 33.218 Thread 0x000002ca0062a800 8860       3       org.gradle.api.internal.provider.AbstractProviderWithValue::<init> (5 bytes)
Event: 33.219 Thread 0x000002ca0062a800 nmethod 8860 0x000002ca6b45b410 code [0x000002ca6b45b5c0, 0x000002ca6b45b778]
Event: 33.219 Thread 0x000002ca0062a800 8861       3       org.gradle.internal.ImmutableActionSet$SetWithManyActions::unpackInto (10 bytes)
Event: 33.219 Thread 0x000002ca0062a800 nmethod 8861 0x000002ca6b45b890 code [0x000002ca6b45ba40, 0x000002ca6b45bc08]
Event: 33.223 Thread 0x000002ca0062a800 8862       1       com.android.build.api.artifact.impl.ArtifactContainer::getCurrent$gradle_core (5 bytes)
Event: 33.223 Thread 0x000002ca0062a800 nmethod 8862 0x000002ca71c9b190 code [0x000002ca71c9b340, 0x000002ca71c9b3f8]
Event: 33.225 Thread 0x000002ca0062a800 8863       3       java.lang.invoke.LambdaForm$MH/0x0000000100267440::linkToTargetMethod (15 bytes)
Event: 33.225 Thread 0x000002ca0062a800 nmethod 8863 0x000002ca6b45bd10 code [0x000002ca6b45bee0, 0x000002ca6b45c318]
Event: 33.229 Thread 0x000002ca0062a800 8864       3       org.gradle.api.internal.provider.Providers$FixedValueProvider::<init> (10 bytes)
Event: 33.229 Thread 0x000002ca0062a800 nmethod 8864 0x000002ca6b45c410 code [0x000002ca6b45c5e0, 0x000002ca6b45c858]

GC Heap History (20 events):
Event: 30.127 GC heap after
{Heap after GC invocations=59 (full 0):
 garbage-first heap   total 133120K, used 108154K [0x0000000080000000, 0x0000000100000000)
  region size 1024K, 1 young (1024K), 1 survivors (1024K)
 Metaspace       used 70021K, capacity 71858K, committed 72060K, reserved 1112064K
  class space    used 8915K, capacity 9622K, committed 9676K, reserved 1048576K
}
Event: 30.246 GC heap before
{Heap before GC invocations=59 (full 0):
 garbage-first heap   total 133120K, used 115322K [0x0000000080000000, 0x0000000100000000)
  region size 1024K, 8 young (8192K), 1 survivors (1024K)
 Metaspace       used 70664K, capacity 72519K, committed 72700K, reserved 1112064K
  class space    used 9015K, capacity 9781K, committed 9804K, reserved 1048576K
}
Event: 30.248 GC heap after
{Heap after GC invocations=60 (full 0):
 garbage-first heap   total 133120K, used 108497K [0x0000000080000000, 0x0000000100000000)
  region size 1024K, 1 young (1024K), 1 survivors (1024K)
 Metaspace       used 70664K, capacity 72519K, committed 72700K, reserved 1112064K
  class space    used 9015K, capacity 9781K, committed 9804K, reserved 1048576K
}
Event: 30.356 GC heap before
{Heap before GC invocations=60 (full 0):
 garbage-first heap   total 133120K, used 114641K [0x0000000080000000, 0x0000000100000000)
  region size 1024K, 7 young (7168K), 1 survivors (1024K)
 Metaspace       used 71201K, capacity 73139K, committed 73340K, reserved 1112064K
  class space    used 9110K, capacity 9864K, committed 9932K, reserved 1048576K
}
Event: 30.360 GC heap after
{Heap after GC invocations=61 (full 0):
 garbage-first heap   total 159744K, used 108651K [0x0000000080000000, 0x0000000100000000)
  region size 1024K, 1 young (1024K), 1 survivors (1024K)
 Metaspace       used 71201K, capacity 73139K, committed 73340K, reserved 1112064K
  class space    used 9110K, capacity 9864K, committed 9932K, reserved 1048576K
}
Event: 30.633 GC heap before
{Heap before GC invocations=62 (full 0):
 garbage-first heap   total 159744K, used 120939K [0x0000000080000000, 0x0000000100000000)
  region size 1024K, 15 young (15360K), 1 survivors (1024K)
 Metaspace       used 73137K, capacity 75062K, committed 75388K, reserved 1114112K
  class space    used 9354K, capacity 10117K, committed 10188K, reserved 1048576K
}
Event: 30.639 GC heap after
{Heap after GC invocations=63 (full 0):
 garbage-first heap   total 159744K, used 110388K [0x0000000080000000, 0x0000000100000000)
  region size 1024K, 3 young (3072K), 3 survivors (3072K)
 Metaspace       used 73137K, capacity 75062K, committed 75388K, reserved 1114112K
  class space    used 9354K, capacity 10117K, committed 10188K, reserved 1048576K
}
Event: 30.836 GC heap before
{Heap before GC invocations=64 (full 0):
 garbage-first heap   total 159744K, used 132916K [0x0000000080000000, 0x0000000100000000)
  region size 1024K, 19 young (19456K), 3 survivors (3072K)
 Metaspace       used 73445K, capacity 75305K, committed 75388K, reserved 1114112K
  class space    used 9404K, capacity 10152K, committed 10188K, reserved 1048576K
}
Event: 30.843 GC heap after
{Heap after GC invocations=65 (full 0):
 garbage-first heap   total 159744K, used 112271K [0x0000000080000000, 0x0000000100000000)
  region size 1024K, 3 young (3072K), 3 survivors (3072K)
 Metaspace       used 73445K, capacity 75305K, committed 75388K, reserved 1114112K
  class space    used 9404K, capacity 10152K, committed 10188K, reserved 1048576K
}
Event: 31.053 GC heap before
{Heap before GC invocations=65 (full 0):
 garbage-first heap   total 159744K, used 127631K [0x0000000080000000, 0x0000000100000000)
  region size 1024K, 19 young (19456K), 3 survivors (3072K)
 Metaspace       used 75074K, capacity 77003K, committed 77180K, reserved 1116160K
  class space    used 9598K, capacity 10348K, committed 10444K, reserved 1048576K
}
Event: 31.058 GC heap after
{Heap after GC invocations=66 (full 0):
 garbage-first heap   total 159744K, used 113420K [0x0000000080000000, 0x0000000100000000)
  region size 1024K, 2 young (2048K), 2 survivors (2048K)
 Metaspace       used 75074K, capacity 77003K, committed 77180K, reserved 1116160K
  class space    used 9598K, capacity 10348K, committed 10444K, reserved 1048576K
}
Event: 31.256 GC heap before
{Heap before GC invocations=67 (full 0):
 garbage-first heap   total 159744K, used 129804K [0x0000000080000000, 0x0000000100000000)
  region size 1024K, 18 young (18432K), 2 survivors (2048K)
 Metaspace       used 75979K, capacity 77903K, committed 78076K, reserved 1116160K
  class space    used 9708K, capacity 10454K, committed 10572K, reserved 1048576K
}
Event: 31.261 GC heap after
{Heap after GC invocations=68 (full 0):
 garbage-first heap   total 209920K, used 114210K [0x0000000080000000, 0x0000000100000000)
  region size 1024K, 2 young (2048K), 2 survivors (2048K)
 Metaspace       used 75979K, capacity 77903K, committed 78076K, reserved 1116160K
  class space    used 9708K, capacity 10454K, committed 10572K, reserved 1048576K
}
Event: 31.396 GC heap before
{Heap before GC invocations=68 (full 0):
 garbage-first heap   total 209920K, used 125474K [0x0000000080000000, 0x0000000100000000)
  region size 1024K, 14 young (14336K), 2 survivors (2048K)
 Metaspace       used 76959K, capacity 78937K, committed 79228K, reserved 1118208K
  class space    used 9849K, capacity 10584K, committed 10700K, reserved 1048576K
}
Event: 31.401 GC heap after
{Heap after GC invocations=69 (full 0):
 garbage-first heap   total 209920K, used 115000K [0x0000000080000000, 0x0000000100000000)
  region size 1024K, 3 young (3072K), 3 survivors (3072K)
 Metaspace       used 76959K, capacity 78937K, committed 79228K, reserved 1118208K
  class space    used 9849K, capacity 10584K, committed 10700K, reserved 1048576K
}
Event: 32.188 GC heap before
{Heap before GC invocations=70 (full 0):
 garbage-first heap   total 209920K, used 151864K [0x0000000080000000, 0x0000000100000000)
  region size 1024K, 38 young (38912K), 3 survivors (3072K)
 Metaspace       used 80557K, capacity 82669K, committed 82812K, reserved 1120256K
  class space    used 10294K, capacity 11134K, committed 11212K, reserved 1048576K
}
Event: 32.194 GC heap after
{Heap after GC invocations=71 (full 0):
 garbage-first heap   total 209920K, used 116185K [0x0000000080000000, 0x0000000100000000)
  region size 1024K, 3 young (3072K), 3 survivors (3072K)
 Metaspace       used 80557K, capacity 82669K, committed 82812K, reserved 1120256K
  class space    used 10294K, capacity 11134K, committed 11212K, reserved 1048576K
}
Event: 32.508 GC heap before
{Heap before GC invocations=71 (full 0):
 garbage-first heap   total 209920K, used 154073K [0x0000000080000000, 0x0000000100000000)
  region size 1024K, 40 young (40960K), 3 survivors (3072K)
 Metaspace       used 81027K, capacity 83203K, committed 83452K, reserved 1122304K
  class space    used 10354K, capacity 11247K, committed 11340K, reserved 1048576K
}
Event: 32.517 GC heap after
{Heap after GC invocations=72 (full 0):
 garbage-first heap   total 209920K, used 119007K [0x0000000080000000, 0x0000000100000000)
  region size 1024K, 5 young (5120K), 5 survivors (5120K)
 Metaspace       used 81027K, capacity 83203K, committed 83452K, reserved 1122304K
  class space    used 10354K, capacity 11247K, committed 11340K, reserved 1048576K
}
Event: 33.230 GC heap before
{Heap before GC invocations=73 (full 0):
 garbage-first heap   total 209920K, used 157919K [0x0000000080000000, 0x0000000100000000)
  region size 1024K, 43 young (44032K), 5 survivors (5120K)
 Metaspace       used 84380K, capacity 86556K, committed 86780K, reserved 1124352K
  class space    used 10874K, capacity 11764K, committed 11852K, reserved 1048576K
}

Deoptimization events (20 events):
Event: 31.779 Thread 0x000002ca03225800 DEOPT PACKING pc=0x000002ca71bf9e4c sp=0x000000f5313f7b90
Event: 31.779 Thread 0x000002ca03225800 DEOPT UNPACKING pc=0x000002ca69d5a1af sp=0x000000f5313f7b08 mode 2
Event: 31.855 Thread 0x000002ca03225800 Uncommon trap: trap_request=0xffffff4d fr.pc=0x000002ca718a0498 relative=0x0000000000000078
Event: 31.855 Thread 0x000002ca03225800 Uncommon trap: reason=unstable_if action=reinterpret pc=0x000002ca718a0498 method=java.lang.Integer.stringSize(I)I @ 19 c2
Event: 31.855 Thread 0x000002ca03225800 DEOPT PACKING pc=0x000002ca718a0498 sp=0x000000f5313f80c0
Event: 31.855 Thread 0x000002ca03225800 DEOPT UNPACKING pc=0x000002ca69d5a1af sp=0x000000f5313f8038 mode 2
Event: 32.242 Thread 0x000002ca03225800 DEOPT PACKING pc=0x000002ca6abc4366 sp=0x000000f5313f6e30
Event: 32.243 Thread 0x000002ca03225800 DEOPT UNPACKING pc=0x000002ca69d5a95e sp=0x000000f5313f6368 mode 0
Event: 32.377 Thread 0x000002ca03225800 Uncommon trap: trap_request=0xffffff4d fr.pc=0x000002ca7196e900 relative=0x0000000000000340
Event: 32.377 Thread 0x000002ca03225800 Uncommon trap: reason=unstable_if action=reinterpret pc=0x000002ca7196e900 method=java.util.StringJoiner.add(Ljava/lang/CharSequence;)Ljava/util/StringJoiner; @ 33 c2
Event: 32.377 Thread 0x000002ca03225800 DEOPT PACKING pc=0x000002ca7196e900 sp=0x000000f5313f4820
Event: 32.377 Thread 0x000002ca03225800 DEOPT UNPACKING pc=0x000002ca69d5a1af sp=0x000000f5313f47d0 mode 2
Event: 32.882 Thread 0x000002ca03225800 DEOPT PACKING pc=0x000002ca6aef5198 sp=0x000000f5313f5990
Event: 32.882 Thread 0x000002ca03225800 DEOPT UNPACKING pc=0x000002ca69d5a95e sp=0x000000f5313f4e90 mode 0
Event: 33.158 Thread 0x000002ca03225800 DEOPT PACKING pc=0x000002ca6aef5198 sp=0x000000f5313f7a90
Event: 33.158 Thread 0x000002ca03225800 DEOPT UNPACKING pc=0x000002ca69d5a95e sp=0x000000f5313f6f90 mode 0
Event: 33.195 Thread 0x000002ca03225800 Uncommon trap: trap_request=0xffffff4d fr.pc=0x000002ca71ae3bac relative=0x000000000000024c
Event: 33.195 Thread 0x000002ca03225800 Uncommon trap: reason=unstable_if action=reinterpret pc=0x000002ca71ae3bac method=java.io.WinNTFileSystem.prefixLength(Ljava/lang/String;)I @ 11 c2
Event: 33.195 Thread 0x000002ca03225800 DEOPT PACKING pc=0x000002ca71ae3bac sp=0x000000f5313f8400
Event: 33.195 Thread 0x000002ca03225800 DEOPT UNPACKING pc=0x000002ca69d5a1af sp=0x000000f5313f8390 mode 2

Classes redefined (0 events):
No events

Internal exceptions (20 events):
Event: 32.547 Thread 0x000002ca03225800 Exception <a 'java/lang/ClassNotFoundException'{0x000000008c820148}: com/android/build/gradle/internal/dsl/BuildTypeBeanInfo> (0x000000008c820148) thrown at [src/hotspot/share/classfile/systemDictionary.cpp, line 230]
Event: 32.548 Thread 0x000002ca03225800 Exception <a 'java/lang/ClassNotFoundException'{0x000000008c83e7d8}: com/android/builder/core/AbstractBuildTypeBeanInfo> (0x000000008c83e7d8) thrown at [src/hotspot/share/classfile/systemDictionary.cpp, line 230]
Event: 32.548 Thread 0x000002ca03225800 Exception <a 'java/lang/ClassNotFoundException'{0x000000008c85d4c0}: com/android/builder/core/AbstractBuildTypeCustomizer> (0x000000008c85d4c0) thrown at [src/hotspot/share/classfile/systemDictionary.cpp, line 230]
Event: 32.550 Thread 0x000002ca03225800 Exception <a 'java/lang/ClassNotFoundException'{0x000000008c899000}: com/android/build/gradle/internal/dsl/BuildTypeCustomizer> (0x000000008c899000) thrown at [src/hotspot/share/classfile/systemDictionary.cpp, line 230]
Event: 32.555 Thread 0x000002ca03225800 Exception <a 'java/lang/ClassNotFoundException'{0x000000008c732fc0}: com/android/build/gradle/internal/dsl/BuildType$AgpDecoratedCustomizer> (0x000000008c732fc0) thrown at [src/hotspot/share/classfile/systemDictionary.cpp, line 230]
Event: 32.557 Thread 0x000002ca03225800 Exception <a 'java/lang/ClassNotFoundException'{0x000000008c7981f8}: com/android/build/gradle/internal/dsl/BuildType$AgpDecorated_DecoratedCustomizer> (0x000000008c7981f8) thrown at [src/hotspot/share/classfile/systemDictionary.cpp, line 230]
Event: 32.565 Thread 0x000002ca03225800 Exception <a 'java/lang/ClassNotFoundException'{0x000000008c674378}: build_56d2s606339j3quk5gqpvxki5$_run_closure1$_closure4BeanInfo> (0x000000008c674378) thrown at [src/hotspot/share/classfile/systemDictionary.cpp, line 230]
Event: 32.570 Thread 0x000002ca03225800 Exception <a 'java/lang/ClassNotFoundException'{0x000000008c688cc0}: build_56d2s606339j3quk5gqpvxki5$_run_closure1$_closure4Customizer> (0x000000008c688cc0) thrown at [src/hotspot/share/classfile/systemDictionary.cpp, line 230]
Event: 32.578 Thread 0x000002ca03225800 Exception <a 'java/lang/ClassNotFoundException'{0x000000008c6b5400}: build_56d2s606339j3quk5gqpvxki5$_run_closure1BeanInfo> (0x000000008c6b5400) thrown at [src/hotspot/share/classfile/systemDictionary.cpp, line 230]
Event: 32.579 Thread 0x000002ca03225800 Exception <a 'java/lang/ClassNotFoundException'{0x000000008c6c8ec8}: build_56d2s606339j3quk5gqpvxki5$_run_closure1Customizer> (0x000000008c6c8ec8) thrown at [src/hotspot/share/classfile/systemDictionary.cpp, line 230]
Event: 32.588 Thread 0x000002ca03225800 Exception <a 'java/lang/ClassNotFoundException'{0x000000008c5333b0}: org/gradle/api/JavaVersionBeanInfo> (0x000000008c5333b0) thrown at [src/hotspot/share/classfile/systemDictionary.cpp, line 230]
Event: 32.589 Thread 0x000002ca03225800 Exception <a 'java/lang/ClassNotFoundException'{0x000000008c565bf0}: org/gradle/api/JavaVersionCustomizer> (0x000000008c565bf0) thrown at [src/hotspot/share/classfile/systemDictionary.cpp, line 230]
Event: 32.595 Thread 0x000002ca03225800 Exception <a 'java/lang/ClassNotFoundException'{0x000000008c5d5720}: com/android/build/gradle/internal/CompileOptions$AgpDecorated_DecoratedBeanInfo> (0x000000008c5d5720) thrown at [src/hotspot/share/classfile/systemDictionary.cpp, line 230]
Event: 32.595 Thread 0x000002ca03225800 Exception <a 'java/lang/ClassNotFoundException'{0x000000008c5f63c0}: com/android/build/gradle/internal/CompileOptions$AgpDecoratedBeanInfo> (0x000000008c5f63c0) thrown at [src/hotspot/share/classfile/systemDictionary.cpp, line 230]
Event: 32.596 Thread 0x000002ca03225800 Exception <a 'java/lang/ClassNotFoundException'{0x000000008c414c50}: com/android/build/gradle/internal/CompileOptionsBeanInfo> (0x000000008c414c50) thrown at [src/hotspot/share/classfile/systemDictionary.cpp, line 230]
Event: 32.596 Thread 0x000002ca03225800 Exception <a 'java/lang/ClassNotFoundException'{0x000000008c4336b0}: com/android/build/gradle/internal/CompileOptionsCustomizer> (0x000000008c4336b0) thrown at [src/hotspot/share/classfile/systemDictionary.cpp, line 230]
Event: 32.597 Thread 0x000002ca03225800 Exception <a 'java/lang/ClassNotFoundException'{0x000000008c460788}: com/android/build/gradle/internal/CompileOptions$AgpDecoratedCustomizer> (0x000000008c460788) thrown at [src/hotspot/share/classfile/systemDictionary.cpp, line 230]
Event: 32.599 Thread 0x000002ca03225800 Exception <a 'java/lang/ClassNotFoundException'{0x000000008c491660}: com/android/build/gradle/internal/CompileOptions$AgpDecorated_DecoratedCustomizer> (0x000000008c491660) thrown at [src/hotspot/share/classfile/systemDictionary.cpp, line 230]
Event: 32.604 Thread 0x000002ca03225800 Exception <a 'java/lang/ClassNotFoundException'{0x000000008c31ea30}: org/jetbrains/kotlin/gradle/plugin/AndroidProjectHandler$configureTarget$kotlinOptions$1BeanInfo> (0x000000008c31ea30) thrown at [src/hotspot/share/classfile/systemDictionary.cpp, line 230]
Event: 32.605 Thread 0x000002ca03225800 Exception <a 'java/lang/ClassNotFoundException'{0x000000008c344c68}: org/jetbrains/kotlin/gradle/plugin/AndroidProjectHandler$configureTarget$kotlinOptions$1Customizer> (0x000000008c344c68) thrown at [src/hotspot/share/classfile/systemDictionary.cpp, line 230]

Events (20 events):
Event: 33.225 loading class com/google/common/collect/Sets$2$1 done
Event: 33.225 loading class com/android/build/gradle/internal/tasks/DexArchiveBuilderTask$CreationAction
Event: 33.225 loading class com/android/build/gradle/internal/tasks/DexArchiveBuilderTask$CreationAction done
Event: 33.227 loading class com/android/build/gradle/internal/tasks/DexArchiveBuilderTask
Event: 33.227 loading class com/android/build/gradle/internal/tasks/DexArchiveBuilderTask done
Event: 33.228 loading class com/android/build/gradle/internal/tasks/DexArchiveBuilderTask$CreationAction$handleProvider$1
Event: 33.228 loading class com/android/build/gradle/internal/tasks/DexArchiveBuilderTask$CreationAction$handleProvider$1 done
Event: 33.229 loading class com/android/build/gradle/internal/tasks/DexArchiveBuilderTask$CreationAction$handleProvider$2
Event: 33.229 loading class com/android/build/gradle/internal/tasks/DexArchiveBuilderTask$CreationAction$handleProvider$2 done
Event: 33.229 loading class com/android/build/gradle/internal/tasks/DexArchiveBuilderTask$CreationAction$handleProvider$3
Event: 33.229 loading class com/android/build/gradle/internal/tasks/DexArchiveBuilderTask$CreationAction$handleProvider$3 done
Event: 33.229 loading class com/android/build/gradle/internal/tasks/DexArchiveBuilderTask$CreationAction$handleProvider$4
Event: 33.229 loading class com/android/build/gradle/internal/tasks/DexArchiveBuilderTask$CreationAction$handleProvider$4 done
Event: 33.230 loading class com/android/build/gradle/internal/tasks/DexArchiveBuilderTask$CreationAction$handleProvider$5
Event: 33.230 loading class com/android/build/gradle/internal/tasks/DexArchiveBuilderTask$CreationAction$handleProvider$5 done
Event: 33.230 loading class com/android/build/gradle/internal/tasks/DexArchiveBuilderTask$CreationAction$handleProvider$6
Event: 33.230 loading class com/android/build/gradle/internal/tasks/DexArchiveBuilderTask$CreationAction$handleProvider$6 done
Event: 33.230 loading class com/android/build/gradle/internal/tasks/DexArchiveBuilderTask$CreationAction$handleProvider$7
Event: 33.230 loading class com/android/build/gradle/internal/tasks/DexArchiveBuilderTask$CreationAction$handleProvider$7 done
Event: 33.230 Executing VM operation: G1CollectForAllocation


Dynamic libraries:
0x00007ff669630000 - 0x00007ff66963a000 	C:\Program Files\Android\Android Studio\jbr\bin\java.exe
0x00007ff852b30000 - 0x00007ff852d44000 	C:\WINDOWS\SYSTEM32\ntdll.dll
0x00007ff852a00000 - 0x00007ff852ac2000 	C:\WINDOWS\System32\KERNEL32.DLL
0x00007ff84ff30000 - 0x00007ff8502d3000 	C:\WINDOWS\System32\KERNELBASE.dll
0x00007ff8502e0000 - 0x00007ff8503f1000 	C:\WINDOWS\System32\ucrtbase.dll
0x00007ff84c430000 - 0x00007ff84c447000 	C:\Program Files\Android\Android Studio\jbr\bin\jli.dll
0x00007ff84be00000 - 0x00007ff84be1b000 	C:\Program Files\Android\Android Studio\jbr\bin\VCRUNTIME140.dll
0x00007ff852850000 - 0x00007ff8529fb000 	C:\WINDOWS\System32\USER32.dll
0x00007ff850700000 - 0x00007ff850726000 	C:\WINDOWS\System32\win32u.dll
0x00007ff851d50000 - 0x00007ff851d79000 	C:\WINDOWS\System32\GDI32.dll
0x00007ff850400000 - 0x00007ff850519000 	C:\WINDOWS\System32\gdi32full.dll
0x00007ff850520000 - 0x00007ff8505ba000 	C:\WINDOWS\System32\msvcp_win.dll
0x00007ff83fc50000 - 0x00007ff83fede000 	C:\WINDOWS\WinSxS\amd64_microsoft.windows.common-controls_6595b64144ccf1df_6.0.22621.1635_none_270f70857386168e\COMCTL32.dll
0x00007ff8514a0000 - 0x00007ff851547000 	C:\WINDOWS\System32\msvcrt.dll
0x00007ff852290000 - 0x00007ff8522c1000 	C:\WINDOWS\System32\IMM32.DLL
0x00007ff84cfc0000 - 0x00007ff84cfcc000 	C:\Program Files\Android\Android Studio\jbr\bin\vcruntime140_1.dll
0x00007ff84b140000 - 0x00007ff84b1cd000 	C:\Program Files\Android\Android Studio\jbr\bin\msvcp140.dll
0x00007ffff8f90000 - 0x00007ffff9b4c000 	C:\Program Files\Android\Android Studio\jbr\bin\server\jvm.dll
0x00007ff8521e0000 - 0x00007ff85228e000 	C:\WINDOWS\System32\ADVAPI32.dll
0x00007ff851e60000 - 0x00007ff851f04000 	C:\WINDOWS\System32\sechost.dll
0x00007ff8512a0000 - 0x00007ff8513b7000 	C:\WINDOWS\System32\RPCRT4.dll
0x00007ff852840000 - 0x00007ff852848000 	C:\WINDOWS\System32\PSAPI.DLL
0x00007ff84cf60000 - 0x00007ff84cf69000 	C:\WINDOWS\SYSTEM32\WSOCK32.dll
0x00007ff845990000 - 0x00007ff8459c4000 	C:\WINDOWS\SYSTEM32\WINMM.dll
0x00007ff8523d0000 - 0x00007ff852441000 	C:\WINDOWS\System32\WS2_32.dll
0x00007ff846d40000 - 0x00007ff846d4a000 	C:\WINDOWS\SYSTEM32\VERSION.dll
0x00007ff84ef80000 - 0x00007ff84ef98000 	C:\WINDOWS\SYSTEM32\kernel.appcore.dll
0x00007ff84dca0000 - 0x00007ff84dcb0000 	C:\Program Files\Android\Android Studio\jbr\bin\verify.dll
0x00007ff84a8c0000 - 0x00007ff84aaee000 	C:\WINDOWS\SYSTEM32\DBGHELP.DLL
0x00007ff852450000 - 0x00007ff8527d9000 	C:\WINDOWS\System32\combase.dll
0x00007ff851d80000 - 0x00007ff851e57000 	C:\WINDOWS\System32\OLEAUT32.dll
0x00007ff845710000 - 0x00007ff845742000 	C:\WINDOWS\SYSTEM32\dbgcore.DLL
0x00007ff850680000 - 0x00007ff8506fb000 	C:\WINDOWS\System32\bcryptPrimitives.dll
0x00007ff84dc10000 - 0x00007ff84dc38000 	C:\Program Files\Android\Android Studio\jbr\bin\java.dll
0x00007ff84dc60000 - 0x00007ff84dc6a000 	C:\Program Files\Android\Android Studio\jbr\bin\jimage.dll
0x00007ff84d8a0000 - 0x00007ff84d8b8000 	C:\Program Files\Android\Android Studio\jbr\bin\zip.dll
0x00007ff850990000 - 0x00007ff85118a000 	C:\WINDOWS\System32\SHELL32.dll
0x00007ff84ddc0000 - 0x00007ff84e68e000 	C:\WINDOWS\SYSTEM32\windows.storage.dll
0x00007ff84e6c0000 - 0x00007ff84e7fe000 	C:\WINDOWS\SYSTEM32\wintypes.dll
0x00007ff851f20000 - 0x00007ff852011000 	C:\WINDOWS\System32\SHCORE.dll
0x00007ff8527e0000 - 0x00007ff85283e000 	C:\WINDOWS\System32\shlwapi.dll
0x00007ff84fe60000 - 0x00007ff84fe81000 	C:\WINDOWS\SYSTEM32\profapi.dll
0x00007ff84d880000 - 0x00007ff84d899000 	C:\Program Files\Android\Android Studio\jbr\bin\net.dll
0x00007ff845fb0000 - 0x00007ff8460e7000 	C:\WINDOWS\SYSTEM32\WINHTTP.dll
0x00007ff84f3f0000 - 0x00007ff84f459000 	C:\WINDOWS\system32\mswsock.dll
0x00007ff84d220000 - 0x00007ff84d233000 	C:\Program Files\Android\Android Studio\jbr\bin\nio.dll
0x00007ff84bd00000 - 0x00007ff84bd27000 	C:\Users\YASASVI HIMAYA\.gradle\native\e1d6ef7f7dcc3fd88c89a11ec53ec762bb8ba0a96d01ffa2cd45eb1d1d8dd5c5\windows-amd64\native-platform.dll
0x00007ff825990000 - 0x00007ff825ad4000 	C:\Users\YASASVI HIMAYA\.gradle\native\0d407fdbe67a94daf76414ababcb853783967236a71b16ec16e742cd7a986fd3\windows-amd64\native-platform-file-events.dll
0x00007ff84d310000 - 0x00007ff84d31a000 	C:\Program Files\Android\Android Studio\jbr\bin\management.dll
0x00007ff84d200000 - 0x00007ff84d20b000 	C:\Program Files\Android\Android Studio\jbr\bin\management_ext.dll
0x00007ff84f650000 - 0x00007ff84f66b000 	C:\WINDOWS\SYSTEM32\CRYPTSP.dll
0x00007ff84eef0000 - 0x00007ff84ef25000 	C:\WINDOWS\system32\rsaenh.dll
0x00007ff84f4f0000 - 0x00007ff84f518000 	C:\WINDOWS\SYSTEM32\USERENV.dll
0x00007ff84f810000 - 0x00007ff84f838000 	C:\WINDOWS\SYSTEM32\bcrypt.dll
0x00007ff84f670000 - 0x00007ff84f67c000 	C:\WINDOWS\SYSTEM32\CRYPTBASE.dll
0x00007ff84ea60000 - 0x00007ff84ea8d000 	C:\WINDOWS\SYSTEM32\IPHLPAPI.DLL
0x00007ff851f10000 - 0x00007ff851f19000 	C:\WINDOWS\System32\NSI.dll
0x00007ff845970000 - 0x00007ff845989000 	C:\WINDOWS\SYSTEM32\dhcpcsvc6.DLL
0x00007ff845950000 - 0x00007ff84596f000 	C:\WINDOWS\SYSTEM32\dhcpcsvc.DLL
0x00007ff84ead0000 - 0x00007ff84ebc3000 	C:\WINDOWS\SYSTEM32\DNSAPI.dll
0x00007ff84cb70000 - 0x00007ff84cb97000 	C:\Program Files\Android\Android Studio\jbr\bin\sunec.dll
0x00007ff842a30000 - 0x00007ff842a3a000 	C:\Windows\System32\rasadhlp.dll
0x00007ff844970000 - 0x00007ff8449f4000 	C:\WINDOWS\System32\fwpuclnt.dll

dbghelp: loaded successfully - version: 4.0.5 - missing functions: none
symbol engine: initialized successfully - sym options: 0x614 - pdb path: .;C:\Program Files\Android\Android Studio\jbr\bin;C:\WINDOWS\SYSTEM32;C:\WINDOWS\WinSxS\amd64_microsoft.windows.common-controls_6595b64144ccf1df_6.0.22621.1635_none_270f70857386168e;C:\Program Files\Android\Android Studio\jbr\bin\server;C:\Users\YASASVI HIMAYA\.gradle\native\e1d6ef7f7dcc3fd88c89a11ec53ec762bb8ba0a96d01ffa2cd45eb1d1d8dd5c5\windows-amd64;C:\Users\YASASVI HIMAYA\.gradle\native\0d407fdbe67a94daf76414ababcb853783967236a71b16ec16e742cd7a986fd3\windows-amd64

VM Arguments:
jvm_args: --add-opens=java.base/java.util=ALL-UNNAMED --add-opens=java.base/java.lang=ALL-UNNAMED --add-opens=java.base/java.lang.invoke=ALL-UNNAMED --add-opens=java.base/java.util=ALL-UNNAMED --add-opens=java.prefs/java.util.prefs=ALL-UNNAMED --add-opens=java.prefs/java.util.prefs=ALL-UNNAMED --add-opens=java.base/java.nio.charset=ALL-UNNAMED --add-opens=java.base/java.net=ALL-UNNAMED --add-opens=java.base/java.util.concurrent.atomic=ALL-UNNAMED -Xmx2048m -Dfile.encoding=UTF-8 -Duser.country=US -Duser.language=en -Duser.variant 
java_command: org.gradle.launcher.daemon.bootstrap.GradleDaemon 7.5
java_class_path (initial): C:\Users\YASASVI HIMAYA\.gradle\wrapper\dists\gradle-7.5-bin\f1w0cc9nuo0eivz97x2xlu9sv\gradle-7.5\lib\gradle-launcher-7.5.jar
Launcher Type: SUN_STANDARD

[Global flags]
     intx CICompilerCount                          = 3                                         {product} {ergonomic}
     uint ConcGCThreads                            = 1                                         {product} {ergonomic}
     uint G1ConcRefinementThreads                  = 4                                         {product} {ergonomic}
   size_t G1HeapRegionSize                         = 1048576                                   {product} {ergonomic}
    uintx GCDrainStackTargetSize                   = 64                                        {product} {ergonomic}
   size_t InitialHeapSize                          = 65011712                                  {product} {ergonomic}
   size_t MarkStackSize                            = 4194304                                   {product} {ergonomic}
   size_t MaxHeapSize                              = 2147483648                                {product} {command line}
   size_t MaxNewSize                               = 1287651328                                {product} {ergonomic}
   size_t MinHeapDeltaBytes                        = 1048576                                   {product} {ergonomic}
    uintx NonNMethodCodeHeapSize                   = 5830732                                {pd product} {ergonomic}
    uintx NonProfiledCodeHeapSize                  = 122913754                              {pd product} {ergonomic}
    uintx ProfiledCodeHeapSize                     = 122913754                              {pd product} {ergonomic}
    uintx ReservedCodeCacheSize                    = 251658240                              {pd product} {ergonomic}
     bool SegmentedCodeCache                       = true                                      {product} {ergonomic}
     bool UseCompressedClassPointers               = true                                 {lp64_product} {ergonomic}
     bool UseCompressedOops                        = true                                 {lp64_product} {ergonomic}
     bool UseG1GC                                  = true                                      {product} {ergonomic}
     bool UseLargePagesIndividualAllocation        = false                                  {pd product} {ergonomic}

Logging:
Log output configuration:
 #0: stdout all=warning uptime,level,tags
 #1: stderr all=off uptime,level,tags

Environment Variables:
PATH=C:\Program Files\Microsoft\jdk-11.0.12.7-hotspot\bin;C:\Program Files\Common Files\Oracle\Java\javapath;C:\Program Files (x86)\Common Files\Oracle\Java\javapath;C:\WINDOWS\system32;C:\WINDOWS;C:\WINDOWS\System32\Wbem;C:\WINDOWS\System32\WindowsPowerShell\v1.0\;C:\WINDOWS\System32\OpenSSH\;C:\Program Files\Intel\WiFi\bin\;C:\Program Files\Common Files\Intel\WirelessCommon\;C:\Program Files\Microsoft SQL Server\150\Tools\Binn\;C:\Program Files\dotnet\;C:\Program Files (x86)\Microsoft SQL Server\150\DTS\Binn\;C:\Program Files\Azure Data Studio\bin;C:\WINDOWS\system32;C:\WINDOWS;C:\WINDOWS\System32\Wbem;C:\WINDOWS\System32\WindowsPowerShell\v1.0\;C:\WINDOWS\System32\OpenSSH\;C:\Program Files\nodejs\;C:\Users\YASASVI HIMAYA\AppData\Local\Microsoft\WindowsApps;C:\Users\YASASVI HIMAYA\.dotnet\tools;C:\Program Files\Azure Data Studio\bin;;C:\Users\YASASVI HIMAYA\AppData\Local\Programs\Microsoft VS Code\bin;C:\Users\YASASVI HIMAYA\AppData\Roaming\npm
USERNAME=YASASVI HIMAYA
OS=Windows_NT
PROCESSOR_IDENTIFIER=Intel64 Family 6 Model 142 Stepping 12, GenuineIntel



---------------  S Y S T E M  ---------------

OS: Windows 11 , 64 bit Build 22621 (10.0.22621.1778)
OS uptime: 15 days 20:19 hours

CPU:total 4 (initial active 4) (2 cores per cpu, 2 threads per core) family 6 model 142 stepping 12 microcode 0xde, cmov, cx8, fxsr, mmx, sse, sse2, sse3, ssse3, sse4.1, sse4.2, popcnt, avx, avx2, aes, clmul, erms, 3dnowpref, lzcnt, ht, tsc, tscinvbit, bmi1, bmi2, adx, fma

Memory: 4k page, system-wide physical 3948M (231M free)
TotalPageFile size 16236M (AvailPageFile size 8M)
current process WorkingSet (physical memory assigned to process): 384M, peak: 390M
current process commit charge ("private bytes"): 480M, peak: 524M

vm_info: OpenJDK 64-Bit Server VM (11.0.15+0-b2043.56-9505619) for windows-amd64 JRE (11.0.15+0-b2043.56-9505619), built on Jan 19 2023 02:48:00 by "builduser" with unknown MS VC++:1929

END.
