#
# There is insufficient memory for the Java Runtime Environment to continue.
# Native memory allocation (mmap) failed to map 104857600 bytes for Failed to commit area from 0x0000000088e00000 to 0x000000008f200000 of length 104857600.
# Possible reasons:
#   The system is out of physical RAM or swap space
#   The process is running with CompressedOops enabled, and the Java Heap may be blocking the growth of the native heap
# Possible solutions:
#   Reduce memory load on the system
#   Increase physical memory or swap space
#   Check if swap backing store is full
#   Decrease Java heap size (-Xmx/-Xms)
#   Decrease number of Java threads
#   Decrease Java thread stack sizes (-Xss)
#   Set larger code cache with -XX:ReservedCodeCacheSize=
#   JVM is running with Unscaled Compressed Oops mode in which the Java heap is
#     placed in the first 4GB address space. The Java Heap base address is the
#     maximum limit for the native heap growth. Please use -XX:HeapBaseMinAddress
#     to set the Java Heap base and to place the Java Heap above 4GB virtual address.
# This output file may be truncated or incomplete.
#
#  Out of Memory Error (src/hotspot/os/windows/os_windows.cpp:3627), pid=16428, tid=8636
#
# JRE version: OpenJDK Runtime Environment (11.0.15) (build 11.0.15+0-b2043.56-9505619)
# Java VM: OpenJDK 64-Bit Server VM (11.0.15+0-b2043.56-9505619, mixed mode, tiered, compressed oops, g1 gc, windows-amd64)
# No core dump will be written. Minidumps are not enabled by default on client versions of Windows
#

---------------  S U M M A R Y ------------

Command Line: --add-opens=java.base/java.util=ALL-UNNAMED --add-opens=java.base/java.lang=ALL-UNNAMED --add-opens=java.base/java.lang.invoke=ALL-UNNAMED --add-opens=java.base/java.util=ALL-UNNAMED --add-opens=java.prefs/java.util.prefs=ALL-UNNAMED --add-opens=java.prefs/java.util.prefs=ALL-UNNAMED --add-opens=java.base/java.nio.charset=ALL-UNNAMED --add-opens=java.base/java.net=ALL-UNNAMED --add-opens=java.base/java.util.concurrent.atomic=ALL-UNNAMED -Xmx2048m -Dfile.encoding=UTF-8 -Duser.country=US -Duser.language=en -Duser.variant org.gradle.launcher.daemon.bootstrap.GradleDaemon 7.5

Host: Intel(R) Core(TM) i3-8145U CPU @ 2.10GHz, 4 cores, 3G,  Windows 11 , 64 bit Build 22621 (10.0.22621.1778)
Time: Tue Jul 11 14:48:44 2023 Sri Lanka Standard Time elapsed time: 9.709166 seconds (0d 0h 0m 9s)

---------------  T H R E A D  ---------------

Current thread (0x000001ca6668b800):  VMThread "VM Thread" [stack: 0x00000033b7800000,0x00000033b7900000] [id=8636]

Stack: [0x00000033b7800000,0x00000033b7900000]
[error occurred during error reporting (printing stack bounds), id 0xc0000005, EXCEPTION_ACCESS_VIOLATION (0xc0000005) at pc=0x000001ca505c112d]

Native frames: (J=compiled Java code, j=interpreted, Vv=VM code, C=native code)
V  [jvm.dll+0x64135a]
V  [jvm.dll+0x7d39f9]
V  [jvm.dll+0x7d51b9]
V  [jvm.dll+0x7d5805]
V  [jvm.dll+0x7d57bb]
V  [jvm.dll+0x640655]
V  [jvm.dll+0x640d68]
C  [ntdll.dll+0xa3cff]
C  [ntdll.dll+0x1e456]
C  [ntdll.dll+0xa2cee]
C  0x000001ca505c112d

VM_Operation (0x00000033b8cf0830): G1CollectForAllocation, mode: safepoint, requested by thread 0x000001ca692fe800


---------------  P R O C E S S  ---------------

Threads class SMR info:
_java_thread_list=0x000001ca69bf5ea0, length=36, elements={
0x000001ca4ca9f000, 0x000001ca6668f000, 0x000001ca66690000, 0x000001ca67002800,
0x000001ca67003800, 0x000001ca67006800, 0x000001ca67007800, 0x000001ca6700c000,
0x000001ca6700f000, 0x000001ca67165000, 0x000001ca68afa000, 0x000001ca6797f800,
0x000001ca69360800, 0x000001ca69a32000, 0x000001ca68de2800, 0x000001ca692fd800,
0x000001ca692fe800, 0x000001ca6950f800, 0x000001ca693d0000, 0x000001ca6965f800,
0x000001ca69111800, 0x000001ca6910f800, 0x000001ca69110800, 0x000001ca6910e000,
0x000001ca69113000, 0x000001ca69112000, 0x000001ca6910d800, 0x000001ca6910f000,
0x000001ca69114000, 0x000001ca69771000, 0x000001ca6976c800, 0x000001ca6976e000,
0x000001ca69772000, 0x000001ca69773000, 0x000001ca6976d000, 0x000001ca69573000
}

Java Threads: ( => current thread )
  0x000001ca4ca9f000 JavaThread "main" [_thread_blocked, id=9444, stack(0x00000033b7200000,0x00000033b7300000)]
  0x000001ca6668f000 JavaThread "Reference Handler" daemon [_thread_blocked, id=1572, stack(0x00000033b7900000,0x00000033b7a00000)]
  0x000001ca66690000 JavaThread "Finalizer" daemon [_thread_blocked, id=11000, stack(0x00000033b7a00000,0x00000033b7b00000)]
  0x000001ca67002800 JavaThread "Signal Dispatcher" daemon [_thread_blocked, id=14936, stack(0x00000033b7b00000,0x00000033b7c00000)]
  0x000001ca67003800 JavaThread "Attach Listener" daemon [_thread_blocked, id=7336, stack(0x00000033b7c00000,0x00000033b7d00000)]
  0x000001ca67006800 JavaThread "Service Thread" daemon [_thread_blocked, id=16336, stack(0x00000033b7d00000,0x00000033b7e00000)]
  0x000001ca67007800 JavaThread "C2 CompilerThread0" daemon [_thread_blocked, id=4652, stack(0x00000033b7e00000,0x00000033b7f00000)]
  0x000001ca6700c000 JavaThread "C1 CompilerThread0" daemon [_thread_blocked, id=8872, stack(0x00000033b7f00000,0x00000033b8000000)]
  0x000001ca6700f000 JavaThread "Sweeper thread" daemon [_thread_blocked, id=19056, stack(0x00000033b8000000,0x00000033b8100000)]
  0x000001ca67165000 JavaThread "Common-Cleaner" daemon [_thread_blocked, id=8180, stack(0x00000033b8100000,0x00000033b8200000)]
  0x000001ca68afa000 JavaThread "Daemon health stats" [_thread_blocked, id=20404, stack(0x00000033b8500000,0x00000033b8600000)]
  0x000001ca6797f800 JavaThread "Incoming local TCP Connector on port 52578" [_thread_in_native, id=7264, stack(0x00000033b8400000,0x00000033b8500000)]
  0x000001ca69360800 JavaThread "Daemon periodic checks" [_thread_blocked, id=12432, stack(0x00000033b8800000,0x00000033b8900000)]
  0x000001ca69a32000 JavaThread "Daemon" [_thread_blocked, id=15784, stack(0x00000033b8900000,0x00000033b8a00000)]
  0x000001ca68de2800 JavaThread "Handler for socket connection from /127.0.0.1:52578 to /127.0.0.1:52579" [_thread_in_native, id=13988, stack(0x00000033b8a00000,0x00000033b8b00000)]
  0x000001ca692fd800 JavaThread "Cancel handler" [_thread_blocked, id=17508, stack(0x00000033b8b00000,0x00000033b8c00000)]
  0x000001ca692fe800 JavaThread "Daemon worker" [_thread_blocked, id=18800, stack(0x00000033b8c00000,0x00000033b8d00000)]
  0x000001ca6950f800 JavaThread "Asynchronous log dispatcher for DefaultDaemonConnection: socket connection from /127.0.0.1:52578 to /127.0.0.1:52579" [_thread_blocked, id=17792, stack(0x00000033b8d00000,0x00000033b8e00000)]
  0x000001ca693d0000 JavaThread "Stdin handler" [_thread_blocked, id=17264, stack(0x00000033b8e00000,0x00000033b8f00000)]
  0x000001ca6965f800 JavaThread "Daemon client event forwarder" [_thread_blocked, id=16756, stack(0x00000033b8f00000,0x00000033b9000000)]
  0x000001ca69111800 JavaThread "Cache worker for journal cache (C:\Users\YASASVI HIMAYA\.gradle\caches\journal-1)" [_thread_blocked, id=2716, stack(0x00000033b9100000,0x00000033b9200000)]
  0x000001ca6910f800 JavaThread "File lock request listener" [_thread_in_native, id=19584, stack(0x00000033b9200000,0x00000033b9300000)]
  0x000001ca69110800 JavaThread "Cache worker for file hash cache (C:\Users\YASASVI HIMAYA\.gradle\caches\7.5\fileHashes)" [_thread_blocked, id=3892, stack(0x00000033b9300000,0x00000033b9400000)]
  0x000001ca6910e000 JavaThread "File watcher server" daemon [_thread_in_native, id=1964, stack(0x00000033b9400000,0x00000033b9500000)]
  0x000001ca69113000 JavaThread "File watcher consumer" daemon [_thread_blocked, id=10736, stack(0x00000033b9500000,0x00000033b9600000)]
  0x000001ca69112000 JavaThread "jar transforms" [_thread_blocked, id=240, stack(0x00000033b9600000,0x00000033b9700000)]
  0x000001ca6910d800 JavaThread "jar transforms Thread 2" [_thread_blocked, id=15996, stack(0x00000033b9700000,0x00000033b9800000)]
  0x000001ca6910f000 JavaThread "jar transforms Thread 3" [_thread_blocked, id=19552, stack(0x00000033b9800000,0x00000033b9900000)]
  0x000001ca69114000 JavaThread "jar transforms Thread 4" [_thread_blocked, id=11352, stack(0x00000033b9900000,0x00000033b9a00000)]
  0x000001ca69771000 JavaThread "Cache worker for checksums cache (C:\Users\YASASVI HIMAYA\AndroidStudioProjects\Recipeapp\.gradle\7.5\checksums)" [_thread_blocked, id=8232, stack(0x00000033b9a00000,0x00000033b9b00000)]
  0x000001ca6976c800 JavaThread "Cache worker for cache directory md-rule (C:\Users\YASASVI HIMAYA\.gradle\caches\7.5\md-rule)" [_thread_blocked, id=9680, stack(0x00000033b9b00000,0x00000033b9c00000)]
  0x000001ca6976e000 JavaThread "Cache worker for file content cache (C:\Users\YASASVI HIMAYA\.gradle\caches\7.5\fileContent)" [_thread_blocked, id=4988, stack(0x00000033b9c00000,0x00000033b9d00000)]
  0x000001ca69772000 JavaThread "Cache worker for file hash cache (C:\Users\YASASVI HIMAYA\AndroidStudioProjects\Recipeapp\.gradle\7.5\fileHashes)" [_thread_blocked, id=5632, stack(0x00000033b9d00000,0x00000033b9e00000)]
  0x000001ca69773000 JavaThread "Cache worker for cache directory md-supplier (C:\Users\YASASVI HIMAYA\.gradle\caches\7.5\md-supplier)" [_thread_blocked, id=18420, stack(0x00000033b9e00000,0x00000033b9f00000)]
  0x000001ca6976d000 JavaThread "Cache worker for execution history cache (C:\Users\YASASVI HIMAYA\.gradle\caches\7.5\executionHistory)" [_thread_blocked, id=3340, stack(0x00000033b9f00000,0x00000033ba000000)]
  0x000001ca69573000 JavaThread "C2 CompilerThread1" daemon [_thread_blocked, id=10784, stack(0x00000033b9000000,0x00000033b9100000)]

Other Threads:
=>0x000001ca6668b800 VMThread "VM Thread" [stack: 0x00000033b7800000,0x00000033b7900000] [id=8636]
  0x000001ca6716a000 WatcherThread [stack: 0x00000033b8200000,0x00000033b8300000] [id=11260]
  0x000001ca4cab8000 GCTaskThread "GC Thread#0" [stack: 0x00000033b7300000,0x00000033b7400000] [id=7324]
  0x000001ca6792c000 GCTaskThread "GC Thread#1" [stack: 0x00000033b8300000,0x00000033b8400000] [id=3196]
  0x000001ca69bb7000 GCTaskThread "GC Thread#2" [stack: 0x00000033b8600000,0x00000033b8700000] [id=20072]
  0x000001ca68e48000 GCTaskThread "GC Thread#3" [stack: 0x00000033b8700000,0x00000033b8800000] [id=19408]
  0x000001ca4caeb800 ConcurrentGCThread "G1 Main Marker" [stack: 0x00000033b7400000,0x00000033b7500000] [id=18204]
  0x000001ca4caec800 ConcurrentGCThread "G1 Conc#0" [stack: 0x00000033b7500000,0x00000033b7600000] [id=13132]
  0x000001ca4cb47800 ConcurrentGCThread "G1 Refine#0" [stack: 0x00000033b7600000,0x00000033b7700000] [id=11104]
  0x000001ca4cb49800 ConcurrentGCThread "G1 Young RemSet Sampling" [stack: 0x00000033b7700000,0x00000033b7800000] [id=8196]

Threads with active compile tasks:

VM state:at safepoint (normal execution)

VM Mutex/Monitor currently owned by a thread:  ([mutex/lock_event])
[0x000001ca4ca9c470] Threads_lock - owner thread: 0x000001ca6668b800
[0x000001ca4ca9af10] Heap_lock - owner thread: 0x000001ca692fe800

Heap address: 0x0000000080000000, size: 2048 MB, Compressed Oops mode: 32-bit
Narrow klass base: 0x0000000000000000, Narrow klass shift: 3
Compressed class space size: 1073741824 Address: 0x0000000100000000

Heap:
 garbage-first heap   total 247808K, used 84698K [0x0000000080000000, 0x0000000100000000)
  region size 1024K, 3 young (3072K), 3 survivors (3072K)
 Metaspace       used 44892K, capacity 46257K, committed 46384K, reserved 1089536K
  class space    used 5737K, capacity 6210K, committed 6272K, reserved 1048576K
Heap Regions: E=young(eden), S=young(survivor), O=old, HS=humongous(starts), HC=humongous(continues), CS=collection set, F=free, A=archive, TAMS=top-at-mark-start (previous, next)
|   0|0x0000000080000000, 0x0000000080100000, 0x0000000080100000|100%|HS|  |TAMS 0x0000000080100000, 0x0000000080100000| Complete 
|   1|0x0000000080100000, 0x0000000080200000, 0x0000000080200000|100%|HC|  |TAMS 0x0000000080200000, 0x0000000080200000| Complete 
|   2|0x0000000080200000, 0x0000000080300000, 0x0000000080300000|100%|HC|  |TAMS 0x0000000080300000, 0x0000000080300000| Complete 
|   3|0x0000000080300000, 0x0000000080400000, 0x0000000080400000|100%| O|  |TAMS 0x0000000080400000, 0x0000000080400000| Untracked 
|   4|0x0000000080400000, 0x0000000080500000, 0x0000000080500000|100%| O|  |TAMS 0x0000000080500000, 0x0000000080500000| Untracked 
|   5|0x0000000080500000, 0x0000000080600000, 0x0000000080600000|100%| O|  |TAMS 0x0000000080600000, 0x0000000080600000| Untracked 
|   6|0x0000000080600000, 0x0000000080700000, 0x0000000080700000|100%| O|  |TAMS 0x0000000080700000, 0x0000000080700000| Untracked 
|   7|0x0000000080700000, 0x0000000080800000, 0x0000000080800000|100%| O|  |TAMS 0x0000000080800000, 0x0000000080800000| Untracked 
|   8|0x0000000080800000, 0x0000000080900000, 0x0000000080900000|100%| O|  |TAMS 0x0000000080900000, 0x0000000080900000| Untracked 
|   9|0x0000000080900000, 0x0000000080a00000, 0x0000000080a00000|100%| O|  |TAMS 0x0000000080a00000, 0x0000000080a00000| Untracked 
|  10|0x0000000080a00000, 0x0000000080b00000, 0x0000000080b00000|100%| O|  |TAMS 0x0000000080b00000, 0x0000000080b00000| Untracked 
|  11|0x0000000080b00000, 0x0000000080c00000, 0x0000000080c00000|100%| O|  |TAMS 0x0000000080c00000, 0x0000000080c00000| Untracked 
|  12|0x0000000080c00000, 0x0000000080d00000, 0x0000000080d00000|100%| O|  |TAMS 0x0000000080d00000, 0x0000000080d00000| Untracked 
|  13|0x0000000080d00000, 0x0000000080e00000, 0x0000000080e00000|100%| O|  |TAMS 0x0000000080e00000, 0x0000000080e00000| Untracked 
|  14|0x0000000080e00000, 0x0000000080f00000, 0x0000000080f00000|100%| O|  |TAMS 0x0000000080f00000, 0x0000000080f00000| Untracked 
|  15|0x0000000080f00000, 0x0000000081000000, 0x0000000081000000|100%| O|  |TAMS 0x0000000081000000, 0x0000000081000000| Untracked 
|  16|0x0000000081000000, 0x0000000081100000, 0x0000000081100000|100%| O|  |TAMS 0x0000000081100000, 0x0000000081100000| Untracked 
|  17|0x0000000081100000, 0x0000000081200000, 0x0000000081200000|100%|HS|  |TAMS 0x0000000081200000, 0x0000000081200000| Complete 
|  18|0x0000000081200000, 0x0000000081300000, 0x0000000081300000|100%|HC|  |TAMS 0x0000000081300000, 0x0000000081300000| Complete 
|  19|0x0000000081300000, 0x0000000081400000, 0x0000000081400000|100%|HS|  |TAMS 0x0000000081400000, 0x0000000081400000| Complete 
|  20|0x0000000081400000, 0x0000000081500000, 0x0000000081500000|100%|HC|  |TAMS 0x0000000081500000, 0x0000000081500000| Complete 
|  21|0x0000000081500000, 0x0000000081600000, 0x0000000081600000|100%|HC|  |TAMS 0x0000000081600000, 0x0000000081600000| Complete 
|  22|0x0000000081600000, 0x0000000081700000, 0x0000000081700000|100%|HS|  |TAMS 0x0000000081700000, 0x0000000081700000| Complete 
|  23|0x0000000081700000, 0x0000000081800000, 0x0000000081800000|100%|HC|  |TAMS 0x0000000081800000, 0x0000000081800000| Complete 
|  24|0x0000000081800000, 0x0000000081900000, 0x0000000081900000|100%|HC|  |TAMS 0x0000000081900000, 0x0000000081900000| Complete 
|  25|0x0000000081900000, 0x0000000081a00000, 0x0000000081a00000|100%|HS|  |TAMS 0x0000000081a00000, 0x0000000081a00000| Complete 
|  26|0x0000000081a00000, 0x0000000081b00000, 0x0000000081b00000|100%|HC|  |TAMS 0x0000000081b00000, 0x0000000081b00000| Complete 
|  27|0x0000000081b00000, 0x0000000081c00000, 0x0000000081c00000|100%| O|  |TAMS 0x0000000081c00000, 0x0000000081c00000| Untracked 
|  28|0x0000000081c00000, 0x0000000081d00000, 0x0000000081d00000|100%|HS|  |TAMS 0x0000000081d00000, 0x0000000081d00000| Complete 
|  29|0x0000000081d00000, 0x0000000081e00000, 0x0000000081e00000|100%|HC|  |TAMS 0x0000000081e00000, 0x0000000081e00000| Complete 
|  30|0x0000000081e00000, 0x0000000081f00000, 0x0000000081f00000|100%|HC|  |TAMS 0x0000000081f00000, 0x0000000081f00000| Complete 
|  31|0x0000000081f00000, 0x0000000082000000, 0x0000000082000000|100%|HC|  |TAMS 0x0000000082000000, 0x0000000082000000| Complete 
|  32|0x0000000082000000, 0x0000000082100000, 0x0000000082100000|100%|HC|  |TAMS 0x0000000082100000, 0x0000000082100000| Complete 
|  33|0x0000000082100000, 0x0000000082200000, 0x0000000082200000|100%|HC|  |TAMS 0x0000000082200000, 0x0000000082200000| Complete 
|  34|0x0000000082200000, 0x0000000082300000, 0x0000000082300000|100%|HC|  |TAMS 0x0000000082300000, 0x0000000082300000| Complete 
|  35|0x0000000082300000, 0x0000000082400000, 0x0000000082400000|100%|HC|  |TAMS 0x0000000082400000, 0x0000000082400000| Complete 
|  36|0x0000000082400000, 0x0000000082500000, 0x0000000082500000|100%|HC|  |TAMS 0x0000000082500000, 0x0000000082500000| Complete 
|  37|0x0000000082500000, 0x0000000082600000, 0x0000000082600000|100%|HC|  |TAMS 0x0000000082600000, 0x0000000082600000| Complete 
|  38|0x0000000082600000, 0x0000000082700000, 0x0000000082700000|100%| O|  |TAMS 0x0000000082700000, 0x0000000082700000| Untracked 
|  39|0x0000000082700000, 0x0000000082800000, 0x0000000082800000|100%|HS|  |TAMS 0x0000000082800000, 0x0000000082800000| Complete 
|  40|0x0000000082800000, 0x0000000082900000, 0x0000000082900000|100%|HC|  |TAMS 0x0000000082900000, 0x0000000082900000| Complete 
|  41|0x0000000082900000, 0x0000000082a00000, 0x0000000082a00000|100%| O|  |TAMS 0x0000000082a00000, 0x0000000082a00000| Untracked 
|  42|0x0000000082a00000, 0x0000000082b00000, 0x0000000082b00000|100%| O|  |TAMS 0x0000000082b00000, 0x0000000082b00000| Untracked 
|  43|0x0000000082b00000, 0x0000000082c00000, 0x0000000082c00000|100%| O|  |TAMS 0x0000000082c00000, 0x0000000082c00000| Untracked 
|  44|0x0000000082c00000, 0x0000000082d00000, 0x0000000082d00000|100%| O|  |TAMS 0x0000000082d00000, 0x0000000082d00000| Untracked 
|  45|0x0000000082d00000, 0x0000000082e00000, 0x0000000082e00000|100%| O|  |TAMS 0x0000000082e00000, 0x0000000082e00000| Untracked 
|  46|0x0000000082e00000, 0x0000000082f00000, 0x0000000082f00000|100%|HS|  |TAMS 0x0000000082f00000, 0x0000000082f00000| Complete 
|  47|0x0000000082f00000, 0x0000000083000000, 0x0000000083000000|100%|HC|  |TAMS 0x0000000083000000, 0x0000000083000000| Complete 
|  48|0x0000000083000000, 0x0000000083100000, 0x0000000083100000|100%|HC|  |TAMS 0x0000000083100000, 0x0000000083100000| Complete 
|  49|0x0000000083100000, 0x0000000083200000, 0x0000000083200000|100%|HC|  |TAMS 0x0000000083200000, 0x0000000083200000| Complete 
|  50|0x0000000083200000, 0x0000000083300000, 0x0000000083300000|100%|HC|  |TAMS 0x0000000083300000, 0x0000000083300000| Complete 
|  51|0x0000000083300000, 0x0000000083400000, 0x0000000083400000|100%| O|  |TAMS 0x0000000083400000, 0x0000000083400000| Untracked 
|  52|0x0000000083400000, 0x0000000083500000, 0x0000000083500000|100%| O|  |TAMS 0x0000000083500000, 0x0000000083500000| Untracked 
|  53|0x0000000083500000, 0x0000000083600000, 0x0000000083600000|100%| O|  |TAMS 0x0000000083600000, 0x0000000083600000| Untracked 
|  54|0x0000000083600000, 0x0000000083700000, 0x0000000083700000|100%| O|  |TAMS 0x0000000083700000, 0x0000000083700000| Untracked 
|  55|0x0000000083700000, 0x0000000083800000, 0x0000000083800000|100%| O|  |TAMS 0x0000000083800000, 0x0000000083800000| Untracked 
|  56|0x0000000083800000, 0x0000000083900000, 0x0000000083900000|100%|HS|  |TAMS 0x0000000083900000, 0x0000000083900000| Complete 
|  57|0x0000000083900000, 0x0000000083a00000, 0x0000000083a00000|100%|HC|  |TAMS 0x0000000083a00000, 0x0000000083a00000| Complete 
|  58|0x0000000083a00000, 0x0000000083b00000, 0x0000000083b00000|100%|HC|  |TAMS 0x0000000083b00000, 0x0000000083b00000| Complete 
|  59|0x0000000083b00000, 0x0000000083c00000, 0x0000000083c00000|100%|HC|  |TAMS 0x0000000083c00000, 0x0000000083c00000| Complete 
|  60|0x0000000083c00000, 0x0000000083d00000, 0x0000000083d00000|100%|HC|  |TAMS 0x0000000083d00000, 0x0000000083d00000| Complete 
|  61|0x0000000083d00000, 0x0000000083e00000, 0x0000000083e00000|100%|HC|  |TAMS 0x0000000083e00000, 0x0000000083e00000| Complete 
|  62|0x0000000083e00000, 0x0000000083f00000, 0x0000000083f00000|100%|HC|  |TAMS 0x0000000083f00000, 0x0000000083f00000| Complete 
|  63|0x0000000083f00000, 0x0000000084000000, 0x0000000084000000|100%|HC|  |TAMS 0x0000000084000000, 0x0000000084000000| Complete 
|  64|0x0000000084000000, 0x0000000084100000, 0x0000000084100000|100%|HC|  |TAMS 0x0000000084100000, 0x0000000084100000| Complete 
|  65|0x0000000084100000, 0x0000000084200000, 0x0000000084200000|100%|HC|  |TAMS 0x0000000084200000, 0x0000000084200000| Complete 
|  66|0x0000000084200000, 0x0000000084300000, 0x0000000084300000|100%|HS|  |TAMS 0x0000000084300000, 0x0000000084300000| Complete 
|  67|0x0000000084300000, 0x0000000084400000, 0x0000000084400000|100%|HC|  |TAMS 0x0000000084400000, 0x0000000084400000| Complete 
|  68|0x0000000084400000, 0x0000000084500000, 0x0000000084500000|100%|HS|  |TAMS 0x0000000084500000, 0x0000000084500000| Complete 
|  69|0x0000000084500000, 0x0000000084600000, 0x0000000084600000|100%|HC|  |TAMS 0x0000000084600000, 0x0000000084600000| Complete 
|  70|0x0000000084600000, 0x0000000084700000, 0x0000000084700000|100%|HC|  |TAMS 0x0000000084700000, 0x0000000084700000| Complete 
|  71|0x0000000084700000, 0x0000000084800000, 0x0000000084800000|100%|HS|  |TAMS 0x0000000084800000, 0x0000000084800000| Complete 
|  72|0x0000000084800000, 0x0000000084900000, 0x0000000084900000|100%|HC|  |TAMS 0x0000000084900000, 0x0000000084900000| Complete 
|  73|0x0000000084900000, 0x0000000084a00000, 0x0000000084a00000|100%| O|  |TAMS 0x0000000084a00000, 0x0000000084a00000| Untracked 
|  74|0x0000000084a00000, 0x0000000084b00000, 0x0000000084b00000|100%| O|  |TAMS 0x0000000084a3b200, 0x0000000084b00000| Untracked 
|  75|0x0000000084b00000, 0x0000000084c00000, 0x0000000084c00000|100%|HS|  |TAMS 0x0000000084b00000, 0x0000000084c00000| Complete 
|  76|0x0000000084c00000, 0x0000000084d00000, 0x0000000084d00000|100%|HC|  |TAMS 0x0000000084c00000, 0x0000000084d00000| Complete 
|  77|0x0000000084d00000, 0x0000000084e00000, 0x0000000084e00000|100%|HC|  |TAMS 0x0000000084d00000, 0x0000000084e00000| Complete 
|  78|0x0000000084e00000, 0x0000000084f00000, 0x0000000084f00000|100%| O|  |TAMS 0x0000000084e00000, 0x0000000084f00000| Untracked 
|  79|0x0000000084f00000, 0x0000000084fd5800, 0x0000000085000000| 83%| O|  |TAMS 0x0000000084f00000, 0x0000000084fd5800| Untracked 
|  80|0x0000000085000000, 0x0000000085000000, 0x0000000085100000|  0%| F|  |TAMS 0x0000000085000000, 0x0000000085000000| Untracked 
|  81|0x0000000085100000, 0x0000000085100000, 0x0000000085200000|  0%| F|  |TAMS 0x0000000085100000, 0x0000000085100000| Untracked 
|  82|0x0000000085200000, 0x0000000085200000, 0x0000000085300000|  0%| F|  |TAMS 0x0000000085200000, 0x0000000085200000| Untracked 
|  83|0x0000000085300000, 0x0000000085300000, 0x0000000085400000|  0%| F|  |TAMS 0x0000000085300000, 0x0000000085300000| Untracked 
|  84|0x0000000085400000, 0x0000000085400000, 0x0000000085500000|  0%| F|  |TAMS 0x0000000085400000, 0x0000000085400000| Untracked 
|  85|0x0000000085500000, 0x0000000085500000, 0x0000000085600000|  0%| F|  |TAMS 0x0000000085500000, 0x0000000085500000| Untracked 
|  86|0x0000000085600000, 0x0000000085600000, 0x0000000085700000|  0%| F|  |TAMS 0x0000000085600000, 0x0000000085600000| Untracked 
|  87|0x0000000085700000, 0x0000000085700000, 0x0000000085800000|  0%| F|  |TAMS 0x0000000085700000, 0x0000000085700000| Untracked 
|  88|0x0000000085800000, 0x0000000085800000, 0x0000000085900000|  0%| F|  |TAMS 0x0000000085800000, 0x0000000085800000| Untracked 
|  89|0x0000000085900000, 0x0000000085900000, 0x0000000085a00000|  0%| F|  |TAMS 0x0000000085900000, 0x0000000085900000| Untracked 
|  90|0x0000000085a00000, 0x0000000085a00000, 0x0000000085b00000|  0%| F|  |TAMS 0x0000000085a00000, 0x0000000085a00000| Untracked 
|  91|0x0000000085b00000, 0x0000000085b00000, 0x0000000085c00000|  0%| F|  |TAMS 0x0000000085b00000, 0x0000000085b00000| Untracked 
|  92|0x0000000085c00000, 0x0000000085c00000, 0x0000000085d00000|  0%| F|  |TAMS 0x0000000085c00000, 0x0000000085c00000| Untracked 
|  93|0x0000000085d00000, 0x0000000085d00000, 0x0000000085e00000|  0%| F|  |TAMS 0x0000000085d00000, 0x0000000085d00000| Untracked 
|  94|0x0000000085e00000, 0x0000000085e00000, 0x0000000085f00000|  0%| F|  |TAMS 0x0000000085e00000, 0x0000000085e00000| Untracked 
|  95|0x0000000085f00000, 0x0000000085f00000, 0x0000000086000000|  0%| F|  |TAMS 0x0000000085f00000, 0x0000000085f00000| Untracked 
|  96|0x0000000086000000, 0x0000000086000000, 0x0000000086100000|  0%| F|  |TAMS 0x0000000086000000, 0x0000000086000000| Untracked 
|  97|0x0000000086100000, 0x0000000086100000, 0x0000000086200000|  0%| F|  |TAMS 0x0000000086100000, 0x0000000086100000| Untracked 
|  98|0x0000000086200000, 0x0000000086200000, 0x0000000086300000|  0%| F|  |TAMS 0x0000000086200000, 0x0000000086200000| Untracked 
|  99|0x0000000086300000, 0x0000000086300000, 0x0000000086400000|  0%| F|  |TAMS 0x0000000086300000, 0x0000000086300000| Untracked 
| 100|0x0000000086400000, 0x0000000086400000, 0x0000000086500000|  0%| F|  |TAMS 0x0000000086400000, 0x0000000086400000| Untracked 
| 101|0x0000000086500000, 0x0000000086500000, 0x0000000086600000|  0%| F|  |TAMS 0x0000000086500000, 0x0000000086500000| Untracked 
| 102|0x0000000086600000, 0x0000000086600000, 0x0000000086700000|  0%| F|  |TAMS 0x0000000086600000, 0x0000000086600000| Untracked 
| 103|0x0000000086700000, 0x0000000086700000, 0x0000000086800000|  0%| F|  |TAMS 0x0000000086700000, 0x0000000086700000| Untracked 
| 104|0x0000000086800000, 0x0000000086800000, 0x0000000086900000|  0%| F|  |TAMS 0x0000000086800000, 0x0000000086800000| Untracked 
| 105|0x0000000086900000, 0x0000000086900000, 0x0000000086a00000|  0%| F|  |TAMS 0x0000000086900000, 0x0000000086900000| Untracked 
| 106|0x0000000086a00000, 0x0000000086a00000, 0x0000000086b00000|  0%| F|  |TAMS 0x0000000086a00000, 0x0000000086a00000| Untracked 
| 107|0x0000000086b00000, 0x0000000086b00000, 0x0000000086c00000|  0%| F|  |TAMS 0x0000000086b00000, 0x0000000086b00000| Untracked 
| 108|0x0000000086c00000, 0x0000000086c00000, 0x0000000086d00000|  0%| F|  |TAMS 0x0000000086c00000, 0x0000000086c00000| Untracked 
| 109|0x0000000086d00000, 0x0000000086d00000, 0x0000000086e00000|  0%| F|  |TAMS 0x0000000086d00000, 0x0000000086d00000| Untracked 
| 110|0x0000000086e00000, 0x0000000086e00000, 0x0000000086f00000|  0%| F|  |TAMS 0x0000000086e00000, 0x0000000086e00000| Untracked 
| 111|0x0000000086f00000, 0x0000000086f00000, 0x0000000087000000|  0%| F|  |TAMS 0x0000000086f00000, 0x0000000086f00000| Untracked 
| 112|0x0000000087000000, 0x0000000087000000, 0x0000000087100000|  0%| F|  |TAMS 0x0000000087000000, 0x0000000087000000| Untracked 
| 113|0x0000000087100000, 0x0000000087100000, 0x0000000087200000|  0%| F|  |TAMS 0x0000000087100000, 0x0000000087100000| Untracked 
| 114|0x0000000087200000, 0x0000000087200000, 0x0000000087300000|  0%| F|  |TAMS 0x0000000087200000, 0x0000000087200000| Untracked 
| 115|0x0000000087300000, 0x0000000087300000, 0x0000000087400000|  0%| F|  |TAMS 0x0000000087300000, 0x0000000087300000| Untracked 
| 116|0x0000000087400000, 0x0000000087400000, 0x0000000087500000|  0%| F|  |TAMS 0x0000000087400000, 0x0000000087400000| Untracked 
| 117|0x0000000087500000, 0x0000000087500000, 0x0000000087600000|  0%| F|  |TAMS 0x0000000087500000, 0x0000000087500000| Untracked 
| 118|0x0000000087600000, 0x0000000087600000, 0x0000000087700000|  0%| F|  |TAMS 0x0000000087600000, 0x0000000087600000| Untracked 
| 119|0x0000000087700000, 0x0000000087700000, 0x0000000087800000|  0%| F|  |TAMS 0x0000000087700000, 0x0000000087700000| Untracked 
| 120|0x0000000087800000, 0x00000000878e1180, 0x0000000087900000| 87%| S|CS|TAMS 0x0000000087800000, 0x0000000087800000| Complete 
| 121|0x0000000087900000, 0x0000000087a00000, 0x0000000087a00000|100%| S|CS|TAMS 0x0000000087900000, 0x0000000087900000| Complete 
| 122|0x0000000087a00000, 0x0000000087b00000, 0x0000000087b00000|100%| S|CS|TAMS 0x0000000087a00000, 0x0000000087a00000| Complete 
| 123|0x0000000087b00000, 0x0000000087b00000, 0x0000000087c00000|  0%| F|  |TAMS 0x0000000087b00000, 0x0000000087b00000| Untracked 
| 124|0x0000000087c00000, 0x0000000087c00000, 0x0000000087d00000|  0%| F|  |TAMS 0x0000000087c00000, 0x0000000087c00000| Untracked 
| 125|0x0000000087d00000, 0x0000000087d00000, 0x0000000087e00000|  0%| F|  |TAMS 0x0000000087d00000, 0x0000000087d00000| Untracked 
| 126|0x0000000087e00000, 0x0000000087e00000, 0x0000000087f00000|  0%| F|  |TAMS 0x0000000087e00000, 0x0000000087e00000| Untracked 
| 127|0x0000000087f00000, 0x0000000087f00000, 0x0000000088000000|  0%| F|  |TAMS 0x0000000087f00000, 0x0000000087f00000| Untracked 
| 128|0x0000000088000000, 0x0000000088000000, 0x0000000088100000|  0%| F|  |TAMS 0x0000000088000000, 0x0000000088000000| Untracked 
| 129|0x0000000088100000, 0x0000000088100000, 0x0000000088200000|  0%| F|  |TAMS 0x0000000088100000, 0x0000000088100000| Untracked 
| 130|0x0000000088200000, 0x0000000088200000, 0x0000000088300000|  0%| F|  |TAMS 0x0000000088200000, 0x0000000088200000| Untracked 
| 131|0x0000000088300000, 0x0000000088300000, 0x0000000088400000|  0%| F|  |TAMS 0x0000000088300000, 0x0000000088300000| Untracked 
| 132|0x0000000088400000, 0x0000000088400000, 0x0000000088500000|  0%| F|  |TAMS 0x0000000088400000, 0x0000000088400000| Untracked 
| 133|0x0000000088500000, 0x0000000088500000, 0x0000000088600000|  0%| F|  |TAMS 0x0000000088500000, 0x0000000088500000| Untracked 
| 134|0x0000000088600000, 0x0000000088600000, 0x0000000088700000|  0%| F|  |TAMS 0x0000000088600000, 0x0000000088600000| Untracked 
| 135|0x0000000088700000, 0x0000000088700000, 0x0000000088800000|  0%| F|  |TAMS 0x0000000088700000, 0x0000000088700000| Untracked 
| 136|0x0000000088800000, 0x0000000088800000, 0x0000000088900000|  0%| F|  |TAMS 0x0000000088800000, 0x0000000088800000| Untracked 
| 137|0x0000000088900000, 0x0000000088900000, 0x0000000088a00000|  0%| F|  |TAMS 0x0000000088900000, 0x0000000088900000| Untracked 
| 138|0x0000000088a00000, 0x0000000088a00000, 0x0000000088b00000|  0%| F|  |TAMS 0x0000000088a00000, 0x0000000088a00000| Untracked 
| 139|0x0000000088b00000, 0x0000000088b00000, 0x0000000088c00000|  0%| F|  |TAMS 0x0000000088b00000, 0x0000000088b00000| Untracked 
| 140|0x0000000088c00000, 0x0000000088c00000, 0x0000000088d00000|  0%| F|  |TAMS 0x0000000088c00000, 0x0000000088c00000| Untracked 
| 141|0x0000000088d00000, 0x0000000088d00000, 0x0000000088e00000|  0%| F|  |TAMS 0x0000000088d00000, 0x0000000088d00000| Untracked 

Card table byte_map: [0x000001ca5f9c0000,0x000001ca5fdc0000] _byte_map_base: 0x000001ca5f5c0000

Marking Bits (Prev, Next): (CMBitMap*) 0x000001ca4cae1958, (CMBitMap*) 0x000001ca4cae1990
 Prev Bits: [0x000001ca601c0000, 0x000001ca621c0000)
 Next Bits: [0x000001ca621c0000, 0x000001ca641c0000)

Polling page: 0x000001ca4a9e0000

Metaspace:

Usage:
  Non-class:     39.11 MB capacity,    38.24 MB ( 98%) used,   771.64 KB (  2%) free+waste,   119.62 KB ( <1%) overhead. 
      Class:      6.06 MB capacity,     5.60 MB ( 92%) used,   414.30 KB (  7%) free+waste,    58.50 KB ( <1%) overhead. 
       Both:     45.17 MB capacity,    43.84 MB ( 97%) used,     1.16 MB (  3%) free+waste,   178.12 KB ( <1%) overhead. 

Virtual space:
  Non-class space:       40.00 MB reserved,      39.17 MB ( 98%) committed 
      Class space:        1.00 GB reserved,       6.12 MB ( <1%) committed 
             Both:        1.04 GB reserved,      45.30 MB (  4%) committed 

Chunk freelists:
   Non-Class:  1.00 KB
       Class:  30.00 KB
        Both:  31.00 KB

MaxMetaspaceSize: 17179869184.00 GB
CompressedClassSpaceSize: 1.00 GB
Initial GC threshold: 20.80 MB
Current GC threshold: 74.45 MB
CDS: off

CodeHeap 'non-profiled nmethods': size=120064Kb used=2357Kb max_used=2357Kb free=117706Kb
 bounds [0x000001ca58080000, 0x000001ca582f0000, 0x000001ca5f5c0000]
CodeHeap 'profiled nmethods': size=120000Kb used=8847Kb max_used=8847Kb free=111152Kb
 bounds [0x000001ca50b50000, 0x000001ca51400000, 0x000001ca58080000]
CodeHeap 'non-nmethods': size=5696Kb used=2284Kb max_used=2326Kb free=3411Kb
 bounds [0x000001ca505c0000, 0x000001ca50830000, 0x000001ca50b50000]
 total_blobs=4887 nmethods=4107 adapters=692
 compilation: enabled
              stopped_count=0, restarted_count=0
 full_count=0

Compilation events (20 events):
Event: 9.656 Thread 0x000001ca6700c000 4109       1       com.google.common.collect.MapMakerInternalMap$StrongKeyWeakValueSegment::access$100 (5 bytes)
Event: 9.656 Thread 0x000001ca6700c000 nmethod 4109 0x000001ca582cac10 code [0x000001ca582cadc0, 0x000001ca582cae58]
Event: 9.657 Thread 0x000001ca6700c000 4110       3       com.google.common.collect.MapMakerInternalMap::segmentFor (17 bytes)
Event: 9.658 Thread 0x000001ca6700c000 nmethod 4110 0x000001ca513f0810 code [0x000001ca513f09c0, 0x000001ca513f0af8]
Event: 9.658 Thread 0x000001ca67007800 nmethod 4108 0x000001ca582caf10 code [0x000001ca582cb0a0, 0x000001ca582cb2d8]
Event: 9.662 Thread 0x000001ca6700c000 4111       3       com.google.common.collect.MapMakerInternalMap$StrongKeyWeakValueSegment::self (5 bytes)
Event: 9.662 Thread 0x000001ca6700c000 nmethod 4111 0x000001ca513f0c10 code [0x000001ca513f0dc0, 0x000001ca513f0f18]
Event: 9.662 Thread 0x000001ca6700c000 4112       3       com.google.common.collect.MapMakerInternalMap$StrongKeyWeakValueSegment::self (2 bytes)
Event: 9.662 Thread 0x000001ca6700c000 nmethod 4112 0x000001ca513f1010 code [0x000001ca513f11c0, 0x000001ca513f12b8]
Event: 9.663 Thread 0x000001ca69573000 nmethod 4097 0x000001ca582cb490 code [0x000001ca582cb6e0, 0x000001ca582cc930]
Event: 9.668 Thread 0x000001ca6700c000 4113       3       com.google.common.collect.MapMakerInternalMap$Segment::getEntry (80 bytes)
Event: 9.669 Thread 0x000001ca6700c000 nmethod 4113 0x000001ca513f1390 code [0x000001ca513f1700, 0x000001ca513f2ea8]
Event: 9.670 Thread 0x000001ca67007800 4114       4       java.util.concurrent.atomic.AtomicReferenceArray::length (6 bytes)
Event: 9.671 Thread 0x000001ca67007800 nmethod 4114 0x000001ca582cd090 code [0x000001ca582cd220, 0x000001ca582cd298]
Event: 9.676 Thread 0x000001ca6700c000 4115       1       com.google.common.collect.MapMakerInternalMap$AbstractStrongKeyEntry::getKey (5 bytes)
Event: 9.676 Thread 0x000001ca6700c000 nmethod 4115 0x000001ca582cd390 code [0x000001ca582cd540, 0x000001ca582cd5f8]
Event: 9.678 Thread 0x000001ca6700c000 4116       3       java.lang.Character::isJavaIdentifierPart (9 bytes)
Event: 9.678 Thread 0x000001ca6700c000 nmethod 4116 0x000001ca513f3610 code [0x000001ca513f37e0, 0x000001ca513f39b8]
Event: 9.678 Thread 0x000001ca6700c000 4117       3       java.lang.CharacterDataLatin1::isJavaIdentifierPart (20 bytes)
Event: 9.679 Thread 0x000001ca6700c000 nmethod 4117 0x000001ca513f3a90 code [0x000001ca513f3c40, 0x000001ca513f3e38]

GC Heap History (20 events):
Event: 7.075 GC heap after
{Heap after GC invocations=25 (full 0):
 garbage-first heap   total 63488K, used 51303K [0x0000000080000000, 0x0000000100000000)
  region size 1024K, 1 young (1024K), 1 survivors (1024K)
 Metaspace       used 29180K, capacity 30005K, committed 30256K, reserved 1075200K
  class space    used 3850K, capacity 4129K, committed 4224K, reserved 1048576K
}
Event: 7.108 GC heap before
{Heap before GC invocations=26 (full 0):
 garbage-first heap   total 63488K, used 53351K [0x0000000080000000, 0x0000000100000000)
  region size 1024K, 3 young (3072K), 1 survivors (1024K)
 Metaspace       used 29369K, capacity 30288K, committed 30512K, reserved 1075200K
  class space    used 3891K, capacity 4202K, committed 4224K, reserved 1048576K
}
Event: 7.110 GC heap after
{Heap after GC invocations=27 (full 0):
 garbage-first heap   total 63488K, used 51349K [0x0000000080000000, 0x0000000100000000)
  region size 1024K, 1 young (1024K), 1 survivors (1024K)
 Metaspace       used 29369K, capacity 30288K, committed 30512K, reserved 1075200K
  class space    used 3891K, capacity 4202K, committed 4224K, reserved 1048576K
}
Event: 7.131 GC heap before
{Heap before GC invocations=27 (full 0):
 garbage-first heap   total 63488K, used 52373K [0x0000000080000000, 0x0000000100000000)
  region size 1024K, 3 young (3072K), 1 survivors (1024K)
 Metaspace       used 29512K, capacity 30373K, committed 30512K, reserved 1075200K
  class space    used 3912K, capacity 4210K, committed 4224K, reserved 1048576K
}
Event: 7.133 GC heap after
{Heap after GC invocations=28 (full 0):
 garbage-first heap   total 83968K, used 51511K [0x0000000080000000, 0x0000000100000000)
  region size 1024K, 1 young (1024K), 1 survivors (1024K)
 Metaspace       used 29512K, capacity 30373K, committed 30512K, reserved 1075200K
  class space    used 3912K, capacity 4210K, committed 4224K, reserved 1048576K
}
Event: 7.300 GC heap before
{Heap before GC invocations=29 (full 0):
 garbage-first heap   total 83968K, used 64823K [0x0000000080000000, 0x0000000100000000)
  region size 1024K, 14 young (14336K), 1 survivors (1024K)
 Metaspace       used 30818K, capacity 31756K, committed 31792K, reserved 1077248K
  class space    used 4114K, capacity 4460K, committed 4480K, reserved 1048576K
}
Event: 7.303 GC heap after
{Heap after GC invocations=30 (full 0):
 garbage-first heap   total 83968K, used 51880K [0x0000000080000000, 0x0000000100000000)
  region size 1024K, 1 young (1024K), 1 survivors (1024K)
 Metaspace       used 30818K, capacity 31756K, committed 31792K, reserved 1077248K
  class space    used 4114K, capacity 4460K, committed 4480K, reserved 1048576K
}
Event: 7.417 GC heap before
{Heap before GC invocations=30 (full 0):
 garbage-first heap   total 83968K, used 65192K [0x0000000080000000, 0x0000000100000000)
  region size 1024K, 14 young (14336K), 1 survivors (1024K)
 Metaspace       used 31943K, capacity 32881K, committed 33072K, reserved 1077248K
  class space    used 4296K, capacity 4642K, committed 4736K, reserved 1048576K
}
Event: 7.419 GC heap after
{Heap after GC invocations=31 (full 0):
 garbage-first heap   total 83968K, used 52282K [0x0000000080000000, 0x0000000100000000)
  region size 1024K, 2 young (2048K), 2 survivors (2048K)
 Metaspace       used 31943K, capacity 32881K, committed 33072K, reserved 1077248K
  class space    used 4296K, capacity 4642K, committed 4736K, reserved 1048576K
}
Event: 7.637 GC heap before
{Heap before GC invocations=32 (full 0):
 garbage-first heap   total 83968K, used 65594K [0x0000000080000000, 0x0000000100000000)
  region size 1024K, 15 young (15360K), 2 survivors (2048K)
 Metaspace       used 33950K, capacity 34984K, committed 35120K, reserved 1079296K
  class space    used 4579K, capacity 4938K, committed 4992K, reserved 1048576K
}
Event: 7.641 GC heap after
{Heap after GC invocations=33 (full 0):
 garbage-first heap   total 83968K, used 52951K [0x0000000080000000, 0x0000000100000000)
  region size 1024K, 2 young (2048K), 2 survivors (2048K)
 Metaspace       used 33950K, capacity 34984K, committed 35120K, reserved 1079296K
  class space    used 4579K, capacity 4938K, committed 4992K, reserved 1048576K
}
Event: 8.029 GC heap before
{Heap before GC invocations=33 (full 0):
 garbage-first heap   total 83968K, used 67287K [0x0000000080000000, 0x0000000100000000)
  region size 1024K, 16 young (16384K), 2 survivors (2048K)
 Metaspace       used 38289K, capacity 39431K, committed 39728K, reserved 1083392K
  class space    used 4997K, capacity 5400K, committed 5504K, reserved 1048576K
}
Event: 8.043 GC heap after
{Heap after GC invocations=34 (full 0):
 garbage-first heap   total 145408K, used 54898K [0x0000000080000000, 0x0000000100000000)
  region size 1024K, 2 young (2048K), 2 survivors (2048K)
 Metaspace       used 38289K, capacity 39431K, committed 39728K, reserved 1083392K
  class space    used 4997K, capacity 5400K, committed 5504K, reserved 1048576K
}
Event: 8.677 GC heap before
{Heap before GC invocations=35 (full 0):
 garbage-first heap   total 145408K, used 95858K [0x0000000080000000, 0x0000000100000000)
  region size 1024K, 40 young (40960K), 2 survivors (2048K)
 Metaspace       used 41371K, capacity 42576K, committed 42800K, reserved 1087488K
  class space    used 5232K, capacity 5674K, committed 5760K, reserved 1048576K
}
Event: 8.687 GC heap after
{Heap after GC invocations=36 (full 0):
 garbage-first heap   total 145408K, used 58840K [0x0000000080000000, 0x0000000100000000)
  region size 1024K, 5 young (5120K), 5 survivors (5120K)
 Metaspace       used 41371K, capacity 42576K, committed 42800K, reserved 1087488K
  class space    used 5232K, capacity 5674K, committed 5760K, reserved 1048576K
}
Event: 9.380 GC heap before
{Heap before GC invocations=36 (full 0):
 garbage-first heap   total 145408K, used 107992K [0x0000000080000000, 0x0000000100000000)
  region size 1024K, 44 young (45056K), 5 survivors (5120K)
 Metaspace       used 44195K, capacity 45440K, committed 45488K, reserved 1089536K
  class space    used 5658K, capacity 6111K, committed 6144K, reserved 1048576K
}
Event: 9.392 GC heap after
{Heap after GC invocations=37 (full 0):
 garbage-first heap   total 145408K, used 71146K [0x0000000080000000, 0x0000000100000000)
  region size 1024K, 5 young (5120K), 5 survivors (5120K)
 Metaspace       used 44195K, capacity 45440K, committed 45488K, reserved 1089536K
  class space    used 5658K, capacity 6111K, committed 6144K, reserved 1048576K
}
Event: 9.467 GC heap before
{Heap before GC invocations=38 (full 0):
 garbage-first heap   total 145408K, used 78314K [0x0000000080000000, 0x0000000100000000)
  region size 1024K, 6 young (6144K), 5 survivors (5120K)
 Metaspace       used 44199K, capacity 45440K, committed 45488K, reserved 1089536K
  class space    used 5658K, capacity 6111K, committed 6144K, reserved 1048576K
}
Event: 9.472 GC heap after
{Heap after GC invocations=39 (full 0):
 garbage-first heap   total 145408K, used 79514K [0x0000000080000000, 0x0000000100000000)
  region size 1024K, 4 young (4096K), 4 survivors (4096K)
 Metaspace       used 44199K, capacity 45440K, committed 45488K, reserved 1089536K
  class space    used 5658K, capacity 6111K, committed 6144K, reserved 1048576K
}
Event: 9.693 GC heap before
{Heap before GC invocations=40 (full 0):
 garbage-first heap   total 145408K, used 95898K [0x0000000080000000, 0x0000000100000000)
  region size 1024K, 19 young (19456K), 4 survivors (4096K)
 Metaspace       used 44892K, capacity 46257K, committed 46384K, reserved 1089536K
  class space    used 5737K, capacity 6210K, committed 6272K, reserved 1048576K
}

Deoptimization events (20 events):
Event: 8.811 Thread 0x000001ca692fe800 DEOPT PACKING pc=0x000001ca5823ae34 sp=0x00000033b8cf7770
Event: 8.811 Thread 0x000001ca692fe800 DEOPT UNPACKING pc=0x000001ca5060a1af sp=0x00000033b8cf76e8 mode 2
Event: 9.270 Thread 0x000001ca692fe800 DEOPT PACKING pc=0x000001ca50c1839b sp=0x00000033b8cf8480
Event: 9.270 Thread 0x000001ca692fe800 DEOPT UNPACKING pc=0x000001ca5060a95e sp=0x00000033b8cf79c0 mode 0
Event: 9.270 Thread 0x000001ca692fe800 Uncommon trap: trap_request=0xffffff4d fr.pc=0x000001ca580a8f00 relative=0x0000000000000060
Event: 9.270 Thread 0x000001ca692fe800 Uncommon trap: reason=unstable_if action=reinterpret pc=0x000001ca580a8f00 method=java.io.WinNTFileSystem.isSlash(C)Z @ 9 c2
Event: 9.270 Thread 0x000001ca692fe800 DEOPT PACKING pc=0x000001ca580a8f00 sp=0x00000033b8cf84c0
Event: 9.270 Thread 0x000001ca692fe800 DEOPT UNPACKING pc=0x000001ca5060a1af sp=0x00000033b8cf8448 mode 2
Event: 9.491 Thread 0x000001ca692fe800 Uncommon trap: trap_request=0xffffff4d fr.pc=0x000001ca581f148c relative=0x0000000000004bec
Event: 9.491 Thread 0x000001ca692fe800 Uncommon trap: reason=unstable_if action=reinterpret pc=0x000001ca581f148c method=java.lang.StringLatin1.regionMatchesCI([BI[BII)Z @ 66 c2
Event: 9.491 Thread 0x000001ca692fe800 DEOPT PACKING pc=0x000001ca581f148c sp=0x00000033b8cf7680
Event: 9.491 Thread 0x000001ca692fe800 DEOPT UNPACKING pc=0x000001ca5060a1af sp=0x00000033b8cf7430 mode 2
Event: 9.491 Thread 0x000001ca692fe800 Uncommon trap: trap_request=0xffffff4d fr.pc=0x000001ca5817c4bc relative=0x00000000000005dc
Event: 9.491 Thread 0x000001ca692fe800 Uncommon trap: reason=unstable_if action=reinterpret pc=0x000001ca5817c4bc method=java.lang.StringLatin1.regionMatchesCI([BI[BII)Z @ 66 c2
Event: 9.491 Thread 0x000001ca692fe800 DEOPT PACKING pc=0x000001ca5817c4bc sp=0x00000033b8cf74f0
Event: 9.491 Thread 0x000001ca692fe800 DEOPT UNPACKING pc=0x000001ca5060a1af sp=0x00000033b8cf73c0 mode 2
Event: 9.676 Thread 0x000001ca692fe800 Uncommon trap: trap_request=0xffffff4d fr.pc=0x000001ca580e17b8 relative=0x0000000000000558
Event: 9.676 Thread 0x000001ca692fe800 Uncommon trap: reason=unstable_if action=reinterpret pc=0x000001ca580e17b8 method=java.util.jar.Manifest$FastInputStream.readLine([BII)I @ 130 c2
Event: 9.676 Thread 0x000001ca692fe800 DEOPT PACKING pc=0x000001ca580e17b8 sp=0x00000033b8cf4d50
Event: 9.676 Thread 0x000001ca692fe800 DEOPT UNPACKING pc=0x000001ca5060a1af sp=0x00000033b8cf4ce0 mode 2

Classes redefined (0 events):
No events

Internal exceptions (20 events):
Event: 9.600 Thread 0x000001ca692fe800 Exception <a 'java/lang/ClassNotFoundException'{0x00000000885f9b48}: org/gradle/internal/service/DefaultServiceRegistryCustomizer> (0x00000000885f9b48) thrown at [src/hotspot/share/classfile/systemDictionary.cpp, line 230]
Event: 9.602 Thread 0x000001ca692fe800 Exception <a 'java/lang/ClassNotFoundException'{0x0000000088435be0}: org/gradle/internal/service/scopes/GradleScopeServicesCustomizer> (0x0000000088435be0) thrown at [src/hotspot/share/classfile/systemDictionary.cpp, line 230]
Event: 9.606 Thread 0x000001ca692fe800 Exception <a 'java/lang/ClassNotFoundException'{0x000000008847f6c8}: org/gradle/util/GradleVersionBeanInfo> (0x000000008847f6c8) thrown at [src/hotspot/share/classfile/systemDictionary.cpp, line 230]
Event: 9.606 Thread 0x000001ca692fe800 Exception <a 'java/lang/ClassNotFoundException'{0x00000000884a66b8}: org/gradle/util/GradleVersionCustomizer> (0x00000000884a66b8) thrown at [src/hotspot/share/classfile/systemDictionary.cpp, line 230]
Event: 9.612 Thread 0x000001ca692fe800 Exception <a 'java/lang/ClassNotFoundException'{0x000000008831bd68}: org/gradle/util/internal/DefaultGradleVersionBeanInfo> (0x000000008831bd68) thrown at [src/hotspot/share/classfile/systemDictionary.cpp, line 230]
Event: 9.613 Thread 0x000001ca692fe800 Exception <a 'java/lang/ClassNotFoundException'{0x00000000883479c8}: org/gradle/util/internal/DefaultGradleVersionCustomizer> (0x00000000883479c8) thrown at [src/hotspot/share/classfile/systemDictionary.cpp, line 230]
Event: 9.620 Thread 0x000001ca692fe800 Exception <a 'java/lang/ClassNotFoundException'{0x00000000883b6948}: org/jetbrains/plugins/gradle/tooling/internal/ExtraModelBuilderBeanInfo> (0x00000000883b6948) thrown at [src/hotspot/share/classfile/systemDictionary.cpp, line 230]
Event: 9.621 Thread 0x000001ca692fe800 Exception <a 'java/lang/ClassNotFoundException'{0x00000000883c1c18}: org/jetbrains/plugins/gradle/tooling/internal/ExtraModelBuilderCustomizer> (0x00000000883c1c18) thrown at [src/hotspot/share/classfile/systemDictionary.cpp, line 230]
Event: 9.632 Thread 0x000001ca692fe800 Exception <a 'java/lang/ClassNotFoundException'{0x00000000882db7f0}: java/lang/StringBeanInfo> (0x00000000882db7f0) thrown at [src/hotspot/share/classfile/systemDictionary.cpp, line 230]
Event: 9.633 Thread 0x000001ca692fe800 Exception <a 'java/lang/ClassNotFoundException'{0x00000000882e4108}: java/lang/StringCustomizer> (0x00000000882e4108) thrown at [src/hotspot/share/classfile/systemDictionary.cpp, line 230]
Event: 9.640 Thread 0x000001ca692fe800 Exception <a 'java/lang/ClassNotFoundException'{0x0000000088178540}: org/gradle/internal/classloader/VisitableURLClassLoaderBeanInfo> (0x0000000088178540) thrown at [src/hotspot/share/classfile/systemDictionary.cpp, line 230]
Event: 9.640 Thread 0x000001ca692fe800 Exception <a 'java/lang/ClassNotFoundException'{0x0000000088180f00}: java/net/URLClassLoaderBeanInfo> (0x0000000088180f00) thrown at [src/hotspot/share/classfile/systemDictionary.cpp, line 230]
Event: 9.640 Thread 0x000001ca692fe800 Exception <a 'java/lang/ClassNotFoundException'{0x0000000088189c88}: java/security/SecureClassLoaderBeanInfo> (0x0000000088189c88) thrown at [src/hotspot/share/classfile/systemDictionary.cpp, line 230]
Event: 9.640 Thread 0x000001ca692fe800 Exception <a 'java/lang/ClassNotFoundException'{0x0000000088192f60}: java/lang/ClassLoaderBeanInfo> (0x0000000088192f60) thrown at [src/hotspot/share/classfile/systemDictionary.cpp, line 230]
Event: 9.641 Thread 0x000001ca692fe800 Exception <a 'java/lang/ClassNotFoundException'{0x000000008819bb98}: java/lang/ClassLoaderCustomizer> (0x000000008819bb98) thrown at [src/hotspot/share/classfile/systemDictionary.cpp, line 230]
Event: 9.642 Thread 0x000001ca692fe800 Exception <a 'java/lang/ClassNotFoundException'{0x00000000881b1670}: java/security/SecureClassLoaderCustomizer> (0x00000000881b1670) thrown at [src/hotspot/share/classfile/systemDictionary.cpp, line 230]
Event: 9.642 Thread 0x000001ca692fe800 Exception <a 'java/lang/ClassNotFoundException'{0x00000000881bc3b8}: java/net/URLClassLoaderCustomizer> (0x00000000881bc3b8) thrown at [src/hotspot/share/classfile/systemDictionary.cpp, line 230]
Event: 9.644 Thread 0x000001ca692fe800 Exception <a 'java/lang/ClassNotFoundException'{0x00000000881f0000}: org/gradle/internal/classloader/VisitableURLClassLoaderCustomizer> (0x00000000881f0000) thrown at [src/hotspot/share/classfile/systemDictionary.cpp, line 230]
Event: 9.649 Thread 0x000001ca692fe800 Exception <a 'java/lang/ClassNotFoundException'{0x0000000088035590}: org/jetbrains/plugins/gradle/tooling/internal/ExtraModelBuilder$ForGradle44BeanInfo> (0x0000000088035590) thrown at [src/hotspot/share/classfile/systemDictionary.cpp, line 230]
Event: 9.649 Thread 0x000001ca692fe800 Exception <a 'java/lang/ClassNotFoundException'{0x00000000880413c8}: org/jetbrains/plugins/gradle/tooling/internal/ExtraModelBuilder$ForGradle44Customizer> (0x00000000880413c8) thrown at [src/hotspot/share/classfile/systemDictionary.cpp, line 230]

Events (20 events):
Event: 9.687 loading class kotlin/collections/CollectionsKt__ReversedViewsKt done
Event: 9.688 loading class kotlin/collections/CollectionsKt__MutableCollectionsKt
Event: 9.688 loading class kotlin/collections/CollectionsKt__MutableCollectionsKt done
Event: 9.689 loading class kotlin/collections/CollectionsKt__MutableCollectionsJVMKt
Event: 9.689 loading class kotlin/collections/CollectionsKt__MutableCollectionsJVMKt done
Event: 9.689 loading class kotlin/collections/CollectionsKt__IteratorsKt
Event: 9.689 loading class kotlin/collections/CollectionsKt__IteratorsKt done
Event: 9.689 loading class kotlin/collections/CollectionsKt__IteratorsJVMKt
Event: 9.689 loading class kotlin/collections/CollectionsKt__IteratorsJVMKt done
Event: 9.689 loading class kotlin/collections/CollectionsKt__IterablesKt
Event: 9.689 loading class kotlin/collections/CollectionsKt__IterablesKt done
Event: 9.690 loading class kotlin/collections/CollectionsKt__CollectionsKt
Event: 9.690 loading class kotlin/collections/CollectionsKt__CollectionsKt done
Event: 9.691 loading class kotlin/collections/CollectionsKt__CollectionsJVMKt
Event: 9.691 loading class kotlin/collections/CollectionsKt__CollectionsJVMKt done
Event: 9.692 loading class kotlin/collections/ArraysKt
Event: 9.692 loading class kotlin/collections/ArraysKt done
Event: 9.692 loading class kotlin/collections/ArraysKt___ArraysKt
Event: 9.692 loading class kotlin/collections/ArraysKt___ArraysKt done
Event: 9.693 Executing VM operation: G1CollectForAllocation


Dynamic libraries:
0x00007ff71dc00000 - 0x00007ff71dc0a000 	C:\Program Files\Android\Android Studio\jbr\bin\java.exe
0x00007ff852b30000 - 0x00007ff852d44000 	C:\WINDOWS\SYSTEM32\ntdll.dll
0x00007ff852a00000 - 0x00007ff852ac2000 	C:\WINDOWS\System32\KERNEL32.DLL
0x00007ff84ff30000 - 0x00007ff8502d3000 	C:\WINDOWS\System32\KERNELBASE.dll
0x00007ff8502e0000 - 0x00007ff8503f1000 	C:\WINDOWS\System32\ucrtbase.dll
0x00007ff84dc80000 - 0x00007ff84dc97000 	C:\Program Files\Android\Android Studio\jbr\bin\jli.dll
0x00007ff84dba0000 - 0x00007ff84dbbb000 	C:\Program Files\Android\Android Studio\jbr\bin\VCRUNTIME140.dll
0x00007ff852850000 - 0x00007ff8529fb000 	C:\WINDOWS\System32\USER32.dll
0x00007ff850700000 - 0x00007ff850726000 	C:\WINDOWS\System32\win32u.dll
0x00007ff851d50000 - 0x00007ff851d79000 	C:\WINDOWS\System32\GDI32.dll
0x00007ff850400000 - 0x00007ff850519000 	C:\WINDOWS\System32\gdi32full.dll
0x00007ff850520000 - 0x00007ff8505ba000 	C:\WINDOWS\System32\msvcp_win.dll
0x00007ff83fc50000 - 0x00007ff83fede000 	C:\WINDOWS\WinSxS\amd64_microsoft.windows.common-controls_6595b64144ccf1df_6.0.22621.1635_none_270f70857386168e\COMCTL32.dll
0x00007ff8514a0000 - 0x00007ff851547000 	C:\WINDOWS\System32\msvcrt.dll
0x00007ff852290000 - 0x00007ff8522c1000 	C:\WINDOWS\System32\IMM32.DLL
0x00007ff84dc70000 - 0x00007ff84dc7c000 	C:\Program Files\Android\Android Studio\jbr\bin\vcruntime140_1.dll
0x00007ff84cbb0000 - 0x00007ff84cc3d000 	C:\Program Files\Android\Android Studio\jbr\bin\msvcp140.dll
0x00007ffff8f90000 - 0x00007ffff9b4c000 	C:\Program Files\Android\Android Studio\jbr\bin\server\jvm.dll
0x00007ff8521e0000 - 0x00007ff85228e000 	C:\WINDOWS\System32\ADVAPI32.dll
0x00007ff851e60000 - 0x00007ff851f04000 	C:\WINDOWS\System32\sechost.dll
0x00007ff8512a0000 - 0x00007ff8513b7000 	C:\WINDOWS\System32\RPCRT4.dll
0x00007ff852840000 - 0x00007ff852848000 	C:\WINDOWS\System32\PSAPI.DLL
0x00007ff845990000 - 0x00007ff8459c4000 	C:\WINDOWS\SYSTEM32\WINMM.dll
0x00007ff846d40000 - 0x00007ff846d4a000 	C:\WINDOWS\SYSTEM32\VERSION.dll
0x00007ff84cf60000 - 0x00007ff84cf69000 	C:\WINDOWS\SYSTEM32\WSOCK32.dll
0x00007ff8523d0000 - 0x00007ff852441000 	C:\WINDOWS\System32\WS2_32.dll
0x00007ff84ef80000 - 0x00007ff84ef98000 	C:\WINDOWS\SYSTEM32\kernel.appcore.dll
0x00007ff84dca0000 - 0x00007ff84dcb0000 	C:\Program Files\Android\Android Studio\jbr\bin\verify.dll
0x00007ff84a8c0000 - 0x00007ff84aaee000 	C:\WINDOWS\SYSTEM32\DBGHELP.DLL
0x00007ff852450000 - 0x00007ff8527d9000 	C:\WINDOWS\System32\combase.dll
0x00007ff851d80000 - 0x00007ff851e57000 	C:\WINDOWS\System32\OLEAUT32.dll
0x00007ff845710000 - 0x00007ff845742000 	C:\WINDOWS\SYSTEM32\dbgcore.DLL
0x00007ff850680000 - 0x00007ff8506fb000 	C:\WINDOWS\System32\bcryptPrimitives.dll
0x00007ff84dc10000 - 0x00007ff84dc38000 	C:\Program Files\Android\Android Studio\jbr\bin\java.dll
0x00007ff84dc60000 - 0x00007ff84dc6a000 	C:\Program Files\Android\Android Studio\jbr\bin\jimage.dll
0x00007ff84d8a0000 - 0x00007ff84d8b8000 	C:\Program Files\Android\Android Studio\jbr\bin\zip.dll
0x00007ff850990000 - 0x00007ff85118a000 	C:\WINDOWS\System32\SHELL32.dll
0x00007ff84ddc0000 - 0x00007ff84e68e000 	C:\WINDOWS\SYSTEM32\windows.storage.dll
0x00007ff84e6c0000 - 0x00007ff84e7fe000 	C:\WINDOWS\SYSTEM32\wintypes.dll
0x00007ff851f20000 - 0x00007ff852011000 	C:\WINDOWS\System32\SHCORE.dll
0x00007ff8527e0000 - 0x00007ff85283e000 	C:\WINDOWS\System32\shlwapi.dll
0x00007ff84fe60000 - 0x00007ff84fe81000 	C:\WINDOWS\SYSTEM32\profapi.dll
0x00007ff84d880000 - 0x00007ff84d899000 	C:\Program Files\Android\Android Studio\jbr\bin\net.dll
0x00007ff845fb0000 - 0x00007ff8460e7000 	C:\WINDOWS\SYSTEM32\WINHTTP.dll
0x00007ff84f3f0000 - 0x00007ff84f459000 	C:\WINDOWS\system32\mswsock.dll
0x00007ff84d220000 - 0x00007ff84d233000 	C:\Program Files\Android\Android Studio\jbr\bin\nio.dll
0x00007ff84bd00000 - 0x00007ff84bd27000 	C:\Users\YASASVI HIMAYA\.gradle\native\e1d6ef7f7dcc3fd88c89a11ec53ec762bb8ba0a96d01ffa2cd45eb1d1d8dd5c5\windows-amd64\native-platform.dll
0x00007ff84bf00000 - 0x00007ff84c044000 	C:\Users\YASASVI HIMAYA\.gradle\native\0d407fdbe67a94daf76414ababcb853783967236a71b16ec16e742cd7a986fd3\windows-amd64\native-platform-file-events.dll
0x00007ff84d310000 - 0x00007ff84d31a000 	C:\Program Files\Android\Android Studio\jbr\bin\management.dll
0x00007ff84d200000 - 0x00007ff84d20b000 	C:\Program Files\Android\Android Studio\jbr\bin\management_ext.dll
0x00007ff84f650000 - 0x00007ff84f66b000 	C:\WINDOWS\SYSTEM32\CRYPTSP.dll
0x00007ff84eef0000 - 0x00007ff84ef25000 	C:\WINDOWS\system32\rsaenh.dll
0x00007ff84f4f0000 - 0x00007ff84f518000 	C:\WINDOWS\SYSTEM32\USERENV.dll
0x00007ff84f810000 - 0x00007ff84f838000 	C:\WINDOWS\SYSTEM32\bcrypt.dll
0x00007ff84f670000 - 0x00007ff84f67c000 	C:\WINDOWS\SYSTEM32\CRYPTBASE.dll
0x00007ff84ea60000 - 0x00007ff84ea8d000 	C:\WINDOWS\SYSTEM32\IPHLPAPI.DLL
0x00007ff851f10000 - 0x00007ff851f19000 	C:\WINDOWS\System32\NSI.dll
0x00007ff845970000 - 0x00007ff845989000 	C:\WINDOWS\SYSTEM32\dhcpcsvc6.DLL
0x00007ff845950000 - 0x00007ff84596f000 	C:\WINDOWS\SYSTEM32\dhcpcsvc.DLL
0x00007ff84ead0000 - 0x00007ff84ebc3000 	C:\WINDOWS\SYSTEM32\DNSAPI.dll

dbghelp: loaded successfully - version: 4.0.5 - missing functions: none
symbol engine: initialized successfully - sym options: 0x614 - pdb path: .;C:\Program Files\Android\Android Studio\jbr\bin;C:\WINDOWS\SYSTEM32;C:\WINDOWS\WinSxS\amd64_microsoft.windows.common-controls_6595b64144ccf1df_6.0.22621.1635_none_270f70857386168e;C:\Program Files\Android\Android Studio\jbr\bin\server;C:\Users\YASASVI HIMAYA\.gradle\native\e1d6ef7f7dcc3fd88c89a11ec53ec762bb8ba0a96d01ffa2cd45eb1d1d8dd5c5\windows-amd64;C:\Users\YASASVI HIMAYA\.gradle\native\0d407fdbe67a94daf76414ababcb853783967236a71b16ec16e742cd7a986fd3\windows-amd64

VM Arguments:
jvm_args: --add-opens=java.base/java.util=ALL-UNNAMED --add-opens=java.base/java.lang=ALL-UNNAMED --add-opens=java.base/java.lang.invoke=ALL-UNNAMED --add-opens=java.base/java.util=ALL-UNNAMED --add-opens=java.prefs/java.util.prefs=ALL-UNNAMED --add-opens=java.prefs/java.util.prefs=ALL-UNNAMED --add-opens=java.base/java.nio.charset=ALL-UNNAMED --add-opens=java.base/java.net=ALL-UNNAMED --add-opens=java.base/java.util.concurrent.atomic=ALL-UNNAMED -Xmx2048m -Dfile.encoding=UTF-8 -Duser.country=US -Duser.language=en -Duser.variant 
java_command: org.gradle.launcher.daemon.bootstrap.GradleDaemon 7.5
java_class_path (initial): C:\Users\YASASVI HIMAYA\.gradle\wrapper\dists\gradle-7.5-bin\f1w0cc9nuo0eivz97x2xlu9sv\gradle-7.5\lib\gradle-launcher-7.5.jar
Launcher Type: SUN_STANDARD

[Global flags]
     intx CICompilerCount                          = 3                                         {product} {ergonomic}
     uint ConcGCThreads                            = 1                                         {product} {ergonomic}
     uint G1ConcRefinementThreads                  = 4                                         {product} {ergonomic}
   size_t G1HeapRegionSize                         = 1048576                                   {product} {ergonomic}
    uintx GCDrainStackTargetSize                   = 64                                        {product} {ergonomic}
   size_t InitialHeapSize                          = 65011712                                  {product} {ergonomic}
   size_t MarkStackSize                            = 4194304                                   {product} {ergonomic}
   size_t MaxHeapSize                              = 2147483648                                {product} {command line}
   size_t MaxNewSize                               = 1287651328                                {product} {ergonomic}
   size_t MinHeapDeltaBytes                        = 1048576                                   {product} {ergonomic}
    uintx NonNMethodCodeHeapSize                   = 5830732                                {pd product} {ergonomic}
    uintx NonProfiledCodeHeapSize                  = 122913754                              {pd product} {ergonomic}
    uintx ProfiledCodeHeapSize                     = 122913754                              {pd product} {ergonomic}
    uintx ReservedCodeCacheSize                    = 251658240                              {pd product} {ergonomic}
     bool SegmentedCodeCache                       = true                                      {product} {ergonomic}
     bool UseCompressedClassPointers               = true                                 {lp64_product} {ergonomic}
     bool UseCompressedOops                        = true                                 {lp64_product} {ergonomic}
     bool UseG1GC                                  = true                                      {product} {ergonomic}
     bool UseLargePagesIndividualAllocation        = false                                  {pd product} {ergonomic}

Logging:
Log output configuration:
 #0: stdout all=warning uptime,level,tags
 #1: stderr all=off uptime,level,tags

Environment Variables:
PATH=C:\Program Files\Microsoft\jdk-11.0.12.7-hotspot\bin;C:\Program Files\Common Files\Oracle\Java\javapath;C:\Program Files (x86)\Common Files\Oracle\Java\javapath;C:\WINDOWS\system32;C:\WINDOWS;C:\WINDOWS\System32\Wbem;C:\WINDOWS\System32\WindowsPowerShell\v1.0\;C:\WINDOWS\System32\OpenSSH\;C:\Program Files\Intel\WiFi\bin\;C:\Program Files\Common Files\Intel\WirelessCommon\;C:\Program Files\Microsoft SQL Server\150\Tools\Binn\;C:\Program Files\dotnet\;C:\Program Files (x86)\Microsoft SQL Server\150\DTS\Binn\;C:\Program Files\Azure Data Studio\bin;C:\WINDOWS\system32;C:\WINDOWS;C:\WINDOWS\System32\Wbem;C:\WINDOWS\System32\WindowsPowerShell\v1.0\;C:\WINDOWS\System32\OpenSSH\;C:\Program Files\nodejs\;C:\Users\YASASVI HIMAYA\AppData\Local\Microsoft\WindowsApps;C:\Users\YASASVI HIMAYA\.dotnet\tools;C:\Program Files\Azure Data Studio\bin;;C:\Users\YASASVI HIMAYA\AppData\Local\Programs\Microsoft VS Code\bin;C:\Users\YASASVI HIMAYA\AppData\Roaming\npm
USERNAME=YASASVI HIMAYA
OS=Windows_NT
PROCESSOR_IDENTIFIER=Intel64 Family 6 Model 142 Stepping 12, GenuineIntel



---------------  S Y S T E M  ---------------

OS: Windows 11 , 64 bit Build 22621 (10.0.22621.1778)
OS uptime: 15 days 20:23 hours

CPU:total 4 (initial active 4) (2 cores per cpu, 2 threads per core) family 6 model 142 stepping 12 microcode 0xde, cmov, cx8, fxsr, mmx, sse, sse2, sse3, ssse3, sse4.1, sse4.2, popcnt, avx, avx2, aes, clmul, erms, 3dnowpref, lzcnt, ht, tsc, tscinvbit, bmi1, bmi2, adx, fma

Memory: 4k page, system-wide physical 3948M (356M free)
TotalPageFile size 16236M (AvailPageFile size 23M)
current process WorkingSet (physical memory assigned to process): 291M, peak: 294M
current process commit charge ("private bytes"): 332M, peak: 432M

vm_info: OpenJDK 64-Bit Server VM (11.0.15+0-b2043.56-9505619) for windows-amd64 JRE (11.0.15+0-b2043.56-9505619), built on Jan 19 2023 02:48:00 by "builduser" with unknown MS VC++:1929

END.
