#
# There is insufficient memory for the Java Runtime Environment to continue.
# Native memory allocation (mmap) failed to map 61865984 bytes for Failed to commit area from 0x0000000084c00000 to 0x0000000088700000 of length 61865984.
# Possible reasons:
#   The system is out of physical RAM or swap space
#   The process is running with CompressedOops enabled, and the Java Heap may be blocking the growth of the native heap
# Possible solutions:
#   Reduce memory load on the system
#   Increase physical memory or swap space
#   Check if swap backing store is full
#   Decrease Java heap size (-Xmx/-Xms)
#   Decrease number of Java threads
#   Decrease Java thread stack sizes (-Xss)
#   Set larger code cache with -XX:ReservedCodeCacheSize=
#   JVM is running with Unscaled Compressed Oops mode in which the Java heap is
#     placed in the first 4GB address space. The Java Heap base address is the
#     maximum limit for the native heap growth. Please use -XX:HeapBaseMinAddress
#     to set the Java Heap base and to place the Java Heap above 4GB virtual address.
# This output file may be truncated or incomplete.
#
#  Out of Memory Error (src/hotspot/os/windows/os_windows.cpp:3627), pid=1460, tid=18328
#
# JRE version: OpenJDK Runtime Environment (11.0.15) (build 11.0.15+0-b2043.56-9505619)
# Java VM: OpenJDK 64-Bit Server VM (11.0.15+0-b2043.56-9505619, mixed mode, tiered, compressed oops, g1 gc, windows-amd64)
# No core dump will be written. Minidumps are not enabled by default on client versions of Windows
#

---------------  S U M M A R Y ------------

Command Line: --add-opens=java.base/java.util=ALL-UNNAMED --add-opens=java.base/java.lang=ALL-UNNAMED --add-opens=java.base/java.lang.invoke=ALL-UNNAMED --add-opens=java.base/java.util=ALL-UNNAMED --add-opens=java.prefs/java.util.prefs=ALL-UNNAMED --add-opens=java.prefs/java.util.prefs=ALL-UNNAMED --add-opens=java.base/java.nio.charset=ALL-UNNAMED --add-opens=java.base/java.net=ALL-UNNAMED --add-opens=java.base/java.util.concurrent.atomic=ALL-UNNAMED -Xmx2048m -Dfile.encoding=UTF-8 -Duser.country=US -Duser.language=en -Duser.variant org.gradle.launcher.daemon.bootstrap.GradleDaemon 7.5

Host: Intel(R) Core(TM) i3-8145U CPU @ 2.10GHz, 4 cores, 3G,  Windows 11 , 64 bit Build 22621 (10.0.22621.1778)
Time: Tue Jul 11 14:53:34 2023 Sri Lanka Standard Time elapsed time: 37.810059 seconds (0d 0h 0m 37s)

---------------  T H R E A D  ---------------

Current thread (0x00000182f850d000):  VMThread "VM Thread" [stack: 0x0000004183e00000,0x0000004183f00000] [id=18328]

Stack: [0x0000004183e00000,0x0000004183f00000]
[error occurred during error reporting (printing stack bounds), id 0xc0000005, EXCEPTION_ACCESS_VIOLATION (0xc0000005) at pc=0x00000182e1cd112d]

Native frames: (J=compiled Java code, j=interpreted, Vv=VM code, C=native code)
V  [jvm.dll+0x64135a]
V  [jvm.dll+0x7d39f9]
V  [jvm.dll+0x7d51b9]
V  [jvm.dll+0x7d5805]
V  [jvm.dll+0x7d57bb]
V  [jvm.dll+0x640655]
V  [jvm.dll+0x640d68]
C  [ntdll.dll+0xa3cff]
C  [ntdll.dll+0x1e456]
C  [ntdll.dll+0xa2cee]
C  0x00000182e1cd112d

VM_Operation (0x00000041850ef3c0): G1CollectForAllocation, mode: safepoint, requested by thread 0x00000182f9cff800


---------------  P R O C E S S  ---------------

Threads class SMR info:
_java_thread_list=0x00000182fbba50a0, length=36, elements={
0x00000182dc9af800, 0x00000182f850f000, 0x00000182f8519000, 0x00000182f8e82800,
0x00000182f8e83800, 0x00000182f8e84800, 0x00000182f8e86000, 0x00000182f8e87000,
0x00000182f857e000, 0x00000182f8ff1000, 0x00000182fb227000, 0x00000182fb3b5000,
0x00000182fb0de800, 0x00000182fa395000, 0x00000182fb435800, 0x00000182f9cff000,
0x00000182f9cff800, 0x00000182f9350000, 0x00000182f9351000, 0x00000182f9a33800,
0x00000182f9a31800, 0x00000182f9a31000, 0x00000182f9a35000, 0x00000182fb617000,
0x00000182f9a36800, 0x00000182f9a34000, 0x00000182f9a36000, 0x00000182f9a37800,
0x00000182f9a32800, 0x00000182fd50f000, 0x00000182fd513800, 0x00000182fd510000,
0x00000182fd514000, 0x00000182fd516800, 0x00000182fd512800, 0x00000182fd515000
}

Java Threads: ( => current thread )
  0x00000182dc9af800 JavaThread "main" [_thread_blocked, id=984, stack(0x0000004183800000,0x0000004183900000)]
  0x00000182f850f000 JavaThread "Reference Handler" daemon [_thread_blocked, id=13564, stack(0x0000004183f00000,0x0000004184000000)]
  0x00000182f8519000 JavaThread "Finalizer" daemon [_thread_blocked, id=12508, stack(0x0000004184000000,0x0000004184100000)]
  0x00000182f8e82800 JavaThread "Signal Dispatcher" daemon [_thread_blocked, id=9336, stack(0x0000004184100000,0x0000004184200000)]
  0x00000182f8e83800 JavaThread "Attach Listener" daemon [_thread_blocked, id=17840, stack(0x0000004184200000,0x0000004184300000)]
  0x00000182f8e84800 JavaThread "Service Thread" daemon [_thread_blocked, id=14216, stack(0x0000004184300000,0x0000004184400000)]
  0x00000182f8e86000 JavaThread "C2 CompilerThread0" daemon [_thread_blocked, id=5312, stack(0x0000004184400000,0x0000004184500000)]
  0x00000182f8e87000 JavaThread "C1 CompilerThread0" daemon [_thread_blocked, id=9476, stack(0x0000004184500000,0x0000004184600000)]
  0x00000182f857e000 JavaThread "Sweeper thread" daemon [_thread_blocked, id=8520, stack(0x0000004184600000,0x0000004184700000)]
  0x00000182f8ff1000 JavaThread "Common-Cleaner" daemon [_thread_blocked, id=15852, stack(0x0000004184700000,0x0000004184800000)]
  0x00000182fb227000 JavaThread "Daemon health stats" [_thread_blocked, id=19508, stack(0x0000004184a00000,0x0000004184b00000)]
  0x00000182fb3b5000 JavaThread "Incoming local TCP Connector on port 52640" [_thread_in_native, id=17376, stack(0x0000004184b00000,0x0000004184c00000)]
  0x00000182fb0de800 JavaThread "Daemon periodic checks" [_thread_blocked, id=5340, stack(0x0000004184c00000,0x0000004184d00000)]
  0x00000182fa395000 JavaThread "Daemon" [_thread_blocked, id=18816, stack(0x0000004184d00000,0x0000004184e00000)]
  0x00000182fb435800 JavaThread "Handler for socket connection from /127.0.0.1:52640 to /127.0.0.1:52647" [_thread_in_native, id=13316, stack(0x0000004184e00000,0x0000004184f00000)]
  0x00000182f9cff000 JavaThread "Cancel handler" [_thread_blocked, id=5596, stack(0x0000004184f00000,0x0000004185000000)]
  0x00000182f9cff800 JavaThread "Daemon worker" [_thread_blocked, id=8920, stack(0x0000004185000000,0x0000004185100000)]
  0x00000182f9350000 JavaThread "Asynchronous log dispatcher for DefaultDaemonConnection: socket connection from /127.0.0.1:52640 to /127.0.0.1:52647" [_thread_blocked, id=15904, stack(0x0000004185100000,0x0000004185200000)]
  0x00000182f9351000 JavaThread "Stdin handler" [_thread_blocked, id=8260, stack(0x0000004185200000,0x0000004185300000)]
  0x00000182f9a33800 JavaThread "Daemon client event forwarder" [_thread_blocked, id=15044, stack(0x0000004185300000,0x0000004185400000)]
  0x00000182f9a31800 JavaThread "Cache worker for journal cache (C:\Users\YASASVI HIMAYA\.gradle\caches\journal-1)" [_thread_blocked, id=9788, stack(0x0000004185600000,0x0000004185700000)]
  0x00000182f9a31000 JavaThread "File lock request listener" [_thread_in_native, id=12176, stack(0x0000004185700000,0x0000004185800000)]
  0x00000182f9a35000 JavaThread "Cache worker for file hash cache (C:\Users\YASASVI HIMAYA\.gradle\caches\7.5\fileHashes)" [_thread_blocked, id=16356, stack(0x0000004185800000,0x0000004185900000)]
  0x00000182fb617000 JavaThread "C2 CompilerThread1" daemon [_thread_blocked, id=1528, stack(0x0000004185900000,0x0000004185a00000)]
  0x00000182f9a36800 JavaThread "File watcher server" daemon [_thread_in_native, id=11572, stack(0x0000004185c00000,0x0000004185d00000)]
  0x00000182f9a34000 JavaThread "File watcher consumer" daemon [_thread_blocked, id=2472, stack(0x0000004185d00000,0x0000004185e00000)]
  0x00000182f9a36000 JavaThread "jar transforms" [_thread_blocked, id=13372, stack(0x0000004185e00000,0x0000004185f00000)]
  0x00000182f9a37800 JavaThread "jar transforms Thread 2" [_thread_blocked, id=8980, stack(0x0000004185f00000,0x0000004186000000)]
  0x00000182f9a32800 JavaThread "jar transforms Thread 3" [_thread_blocked, id=18864, stack(0x0000004186000000,0x0000004186100000)]
  0x00000182fd50f000 JavaThread "jar transforms Thread 4" [_thread_blocked, id=3080, stack(0x0000004186100000,0x0000004186200000)]
  0x00000182fd513800 JavaThread "Cache worker for checksums cache (C:\Users\YASASVI HIMAYA\AndroidStudioProjects\Recipeapp\.gradle\7.5\checksums)" [_thread_blocked, id=19716, stack(0x0000004186200000,0x0000004186300000)]
  0x00000182fd510000 JavaThread "Cache worker for cache directory md-rule (C:\Users\YASASVI HIMAYA\.gradle\caches\7.5\md-rule)" [_thread_blocked, id=9596, stack(0x0000004186300000,0x0000004186400000)]
  0x00000182fd514000 JavaThread "Cache worker for file content cache (C:\Users\YASASVI HIMAYA\.gradle\caches\7.5\fileContent)" [_thread_blocked, id=15524, stack(0x0000004186400000,0x0000004186500000)]
  0x00000182fd516800 JavaThread "Cache worker for file hash cache (C:\Users\YASASVI HIMAYA\AndroidStudioProjects\Recipeapp\.gradle\7.5\fileHashes)" [_thread_blocked, id=700, stack(0x0000004186500000,0x0000004186600000)]
  0x00000182fd512800 JavaThread "Cache worker for cache directory md-supplier (C:\Users\YASASVI HIMAYA\.gradle\caches\7.5\md-supplier)" [_thread_blocked, id=20260, stack(0x0000004186600000,0x0000004186700000)]
  0x00000182fd515000 JavaThread "Cache worker for execution history cache (C:\Users\YASASVI HIMAYA\.gradle\caches\7.5\executionHistory)" [_thread_blocked, id=5372, stack(0x0000004186700000,0x0000004186800000)]

Other Threads:
=>0x00000182f850d000 VMThread "VM Thread" [stack: 0x0000004183e00000,0x0000004183f00000] [id=18328]
  0x00000182f9019800 WatcherThread [stack: 0x0000004184800000,0x0000004184900000] [id=12800]
  0x00000182dc9c8000 GCTaskThread "GC Thread#0" [stack: 0x0000004183900000,0x0000004183a00000] [id=9988]
  0x00000182f9875000 GCTaskThread "GC Thread#1" [stack: 0x0000004184900000,0x0000004184a00000] [id=14948]
  0x00000182fa389800 GCTaskThread "GC Thread#2" [stack: 0x0000004185400000,0x0000004185500000] [id=6124]
  0x00000182f8f99800 GCTaskThread "GC Thread#3" [stack: 0x0000004185500000,0x0000004185600000] [id=6892]
  0x00000182dc9fa800 ConcurrentGCThread "G1 Main Marker" [stack: 0x0000004183a00000,0x0000004183b00000] [id=19912]
  0x00000182dc9fc800 ConcurrentGCThread "G1 Conc#0" [stack: 0x0000004183b00000,0x0000004183c00000] [id=12636]
  0x00000182dca57800 ConcurrentGCThread "G1 Refine#0" [stack: 0x0000004183c00000,0x0000004183d00000] [id=9084]
  0x00000182dca5e000 ConcurrentGCThread "G1 Young RemSet Sampling" [stack: 0x0000004183d00000,0x0000004183e00000] [id=15668]

Threads with active compile tasks:
C2 CompilerThread0    37912 3021   !   4       sun.nio.fs.WindowsPath::initOffsets (153 bytes)

VM state:at safepoint (normal execution)

VM Mutex/Monitor currently owned by a thread:  ([mutex/lock_event])
[0x00000182dc9ab7e0] Threads_lock - owner thread: 0x00000182f850d000
[0x00000182dc9abbd0] Heap_lock - owner thread: 0x00000182f9cff800

Heap address: 0x0000000080000000, size: 2048 MB, Compressed Oops mode: 32-bit
Narrow klass base: 0x0000000000000000, Narrow klass shift: 3
Compressed class space size: 1073741824 Address: 0x0000000100000000

Heap:
 garbage-first heap   total 138240K, used 52975K [0x0000000080000000, 0x0000000100000000)
  region size 1024K, 2 young (2048K), 2 survivors (2048K)
 Metaspace       used 33586K, capacity 34621K, committed 34864K, reserved 1079296K
  class space    used 4527K, capacity 4904K, committed 4992K, reserved 1048576K
Heap Regions: E=young(eden), S=young(survivor), O=old, HS=humongous(starts), HC=humongous(continues), CS=collection set, F=free, A=archive, TAMS=top-at-mark-start (previous, next)
|   0|0x0000000080000000, 0x0000000080100000, 0x0000000080100000|100%|HS|  |TAMS 0x0000000080100000, 0x0000000080100000| Complete 
|   1|0x0000000080100000, 0x0000000080200000, 0x0000000080200000|100%|HC|  |TAMS 0x0000000080200000, 0x0000000080200000| Complete 
|   2|0x0000000080200000, 0x0000000080300000, 0x0000000080300000|100%|HC|  |TAMS 0x0000000080300000, 0x0000000080300000| Complete 
|   3|0x0000000080300000, 0x0000000080400000, 0x0000000080400000|100%| O|  |TAMS 0x0000000080400000, 0x0000000080400000| Untracked 
|   4|0x0000000080400000, 0x0000000080500000, 0x0000000080500000|100%| O|  |TAMS 0x0000000080500000, 0x0000000080500000| Untracked 
|   5|0x0000000080500000, 0x0000000080600000, 0x0000000080600000|100%| O|  |TAMS 0x0000000080600000, 0x0000000080600000| Untracked 
|   6|0x0000000080600000, 0x0000000080700000, 0x0000000080700000|100%| O|  |TAMS 0x0000000080700000, 0x0000000080700000| Untracked 
|   7|0x0000000080700000, 0x0000000080800000, 0x0000000080800000|100%| O|  |TAMS 0x0000000080800000, 0x0000000080800000| Untracked 
|   8|0x0000000080800000, 0x0000000080900000, 0x0000000080900000|100%| O|  |TAMS 0x0000000080900000, 0x0000000080900000| Untracked 
|   9|0x0000000080900000, 0x0000000080a00000, 0x0000000080a00000|100%| O|  |TAMS 0x0000000080a00000, 0x0000000080a00000| Untracked 
|  10|0x0000000080a00000, 0x0000000080b00000, 0x0000000080b00000|100%| O|  |TAMS 0x0000000080b00000, 0x0000000080b00000| Untracked 
|  11|0x0000000080b00000, 0x0000000080c00000, 0x0000000080c00000|100%| O|  |TAMS 0x0000000080c00000, 0x0000000080c00000| Untracked 
|  12|0x0000000080c00000, 0x0000000080d00000, 0x0000000080d00000|100%| O|  |TAMS 0x0000000080d00000, 0x0000000080d00000| Untracked 
|  13|0x0000000080d00000, 0x0000000080e00000, 0x0000000080e00000|100%| O|  |TAMS 0x0000000080e00000, 0x0000000080e00000| Untracked 
|  14|0x0000000080e00000, 0x0000000080f00000, 0x0000000080f00000|100%| O|  |TAMS 0x0000000080f00000, 0x0000000080f00000| Untracked 
|  15|0x0000000080f00000, 0x0000000081000000, 0x0000000081000000|100%| O|  |TAMS 0x0000000081000000, 0x0000000081000000| Untracked 
|  16|0x0000000081000000, 0x0000000081100000, 0x0000000081100000|100%| O|  |TAMS 0x0000000081100000, 0x0000000081100000| Untracked 
|  17|0x0000000081100000, 0x0000000081200000, 0x0000000081200000|100%|HS|  |TAMS 0x0000000081200000, 0x0000000081200000| Complete 
|  18|0x0000000081200000, 0x0000000081300000, 0x0000000081300000|100%|HC|  |TAMS 0x0000000081300000, 0x0000000081300000| Complete 
|  19|0x0000000081300000, 0x0000000081400000, 0x0000000081400000|100%|HS|  |TAMS 0x0000000081400000, 0x0000000081400000| Complete 
|  20|0x0000000081400000, 0x0000000081500000, 0x0000000081500000|100%|HC|  |TAMS 0x0000000081500000, 0x0000000081500000| Complete 
|  21|0x0000000081500000, 0x0000000081600000, 0x0000000081600000|100%|HC|  |TAMS 0x0000000081600000, 0x0000000081600000| Complete 
|  22|0x0000000081600000, 0x0000000081700000, 0x0000000081700000|100%|HS|  |TAMS 0x0000000081700000, 0x0000000081700000| Complete 
|  23|0x0000000081700000, 0x0000000081800000, 0x0000000081800000|100%|HC|  |TAMS 0x0000000081800000, 0x0000000081800000| Complete 
|  24|0x0000000081800000, 0x0000000081900000, 0x0000000081900000|100%|HC|  |TAMS 0x0000000081900000, 0x0000000081900000| Complete 
|  25|0x0000000081900000, 0x0000000081a00000, 0x0000000081a00000|100%|HS|  |TAMS 0x0000000081a00000, 0x0000000081a00000| Complete 
|  26|0x0000000081a00000, 0x0000000081b00000, 0x0000000081b00000|100%|HC|  |TAMS 0x0000000081b00000, 0x0000000081b00000| Complete 
|  27|0x0000000081b00000, 0x0000000081c00000, 0x0000000081c00000|100%| O|  |TAMS 0x0000000081c00000, 0x0000000081c00000| Untracked 
|  28|0x0000000081c00000, 0x0000000081d00000, 0x0000000081d00000|100%|HS|  |TAMS 0x0000000081d00000, 0x0000000081d00000| Complete 
|  29|0x0000000081d00000, 0x0000000081e00000, 0x0000000081e00000|100%|HC|  |TAMS 0x0000000081e00000, 0x0000000081e00000| Complete 
|  30|0x0000000081e00000, 0x0000000081f00000, 0x0000000081f00000|100%|HC|  |TAMS 0x0000000081f00000, 0x0000000081f00000| Complete 
|  31|0x0000000081f00000, 0x0000000082000000, 0x0000000082000000|100%|HC|  |TAMS 0x0000000082000000, 0x0000000082000000| Complete 
|  32|0x0000000082000000, 0x0000000082100000, 0x0000000082100000|100%|HC|  |TAMS 0x0000000082100000, 0x0000000082100000| Complete 
|  33|0x0000000082100000, 0x0000000082200000, 0x0000000082200000|100%|HC|  |TAMS 0x0000000082200000, 0x0000000082200000| Complete 
|  34|0x0000000082200000, 0x0000000082300000, 0x0000000082300000|100%|HC|  |TAMS 0x0000000082300000, 0x0000000082300000| Complete 
|  35|0x0000000082300000, 0x0000000082400000, 0x0000000082400000|100%|HC|  |TAMS 0x0000000082400000, 0x0000000082400000| Complete 
|  36|0x0000000082400000, 0x0000000082500000, 0x0000000082500000|100%|HC|  |TAMS 0x0000000082500000, 0x0000000082500000| Complete 
|  37|0x0000000082500000, 0x0000000082600000, 0x0000000082600000|100%|HC|  |TAMS 0x0000000082600000, 0x0000000082600000| Complete 
|  38|0x0000000082600000, 0x0000000082700000, 0x0000000082700000|100%| O|  |TAMS 0x0000000082700000, 0x0000000082700000| Untracked 
|  39|0x0000000082700000, 0x0000000082800000, 0x0000000082800000|100%| O|  |TAMS 0x0000000082800000, 0x0000000082800000| Untracked 
|  40|0x0000000082800000, 0x0000000082900000, 0x0000000082900000|100%| O|  |TAMS 0x0000000082900000, 0x0000000082900000| Untracked 
|  41|0x0000000082900000, 0x0000000082a00000, 0x0000000082a00000|100%| O|  |TAMS 0x0000000082a00000, 0x0000000082a00000| Untracked 
|  42|0x0000000082a00000, 0x0000000082b00000, 0x0000000082b00000|100%| O|  |TAMS 0x0000000082b00000, 0x0000000082b00000| Untracked 
|  43|0x0000000082b00000, 0x0000000082c00000, 0x0000000082c00000|100%|HS|  |TAMS 0x0000000082c00000, 0x0000000082c00000| Complete 
|  44|0x0000000082c00000, 0x0000000082d00000, 0x0000000082d00000|100%|HC|  |TAMS 0x0000000082d00000, 0x0000000082d00000| Complete 
|  45|0x0000000082d00000, 0x0000000082e00000, 0x0000000082e00000|100%|HS|  |TAMS 0x0000000082e00000, 0x0000000082e00000| Complete 
|  46|0x0000000082e00000, 0x0000000082f00000, 0x0000000082f00000|100%|HC|  |TAMS 0x0000000082f00000, 0x0000000082f00000| Complete 
|  47|0x0000000082f00000, 0x0000000083000000, 0x0000000083000000|100%|HC|  |TAMS 0x0000000083000000, 0x0000000083000000| Complete 
|  48|0x0000000083000000, 0x0000000083100000, 0x0000000083100000|100%|HC|  |TAMS 0x0000000083100000, 0x0000000083100000| Complete 
|  49|0x0000000083100000, 0x0000000083200000, 0x0000000083200000|100%|HC|  |TAMS 0x0000000083200000, 0x0000000083200000| Complete 
|  50|0x0000000083200000, 0x000000008326ea00, 0x0000000083300000| 43%| O|  |TAMS 0x000000008322dc00, 0x000000008326ea00| Untracked 
|  51|0x0000000083300000, 0x0000000083300000, 0x0000000083400000|  0%| F|  |TAMS 0x0000000083300000, 0x0000000083300000| Untracked 
|  52|0x0000000083400000, 0x0000000083400000, 0x0000000083500000|  0%| F|  |TAMS 0x0000000083400000, 0x0000000083400000| Untracked 
|  53|0x0000000083500000, 0x0000000083500000, 0x0000000083600000|  0%| F|  |TAMS 0x0000000083500000, 0x0000000083500000| Untracked 
|  54|0x0000000083600000, 0x0000000083600000, 0x0000000083700000|  0%| F|  |TAMS 0x0000000083600000, 0x0000000083600000| Untracked 
|  55|0x0000000083700000, 0x0000000083700000, 0x0000000083800000|  0%| F|  |TAMS 0x0000000083700000, 0x0000000083700000| Untracked 
|  56|0x0000000083800000, 0x0000000083800000, 0x0000000083900000|  0%| F|  |TAMS 0x0000000083800000, 0x0000000083800000| Untracked 
|  57|0x0000000083900000, 0x0000000083900000, 0x0000000083a00000|  0%| F|  |TAMS 0x0000000083900000, 0x0000000083900000| Untracked 
|  58|0x0000000083a00000, 0x0000000083a00000, 0x0000000083b00000|  0%| F|  |TAMS 0x0000000083a00000, 0x0000000083a00000| Untracked 
|  59|0x0000000083b00000, 0x0000000083b00000, 0x0000000083c00000|  0%| F|  |TAMS 0x0000000083b00000, 0x0000000083b00000| Untracked 
|  60|0x0000000083c00000, 0x0000000083c00000, 0x0000000083d00000|  0%| F|  |TAMS 0x0000000083c00000, 0x0000000083c00000| Untracked 
|  61|0x0000000083d00000, 0x0000000083d00000, 0x0000000083e00000|  0%| F|  |TAMS 0x0000000083d00000, 0x0000000083d00000| Untracked 
|  62|0x0000000083e00000, 0x0000000083e4d4b0, 0x0000000083f00000| 30%| S|CS|TAMS 0x0000000083e00000, 0x0000000083e00000| Complete 
|  63|0x0000000083f00000, 0x0000000084000000, 0x0000000084000000|100%| S|CS|TAMS 0x0000000083f00000, 0x0000000083f00000| Complete 
|  64|0x0000000084000000, 0x0000000084000000, 0x0000000084100000|  0%| F|  |TAMS 0x0000000084000000, 0x0000000084000000| Untracked 
|  65|0x0000000084100000, 0x0000000084100000, 0x0000000084200000|  0%| F|  |TAMS 0x0000000084100000, 0x0000000084100000| Untracked 
|  66|0x0000000084200000, 0x0000000084200000, 0x0000000084300000|  0%| F|  |TAMS 0x0000000084200000, 0x0000000084200000| Untracked 
|  67|0x0000000084300000, 0x0000000084300000, 0x0000000084400000|  0%| F|  |TAMS 0x0000000084300000, 0x0000000084300000| Untracked 
|  68|0x0000000084400000, 0x0000000084400000, 0x0000000084500000|  0%| F|  |TAMS 0x0000000084400000, 0x0000000084400000| Untracked 
|  69|0x0000000084500000, 0x0000000084500000, 0x0000000084600000|  0%| F|  |TAMS 0x0000000084500000, 0x0000000084500000| Untracked 
|  70|0x0000000084600000, 0x0000000084600000, 0x0000000084700000|  0%| F|  |TAMS 0x0000000084600000, 0x0000000084600000| Untracked 
|  71|0x0000000084700000, 0x0000000084700000, 0x0000000084800000|  0%| F|  |TAMS 0x0000000084700000, 0x0000000084700000| Untracked 
|  72|0x0000000084800000, 0x0000000084800000, 0x0000000084900000|  0%| F|  |TAMS 0x0000000084800000, 0x0000000084800000| Untracked 
|  73|0x0000000084900000, 0x0000000084900000, 0x0000000084a00000|  0%| F|  |TAMS 0x0000000084900000, 0x0000000084900000| Untracked 
|  74|0x0000000084a00000, 0x0000000084a00000, 0x0000000084b00000|  0%| F|  |TAMS 0x0000000084a00000, 0x0000000084a00000| Untracked 
|  75|0x0000000084b00000, 0x0000000084b00000, 0x0000000084c00000|  0%| F|  |TAMS 0x0000000084b00000, 0x0000000084b00000| Untracked 

Card table byte_map: [0x00000182f16f0000,0x00000182f1af0000] _byte_map_base: 0x00000182f12f0000

Marking Bits (Prev, Next): (CMBitMap*) 0x00000182dc9f0b38, (CMBitMap*) 0x00000182dc9f0b70
 Prev Bits: [0x00000182f1ef0000, 0x00000182f3ef0000)
 Next Bits: [0x00000182f3ef0000, 0x00000182f5ef0000)

Polling page: 0x00000182dca80000

Metaspace:

Usage:
  Non-class:     29.02 MB capacity,    28.38 MB ( 98%) used,   573.62 KB (  2%) free+waste,    84.50 KB ( <1%) overhead. 
      Class:      4.79 MB capacity,     4.42 MB ( 92%) used,   334.03 KB (  7%) free+waste,    42.62 KB ( <1%) overhead. 
       Both:     33.81 MB capacity,    32.80 MB ( 97%) used,   907.65 KB (  3%) free+waste,   127.12 KB ( <1%) overhead. 

Virtual space:
  Non-class space:       30.00 MB reserved,      29.17 MB ( 97%) committed 
      Class space:        1.00 GB reserved,       4.88 MB ( <1%) committed 
             Both:        1.03 GB reserved,      34.05 MB (  3%) committed 

Chunk freelists:
   Non-Class:  27.00 KB
       Class:  24.00 KB
        Both:  51.00 KB

MaxMetaspaceSize: 17179869184.00 GB
CompressedClassSpaceSize: 1.00 GB
Initial GC threshold: 20.80 MB
Current GC threshold: 52.79 MB
CDS: off

CodeHeap 'non-profiled nmethods': size=120064Kb used=1555Kb max_used=1555Kb free=118508Kb
 bounds [0x00000182e9790000, 0x00000182e9a00000, 0x00000182f0cd0000]
CodeHeap 'profiled nmethods': size=120000Kb used=6500Kb max_used=6500Kb free=113499Kb
 bounds [0x00000182e2260000, 0x00000182e28c0000, 0x00000182e9790000]
CodeHeap 'non-nmethods': size=5696Kb used=1240Kb max_used=1276Kb free=4455Kb
 bounds [0x00000182e1cd0000, 0x00000182e1f40000, 0x00000182e2260000]
 total_blobs=3526 nmethods=3006 adapters=432
 compilation: enabled
              stopped_count=0, restarted_count=0
 full_count=0

Compilation events (20 events):
Event: 37.767 Thread 0x00000182f8e87000 nmethod 3011 0x00000182e28b6810 code [0x00000182e28b69c0, 0x00000182e28b6b38]
Event: 37.767 Thread 0x00000182f8e87000 3012       3       com.google.common.cache.LocalCache::usesValueReferences (16 bytes)
Event: 37.767 Thread 0x00000182f8e87000 nmethod 3012 0x00000182e28b6c10 code [0x00000182e28b6dc0, 0x00000182e28b6f38]
Event: 37.767 Thread 0x00000182f8e87000 3013       1       com.google.common.cache.LocalCache$StrongEntry::setValueReference (6 bytes)
Event: 37.767 Thread 0x00000182f8e87000 nmethod 3013 0x00000182e9912f10 code [0x00000182e99130c0, 0x00000182e99131d8]
Event: 37.767 Thread 0x00000182fb617000 3014       4       java.lang.String::compareToIgnoreCase (11 bytes)
Event: 37.767 Thread 0x00000182f8e86000 3015       4       java.lang.String$CaseInsensitiveComparator::compare (13 bytes)
Event: 37.767 Thread 0x00000182f8e87000 3016       3       org.gradle.internal.snapshot.VfsRelativePath::<init> (15 bytes)
Event: 37.767 Thread 0x00000182f8e87000 nmethod 3016 0x00000182e28b7010 code [0x00000182e28b71c0, 0x00000182e28b7378]
Event: 37.768 Thread 0x00000182f8e87000 3018   !   3       java.util.concurrent.locks.AbstractQueuedSynchronizer::acquireQueued (74 bytes)
Event: 37.769 Thread 0x00000182f8e87000 nmethod 3018 0x00000182e28b7410 code [0x00000182e28b76c0, 0x00000182e28b8368]
Event: 37.769 Thread 0x00000182f8e87000 3019       3       java.security.MessageDigest::update (45 bytes)
Event: 37.769 Thread 0x00000182f8e87000 nmethod 3019 0x00000182e28b8890 code [0x00000182e28b8a80, 0x00000182e28b8e48]
Event: 37.775 Thread 0x00000182fb617000 nmethod 3014 0x00000182e9913290 code [0x00000182e9913440, 0x00000182e9913a78]
Event: 37.775 Thread 0x00000182fb617000 3017       4       java.util.ArrayList::elementData (7 bytes)
Event: 37.776 Thread 0x00000182f8e86000 nmethod 3015 0x00000182e9913f10 code [0x00000182e99140e0, 0x00000182e9914798]
Event: 37.776 Thread 0x00000182fb617000 nmethod 3017 0x00000182e9914c90 code [0x00000182e9914e20, 0x00000182e9914eb8]
Event: 37.778 Thread 0x00000182f8e87000 3020       3       java.util.Collections$EmptyList::iterator (4 bytes)
Event: 37.778 Thread 0x00000182f8e87000 nmethod 3020 0x00000182e28b8f90 code [0x00000182e28b9140, 0x00000182e28b9298]
Event: 37.779 Thread 0x00000182f8e86000 3021   !   4       sun.nio.fs.WindowsPath::initOffsets (153 bytes)

GC Heap History (20 events):
Event: 37.038 GC heap after
{Heap after GC invocations=19 (full 0):
 garbage-first heap   total 63488K, used 51515K [0x0000000080000000, 0x0000000100000000)
  region size 1024K, 1 young (1024K), 1 survivors (1024K)
 Metaspace       used 28772K, capacity 29647K, committed 29872K, reserved 1075200K
  class space    used 3772K, capacity 4095K, committed 4096K, reserved 1048576K
}
Event: 37.063 GC heap before
{Heap before GC invocations=19 (full 0):
 garbage-first heap   total 63488K, used 53563K [0x0000000080000000, 0x0000000100000000)
  region size 1024K, 3 young (3072K), 1 survivors (1024K)
 Metaspace       used 28876K, capacity 29807K, committed 30000K, reserved 1075200K
  class space    used 3792K, capacity 4127K, committed 4224K, reserved 1048576K
}
Event: 37.064 GC heap after
{Heap after GC invocations=20 (full 0):
 garbage-first heap   total 63488K, used 51589K [0x0000000080000000, 0x0000000100000000)
  region size 1024K, 1 young (1024K), 1 survivors (1024K)
 Metaspace       used 28876K, capacity 29807K, committed 30000K, reserved 1075200K
  class space    used 3792K, capacity 4127K, committed 4224K, reserved 1048576K
}
Event: 37.093 GC heap before
{Heap before GC invocations=21 (full 0):
 garbage-first heap   total 63488K, used 53637K [0x0000000080000000, 0x0000000100000000)
  region size 1024K, 3 young (3072K), 1 survivors (1024K)
 Metaspace       used 28992K, capacity 29871K, committed 30000K, reserved 1075200K
  class space    used 3812K, capacity 4127K, committed 4224K, reserved 1048576K
}
Event: 37.095 GC heap after
{Heap after GC invocations=22 (full 0):
 garbage-first heap   total 63488K, used 51632K [0x0000000080000000, 0x0000000100000000)
  region size 1024K, 1 young (1024K), 1 survivors (1024K)
 Metaspace       used 28992K, capacity 29871K, committed 30000K, reserved 1075200K
  class space    used 3812K, capacity 4127K, committed 4224K, reserved 1048576K
}
Event: 37.119 GC heap before
{Heap before GC invocations=22 (full 0):
 garbage-first heap   total 63488K, used 53680K [0x0000000080000000, 0x0000000100000000)
  region size 1024K, 3 young (3072K), 1 survivors (1024K)
 Metaspace       used 29105K, capacity 29970K, committed 30256K, reserved 1075200K
  class space    used 3828K, capacity 4160K, committed 4224K, reserved 1048576K
}
Event: 37.121 GC heap after
{Heap after GC invocations=23 (full 0):
 garbage-first heap   total 63488K, used 51646K [0x0000000080000000, 0x0000000100000000)
  region size 1024K, 1 young (1024K), 1 survivors (1024K)
 Metaspace       used 29105K, capacity 29970K, committed 30256K, reserved 1075200K
  class space    used 3828K, capacity 4160K, committed 4224K, reserved 1048576K
}
Event: 37.142 GC heap before
{Heap before GC invocations=23 (full 0):
 garbage-first heap   total 63488K, used 53694K [0x0000000080000000, 0x0000000100000000)
  region size 1024K, 3 young (3072K), 1 survivors (1024K)
 Metaspace       used 29212K, capacity 30101K, committed 30256K, reserved 1075200K
  class space    used 3845K, capacity 4161K, committed 4224K, reserved 1048576K
}
Event: 37.143 GC heap after
{Heap after GC invocations=24 (full 0):
 garbage-first heap   total 63488K, used 51674K [0x0000000080000000, 0x0000000100000000)
  region size 1024K, 1 young (1024K), 1 survivors (1024K)
 Metaspace       used 29212K, capacity 30101K, committed 30256K, reserved 1075200K
  class space    used 3845K, capacity 4161K, committed 4224K, reserved 1048576K
}
Event: 37.176 GC heap before
{Heap before GC invocations=25 (full 0):
 garbage-first heap   total 63488K, used 53722K [0x0000000080000000, 0x0000000100000000)
  region size 1024K, 3 young (3072K), 1 survivors (1024K)
 Metaspace       used 29346K, capacity 30261K, committed 30512K, reserved 1075200K
  class space    used 3868K, capacity 4193K, committed 4224K, reserved 1048576K
}
Event: 37.179 GC heap after
{Heap after GC invocations=26 (full 0):
 garbage-first heap   total 63488K, used 51736K [0x0000000080000000, 0x0000000100000000)
  region size 1024K, 1 young (1024K), 1 survivors (1024K)
 Metaspace       used 29346K, capacity 30261K, committed 30512K, reserved 1075200K
  class space    used 3868K, capacity 4193K, committed 4224K, reserved 1048576K
}
Event: 37.210 GC heap before
{Heap before GC invocations=26 (full 0):
 garbage-first heap   total 63488K, used 53784K [0x0000000080000000, 0x0000000100000000)
  region size 1024K, 3 young (3072K), 1 survivors (1024K)
 Metaspace       used 29541K, capacity 30490K, committed 30640K, reserved 1075200K
  class space    used 3909K, capacity 4270K, committed 4352K, reserved 1048576K
}
Event: 37.214 GC heap after
{Heap after GC invocations=27 (full 0):
 garbage-first heap   total 77824K, used 51820K [0x0000000080000000, 0x0000000100000000)
  region size 1024K, 1 young (1024K), 1 survivors (1024K)
 Metaspace       used 29541K, capacity 30490K, committed 30640K, reserved 1075200K
  class space    used 3909K, capacity 4270K, committed 4352K, reserved 1048576K
}
Event: 37.332 GC heap before
{Heap before GC invocations=28 (full 0):
 garbage-first heap   total 77824K, used 61036K [0x0000000080000000, 0x0000000100000000)
  region size 1024K, 10 young (10240K), 1 survivors (1024K)
 Metaspace       used 30488K, capacity 31353K, committed 31536K, reserved 1077248K
  class space    used 4050K, capacity 4409K, committed 4480K, reserved 1048576K
}
Event: 37.335 GC heap after
{Heap after GC invocations=29 (full 0):
 garbage-first heap   total 77824K, used 52220K [0x0000000080000000, 0x0000000100000000)
  region size 1024K, 1 young (1024K), 1 survivors (1024K)
 Metaspace       used 30488K, capacity 31353K, committed 31536K, reserved 1077248K
  class space    used 4050K, capacity 4409K, committed 4480K, reserved 1048576K
}
Event: 37.475 GC heap before
{Heap before GC invocations=29 (full 0):
 garbage-first heap   total 77824K, used 62460K [0x0000000080000000, 0x0000000100000000)
  region size 1024K, 11 young (11264K), 1 survivors (1024K)
 Metaspace       used 31335K, capacity 32282K, committed 32432K, reserved 1077248K
  class space    used 4179K, capacity 4529K, committed 4608K, reserved 1048576K
}
Event: 37.477 GC heap after
{Heap after GC invocations=30 (full 0):
 garbage-first heap   total 77824K, used 52472K [0x0000000080000000, 0x0000000100000000)
  region size 1024K, 2 young (2048K), 2 survivors (2048K)
 Metaspace       used 31335K, capacity 32282K, committed 32432K, reserved 1077248K
  class space    used 4179K, capacity 4529K, committed 4608K, reserved 1048576K
}
Event: 37.585 GC heap before
{Heap before GC invocations=31 (full 0):
 garbage-first heap   total 77824K, used 61688K [0x0000000080000000, 0x0000000100000000)
  region size 1024K, 11 young (11264K), 2 survivors (2048K)
 Metaspace       used 32141K, capacity 33114K, committed 33328K, reserved 1077248K
  class space    used 4314K, capacity 4677K, committed 4736K, reserved 1048576K
}
Event: 37.588 GC heap after
{Heap after GC invocations=32 (full 0):
 garbage-first heap   total 77824K, used 52646K [0x0000000080000000, 0x0000000100000000)
  region size 1024K, 2 young (2048K), 2 survivors (2048K)
 Metaspace       used 32141K, capacity 33114K, committed 33328K, reserved 1077248K
  class space    used 4314K, capacity 4677K, committed 4736K, reserved 1048576K
}
Event: 37.780 GC heap before
{Heap before GC invocations=32 (full 0):
 garbage-first heap   total 77824K, used 62886K [0x0000000080000000, 0x0000000100000000)
  region size 1024K, 12 young (12288K), 2 survivors (2048K)
 Metaspace       used 33586K, capacity 34621K, committed 34864K, reserved 1079296K
  class space    used 4527K, capacity 4904K, committed 4992K, reserved 1048576K
}

Deoptimization events (20 events):
Event: 37.320 Thread 0x00000182f9cff800 Uncommon trap: trap_request=0xffffff4d fr.pc=0x00000182e9882bcc relative=0x000000000000020c
Event: 37.320 Thread 0x00000182f9cff800 Uncommon trap: reason=unstable_if action=reinterpret pc=0x00000182e9882bcc method=java.util.HashMap.hash(Ljava/lang/Object;)I @ 1 c2
Event: 37.320 Thread 0x00000182f9cff800 DEOPT PACKING pc=0x00000182e9882bcc sp=0x00000041850f7580
Event: 37.320 Thread 0x00000182f9cff800 DEOPT UNPACKING pc=0x00000182e1d1a1af sp=0x00000041850f74b8 mode 2
Event: 37.379 Thread 0x00000182f9cff800 Uncommon trap: trap_request=0xffffff4d fr.pc=0x00000182e98f8264 relative=0x00000000000001a4
Event: 37.379 Thread 0x00000182f9cff800 Uncommon trap: reason=unstable_if action=reinterpret pc=0x00000182e98f8264 method=java.util.regex.Pattern$BmpCharProperty.match(Ljava/util/regex/Matcher;ILjava/lang/CharSequence;)Z @ 39 c2
Event: 37.379 Thread 0x00000182f9cff800 DEOPT PACKING pc=0x00000182e98f8264 sp=0x00000041850f8e60
Event: 37.379 Thread 0x00000182f9cff800 DEOPT UNPACKING pc=0x00000182e1d1a1af sp=0x00000041850f8e10 mode 2
Event: 37.434 Thread 0x00000182f9cff800 Uncommon trap: trap_request=0xffffffcc fr.pc=0x00000182e98fdc2c relative=0x000000000000110c
Event: 37.434 Thread 0x00000182f9cff800 Uncommon trap: reason=intrinsic_or_type_checked_inlining action=make_not_entrant pc=0x00000182e98fdc2c method=java.util.ArrayList.toArray([Ljava/lang/Object;)[Ljava/lang/Object; @ 36 c2
Event: 37.434 Thread 0x00000182f9cff800 DEOPT PACKING pc=0x00000182e98fdc2c sp=0x00000041850f40e0
Event: 37.434 Thread 0x00000182f9cff800 DEOPT UNPACKING pc=0x00000182e1d1a1af sp=0x00000041850f4040 mode 2
Event: 37.731 Thread 0x00000182f9cff800 Uncommon trap: trap_request=0xffffff4d fr.pc=0x00000182e98f19c0 relative=0x00000000000002a0
Event: 37.731 Thread 0x00000182f9cff800 Uncommon trap: reason=unstable_if action=reinterpret pc=0x00000182e98f19c0 method=jdk.internal.org.objectweb.asm.Type.getArgumentsAndReturnSizes(Ljava/lang/String;)I @ 136 c2
Event: 37.731 Thread 0x00000182f9cff800 DEOPT PACKING pc=0x00000182e98f19c0 sp=0x00000041850f7b40
Event: 37.731 Thread 0x00000182f9cff800 DEOPT UNPACKING pc=0x00000182e1d1a1af sp=0x00000041850f7ad8 mode 2
Event: 37.779 Thread 0x00000182f9cff800 Uncommon trap: trap_request=0xffffff4d fr.pc=0x00000182e98e27d8 relative=0x0000000000000e38
Event: 37.779 Thread 0x00000182f9cff800 Uncommon trap: reason=unstable_if action=reinterpret pc=0x00000182e98e27d8 method=java.lang.ClassLoader.getClassLoadingLock(Ljava/lang/String;)Ljava/lang/Object; @ 6 c2
Event: 37.780 Thread 0x00000182f9cff800 DEOPT PACKING pc=0x00000182e98e27d8 sp=0x00000041850f6880
Event: 37.780 Thread 0x00000182f9cff800 DEOPT UNPACKING pc=0x00000182e1d1a1af sp=0x00000041850f67e0 mode 2

Classes redefined (0 events):
No events

Internal exceptions (20 events):
Event: 36.895 Thread 0x00000182f9cff800 Exception <a 'java/lang/NoSuchMethodError'{0x0000000083919670}: <clinit>> (0x0000000083919670) thrown at [src/hotspot/share/prims/jni.cpp, line 1367]
Event: 36.895 Thread 0x00000182f9cff800 Exception <a 'java/lang/NoSuchMethodError'{0x000000008391ac78}: <clinit>> (0x000000008391ac78) thrown at [src/hotspot/share/prims/jni.cpp, line 1367]
Event: 36.895 Thread 0x00000182f9cff800 Exception <a 'java/lang/NoSuchMethodError'{0x000000008391c210}: <clinit>> (0x000000008391c210) thrown at [src/hotspot/share/prims/jni.cpp, line 1367]
Event: 36.895 Thread 0x00000182f9cff800 Exception <a 'java/lang/NoSuchMethodError'{0x000000008391d970}: <clinit>> (0x000000008391d970) thrown at [src/hotspot/share/prims/jni.cpp, line 1367]
Event: 36.895 Thread 0x00000182f9cff800 Exception <a 'java/lang/NoSuchMethodError'{0x000000008391f008}: <clinit>> (0x000000008391f008) thrown at [src/hotspot/share/prims/jni.cpp, line 1367]
Event: 36.895 Thread 0x00000182f9cff800 Exception <a 'java/lang/NoSuchMethodError'{0x0000000083920298}: <clinit>> (0x0000000083920298) thrown at [src/hotspot/share/prims/jni.cpp, line 1367]
Event: 36.934 Thread 0x00000182f9cff800 Exception <a 'java/lang/NoSuchMethodError'{0x0000000083c78d70}: 'java.lang.Object java.lang.invoke.Invokers$Holder.linkToTargetMethod(java.lang.Object, int, java.lang.Object)'> (0x0000000083c78d70) thrown at [src/hotspot/share/interpreter/linkResolver.cpp, line 773]
Event: 37.030 Thread 0x00000182f9cff800 Implicit null exception at 0x00000182e98cc939 to 0x00000182e98cd74a
Event: 37.210 Thread 0x00000182f9cff800 Exception <a 'java/lang/NoSuchMethodError'{0x0000000083cecc60}: 'java.lang.Object java.lang.invoke.DirectMethodHandle$Holder.invokeSpecialIFC(java.lang.Object, java.lang.Object, java.lang.Object, java.lang.Object)'> (0x0000000083cecc60) thrown at [src/hotspot/share/interpreter/linkResolver.cpp, line 773]
Event: 37.320 Thread 0x00000182f9cff800 Implicit null exception at 0x00000182e98829f5 to 0x00000182e9882bbc
Event: 37.382 Thread 0x00000182f9cff800 Exception <a 'java/lang/NoSuchMethodError'{0x0000000084970c00}: 'java.lang.Object java.lang.invoke.DirectMethodHandle$Holder.invokeSpecial(java.lang.Object, java.lang.Object, java.lang.Object, java.lang.Object, java.lang.Object, java.lang.Object, java.lang.Object, java.lang.Object, java.lang.Object, java.lang.Object, java.lang.Object, java.lang.Object, java.lang.Object)'> (0x0000000084970c00) thrown at [src/hotspot/share/interpreter/linkResolver.cpp, line 773]
Event: 37.383 Thread 0x00000182f9cff800 Exception <a 'java/lang/NoSuchMethodError'{0x0000000084981d08}: 'java.lang.Object java.lang.invoke.DirectMethodHandle$Holder.invokeSpecial(java.lang.Object, java.lang.Object, java.lang.Object, java.lang.Object, java.lang.Object, java.lang.Object, java.lang.Object, java.lang.Object, java.lang.Object, java.lang.Object, java.lang.Object, java.lang.Object)'> (0x0000000084981d08) thrown at [src/hotspot/share/interpreter/linkResolver.cpp, line 773]
Event: 37.383 Thread 0x00000182f9cff800 Exception <a 'java/lang/NoSuchMethodError'{0x00000000849870d8}: 'java.lang.Object java.lang.invoke.Invokers$Holder.linkToTargetMethod(java.lang.Object, java.lang.Object, java.lang.Object, java.lang.Object, java.lang.Object, java.lang.Object, java.lang.Object, java.lang.Object, java.lang.Object, java.lang.Object, java.lang.Object)'> (0x00000000849870d8) thrown at [src/hotspot/share/interpreter/linkResolver.cpp, line 773]
Event: 37.388 Thread 0x00000182f9cff800 Exception <a 'java/lang/NoSuchMethodError'{0x0000000084828800}: 'java.lang.Object java.lang.invoke.DirectMethodHandle$Holder.invokeSpecial(java.lang.Object, java.lang.Object, java.lang.Object, java.lang.Object, java.lang.Object, java.lang.Object, java.lang.Object, java.lang.Object, java.lang.Object, java.lang.Object, java.lang.Object, java.lang.Object, java.lang.Object, java.lang.Object)'> (0x0000000084828800) thrown at [src/hotspot/share/interpreter/linkResolver.cpp, line 773]
Event: 37.388 Thread 0x00000182f9cff800 Exception <a 'java/lang/NoSuchMethodError'{0x000000008483a360}: 'java.lang.Object java.lang.invoke.Invokers$Holder.linkToTargetMethod(java.lang.Object, java.lang.Object, java.lang.Object, java.lang.Object, java.lang.Object, java.lang.Object, java.lang.Object, java.lang.Object, java.lang.Object, java.lang.Object, java.lang.Object, java.lang.Object)'> (0x000000008483a360) thrown at [src/hotspot/share/interpreter/linkResolver.cpp, line 773]
Event: 37.406 Thread 0x00000182f9cff800 Exception <a 'java/lang/NoSuchMethodError'{0x000000008472db80}: 'java.lang.Object java.lang.invoke.DirectMethodHandle$Holder.invokeStaticInit(java.lang.Object, java.lang.Object, java.lang.Object, java.lang.Object)'> (0x000000008472db80) thrown at [src/hotspot/share/interpreter/linkResolver.cpp, line 773]
Event: 37.518 Thread 0x00000182f9cff800 Exception <a 'java/lang/NoSuchMethodError'{0x00000000848282f8}: 'java.lang.Object java.lang.invoke.Invokers$Holder.linkToTargetMethod(java.lang.Object, java.lang.Object, java.lang.Object, java.lang.Object, java.lang.Object, java.lang.Object, java.lang.Object, java.lang.Object)'> (0x00000000848282f8) thrown at [src/hotspot/share/interpreter/linkResolver.cpp, line 773]
Event: 37.525 Thread 0x00000182f9cff800 Exception <a 'java/lang/IncompatibleClassChangeError'{0x00000000848bd670}: Found class java.lang.Object, but interface was expected> (0x00000000848bd670) thrown at [src/hotspot/share/interpreter/linkResolver.cpp, line 839]
Event: 37.732 Thread 0x00000182f9cff800 Exception <a 'java/lang/NoSuchMethodError'{0x0000000084366e70}: 'java.lang.Object java.lang.invoke.Invokers$Holder.linkToTargetMethod(java.lang.Object, long, java.lang.Object)'> (0x0000000084366e70) thrown at [src/hotspot/share/interpreter/linkResolver.cpp, line 773]
Event: 37.742 Thread 0x00000182f9cff800 Exception <a 'java/lang/NoSuchMethodError'{0x00000000843b6a08}: 'int java.lang.invoke.DirectMethodHandle$Holder.invokeStatic(java.lang.Object, java.lang.Object, java.lang.Object, java.lang.Object, java.lang.Object)'> (0x00000000843b6a08) thrown at [src/hotspot/share/interpreter/linkResolver.cpp, line 773]

Events (20 events):
Event: 37.773 loading class org/gradle/api/internal/initialization/ImmutableClassLoaderScope done
Event: 37.774 loading class org/gradle/api/internal/initialization/loadercache/DefaultClassLoaderCache$ManagedClassLoaderSpec
Event: 37.774 loading class org/gradle/api/internal/initialization/loadercache/DefaultClassLoaderCache$ManagedClassLoaderSpec done
Event: 37.775 loading class org/gradle/api/internal/initialization/loadercache/DefaultClassLoaderCache$CachedClassLoader
Event: 37.775 loading class org/gradle/api/internal/initialization/loadercache/DefaultClassLoaderCache$CachedClassLoader done
Event: 37.776 loading class com/google/common/collect/HashMultiset
Event: 37.776 loading class com/google/common/collect/HashMultiset done
Event: 37.776 loading class com/google/common/collect/AbstractMapBasedMultiset
Event: 37.776 loading class com/google/common/collect/AbstractMapBasedMultiset done
Event: 37.777 loading class com/google/common/collect/AbstractMultiset
Event: 37.777 loading class com/google/common/collect/AbstractMultiset done
Event: 37.777 loading class com/google/common/collect/Count
Event: 37.777 loading class com/google/common/collect/Count done
Event: 37.780 loading class org/gradle/internal/scripts/ScriptOrigin
Event: 37.780 loading class org/gradle/internal/scripts/ScriptOrigin done
Event: 37.780 loading class com/google/common/collect/MapMakerInternalMap$StrongKeyWeakValueEntry
Event: 37.780 loading class com/google/common/collect/MapMakerInternalMap$StrongKeyWeakValueEntry done
Event: 37.780 loading class com/google/common/collect/MapMakerInternalMap$WeakValueEntry
Event: 37.780 loading class com/google/common/collect/MapMakerInternalMap$WeakValueEntry done
Event: 37.780 Executing VM operation: G1CollectForAllocation


Dynamic libraries:
0x00007ff724bd0000 - 0x00007ff724bda000 	C:\Program Files\Android\Android Studio\jbr\bin\java.exe
0x00007ff852b30000 - 0x00007ff852d44000 	C:\WINDOWS\SYSTEM32\ntdll.dll
0x00007ff852a00000 - 0x00007ff852ac2000 	C:\WINDOWS\System32\KERNEL32.DLL
0x00007ff84ff30000 - 0x00007ff8502d3000 	C:\WINDOWS\System32\KERNELBASE.dll
0x00007ff8502e0000 - 0x00007ff8503f1000 	C:\WINDOWS\System32\ucrtbase.dll
0x00007ff84db40000 - 0x00007ff84db5b000 	C:\Program Files\Android\Android Studio\jbr\bin\VCRUNTIME140.dll
0x00007ff84db60000 - 0x00007ff84db77000 	C:\Program Files\Android\Android Studio\jbr\bin\jli.dll
0x00007ff852850000 - 0x00007ff8529fb000 	C:\WINDOWS\System32\USER32.dll
0x00007ff850700000 - 0x00007ff850726000 	C:\WINDOWS\System32\win32u.dll
0x00007ff851d50000 - 0x00007ff851d79000 	C:\WINDOWS\System32\GDI32.dll
0x00007ff850400000 - 0x00007ff850519000 	C:\WINDOWS\System32\gdi32full.dll
0x00007ff850520000 - 0x00007ff8505ba000 	C:\WINDOWS\System32\msvcp_win.dll
0x00007ff83fc50000 - 0x00007ff83fede000 	C:\WINDOWS\WinSxS\amd64_microsoft.windows.common-controls_6595b64144ccf1df_6.0.22621.1635_none_270f70857386168e\COMCTL32.dll
0x00007ff8514a0000 - 0x00007ff851547000 	C:\WINDOWS\System32\msvcrt.dll
0x00007ff852290000 - 0x00007ff8522c1000 	C:\WINDOWS\System32\IMM32.DLL
0x00007ff84db30000 - 0x00007ff84db3c000 	C:\Program Files\Android\Android Studio\jbr\bin\vcruntime140_1.dll
0x00007ff84cbb0000 - 0x00007ff84cc3d000 	C:\Program Files\Android\Android Studio\jbr\bin\msvcp140.dll
0x00007ffff8f90000 - 0x00007ffff9b4c000 	C:\Program Files\Android\Android Studio\jbr\bin\server\jvm.dll
0x00007ff8521e0000 - 0x00007ff85228e000 	C:\WINDOWS\System32\ADVAPI32.dll
0x00007ff851e60000 - 0x00007ff851f04000 	C:\WINDOWS\System32\sechost.dll
0x00007ff8512a0000 - 0x00007ff8513b7000 	C:\WINDOWS\System32\RPCRT4.dll
0x00007ff852840000 - 0x00007ff852848000 	C:\WINDOWS\System32\PSAPI.DLL
0x00007ff846d40000 - 0x00007ff846d4a000 	C:\WINDOWS\SYSTEM32\VERSION.dll
0x00007ff845990000 - 0x00007ff8459c4000 	C:\WINDOWS\SYSTEM32\WINMM.dll
0x00007ff84cf60000 - 0x00007ff84cf69000 	C:\WINDOWS\SYSTEM32\WSOCK32.dll
0x00007ff8523d0000 - 0x00007ff852441000 	C:\WINDOWS\System32\WS2_32.dll
0x00007ff84ef80000 - 0x00007ff84ef98000 	C:\WINDOWS\SYSTEM32\kernel.appcore.dll
0x00007ff84dca0000 - 0x00007ff84dcb0000 	C:\Program Files\Android\Android Studio\jbr\bin\verify.dll
0x00007ff84a8c0000 - 0x00007ff84aaee000 	C:\WINDOWS\SYSTEM32\DBGHELP.DLL
0x00007ff852450000 - 0x00007ff8527d9000 	C:\WINDOWS\System32\combase.dll
0x00007ff851d80000 - 0x00007ff851e57000 	C:\WINDOWS\System32\OLEAUT32.dll
0x00007ff845710000 - 0x00007ff845742000 	C:\WINDOWS\SYSTEM32\dbgcore.DLL
0x00007ff850680000 - 0x00007ff8506fb000 	C:\WINDOWS\System32\bcryptPrimitives.dll
0x00007ff84dc10000 - 0x00007ff84dc38000 	C:\Program Files\Android\Android Studio\jbr\bin\java.dll
0x00007ff84dc60000 - 0x00007ff84dc6a000 	C:\Program Files\Android\Android Studio\jbr\bin\jimage.dll
0x00007ff84d8a0000 - 0x00007ff84d8b8000 	C:\Program Files\Android\Android Studio\jbr\bin\zip.dll
0x00007ff850990000 - 0x00007ff85118a000 	C:\WINDOWS\System32\SHELL32.dll
0x00007ff84ddc0000 - 0x00007ff84e68e000 	C:\WINDOWS\SYSTEM32\windows.storage.dll
0x00007ff84e6c0000 - 0x00007ff84e7fe000 	C:\WINDOWS\SYSTEM32\wintypes.dll
0x00007ff851f20000 - 0x00007ff852011000 	C:\WINDOWS\System32\SHCORE.dll
0x00007ff8527e0000 - 0x00007ff85283e000 	C:\WINDOWS\System32\shlwapi.dll
0x00007ff84fe60000 - 0x00007ff84fe81000 	C:\WINDOWS\SYSTEM32\profapi.dll
0x00007ff84d880000 - 0x00007ff84d899000 	C:\Program Files\Android\Android Studio\jbr\bin\net.dll
0x00007ff845fb0000 - 0x00007ff8460e7000 	C:\WINDOWS\SYSTEM32\WINHTTP.dll
0x00007ff84f3f0000 - 0x00007ff84f459000 	C:\WINDOWS\system32\mswsock.dll
0x00007ff84d220000 - 0x00007ff84d233000 	C:\Program Files\Android\Android Studio\jbr\bin\nio.dll
0x00007ff84bd00000 - 0x00007ff84bd27000 	C:\Users\YASASVI HIMAYA\.gradle\native\e1d6ef7f7dcc3fd88c89a11ec53ec762bb8ba0a96d01ffa2cd45eb1d1d8dd5c5\windows-amd64\native-platform.dll
0x00007ff84b4f0000 - 0x00007ff84b634000 	C:\Users\YASASVI HIMAYA\.gradle\native\0d407fdbe67a94daf76414ababcb853783967236a71b16ec16e742cd7a986fd3\windows-amd64\native-platform-file-events.dll
0x00007ff84d310000 - 0x00007ff84d31a000 	C:\Program Files\Android\Android Studio\jbr\bin\management.dll
0x00007ff84d200000 - 0x00007ff84d20b000 	C:\Program Files\Android\Android Studio\jbr\bin\management_ext.dll
0x00007ff84f650000 - 0x00007ff84f66b000 	C:\WINDOWS\SYSTEM32\CRYPTSP.dll
0x00007ff84eef0000 - 0x00007ff84ef25000 	C:\WINDOWS\system32\rsaenh.dll
0x00007ff84f4f0000 - 0x00007ff84f518000 	C:\WINDOWS\SYSTEM32\USERENV.dll
0x00007ff84f810000 - 0x00007ff84f838000 	C:\WINDOWS\SYSTEM32\bcrypt.dll
0x00007ff84f670000 - 0x00007ff84f67c000 	C:\WINDOWS\SYSTEM32\CRYPTBASE.dll
0x00007ff84ea60000 - 0x00007ff84ea8d000 	C:\WINDOWS\SYSTEM32\IPHLPAPI.DLL
0x00007ff851f10000 - 0x00007ff851f19000 	C:\WINDOWS\System32\NSI.dll
0x00007ff845970000 - 0x00007ff845989000 	C:\WINDOWS\SYSTEM32\dhcpcsvc6.DLL
0x00007ff845950000 - 0x00007ff84596f000 	C:\WINDOWS\SYSTEM32\dhcpcsvc.DLL
0x00007ff84ead0000 - 0x00007ff84ebc3000 	C:\WINDOWS\SYSTEM32\DNSAPI.dll

dbghelp: loaded successfully - version: 4.0.5 - missing functions: none
symbol engine: initialized successfully - sym options: 0x614 - pdb path: .;C:\Program Files\Android\Android Studio\jbr\bin;C:\WINDOWS\SYSTEM32;C:\WINDOWS\WinSxS\amd64_microsoft.windows.common-controls_6595b64144ccf1df_6.0.22621.1635_none_270f70857386168e;C:\Program Files\Android\Android Studio\jbr\bin\server;C:\Users\YASASVI HIMAYA\.gradle\native\e1d6ef7f7dcc3fd88c89a11ec53ec762bb8ba0a96d01ffa2cd45eb1d1d8dd5c5\windows-amd64;C:\Users\YASASVI HIMAYA\.gradle\native\0d407fdbe67a94daf76414ababcb853783967236a71b16ec16e742cd7a986fd3\windows-amd64

VM Arguments:
jvm_args: --add-opens=java.base/java.util=ALL-UNNAMED --add-opens=java.base/java.lang=ALL-UNNAMED --add-opens=java.base/java.lang.invoke=ALL-UNNAMED --add-opens=java.base/java.util=ALL-UNNAMED --add-opens=java.prefs/java.util.prefs=ALL-UNNAMED --add-opens=java.prefs/java.util.prefs=ALL-UNNAMED --add-opens=java.base/java.nio.charset=ALL-UNNAMED --add-opens=java.base/java.net=ALL-UNNAMED --add-opens=java.base/java.util.concurrent.atomic=ALL-UNNAMED -Xmx2048m -Dfile.encoding=UTF-8 -Duser.country=US -Duser.language=en -Duser.variant 
java_command: org.gradle.launcher.daemon.bootstrap.GradleDaemon 7.5
java_class_path (initial): C:\Users\YASASVI HIMAYA\.gradle\wrapper\dists\gradle-7.5-bin\f1w0cc9nuo0eivz97x2xlu9sv\gradle-7.5\lib\gradle-launcher-7.5.jar
Launcher Type: SUN_STANDARD

[Global flags]
     intx CICompilerCount                          = 3                                         {product} {ergonomic}
     uint ConcGCThreads                            = 1                                         {product} {ergonomic}
     uint G1ConcRefinementThreads                  = 4                                         {product} {ergonomic}
   size_t G1HeapRegionSize                         = 1048576                                   {product} {ergonomic}
    uintx GCDrainStackTargetSize                   = 64                                        {product} {ergonomic}
   size_t InitialHeapSize                          = 65011712                                  {product} {ergonomic}
   size_t MarkStackSize                            = 4194304                                   {product} {ergonomic}
   size_t MaxHeapSize                              = 2147483648                                {product} {command line}
   size_t MaxNewSize                               = 1287651328                                {product} {ergonomic}
   size_t MinHeapDeltaBytes                        = 1048576                                   {product} {ergonomic}
    uintx NonNMethodCodeHeapSize                   = 5830732                                {pd product} {ergonomic}
    uintx NonProfiledCodeHeapSize                  = 122913754                              {pd product} {ergonomic}
    uintx ProfiledCodeHeapSize                     = 122913754                              {pd product} {ergonomic}
    uintx ReservedCodeCacheSize                    = 251658240                              {pd product} {ergonomic}
     bool SegmentedCodeCache                       = true                                      {product} {ergonomic}
     bool UseCompressedClassPointers               = true                                 {lp64_product} {ergonomic}
     bool UseCompressedOops                        = true                                 {lp64_product} {ergonomic}
     bool UseG1GC                                  = true                                      {product} {ergonomic}
     bool UseLargePagesIndividualAllocation        = false                                  {pd product} {ergonomic}

Logging:
Log output configuration:
 #0: stdout all=warning uptime,level,tags
 #1: stderr all=off uptime,level,tags

Environment Variables:
PATH=C:\Program Files\Microsoft\jdk-11.0.12.7-hotspot\bin;C:\Program Files\Common Files\Oracle\Java\javapath;C:\Program Files (x86)\Common Files\Oracle\Java\javapath;C:\WINDOWS\system32;C:\WINDOWS;C:\WINDOWS\System32\Wbem;C:\WINDOWS\System32\WindowsPowerShell\v1.0\;C:\WINDOWS\System32\OpenSSH\;C:\Program Files\Intel\WiFi\bin\;C:\Program Files\Common Files\Intel\WirelessCommon\;C:\Program Files\Microsoft SQL Server\150\Tools\Binn\;C:\Program Files\dotnet\;C:\Program Files (x86)\Microsoft SQL Server\150\DTS\Binn\;C:\Program Files\Azure Data Studio\bin;C:\WINDOWS\system32;C:\WINDOWS;C:\WINDOWS\System32\Wbem;C:\WINDOWS\System32\WindowsPowerShell\v1.0\;C:\WINDOWS\System32\OpenSSH\;C:\Program Files\nodejs\;C:\Users\YASASVI HIMAYA\AppData\Local\Microsoft\WindowsApps;C:\Users\YASASVI HIMAYA\.dotnet\tools;C:\Program Files\Azure Data Studio\bin;;C:\Users\YASASVI HIMAYA\AppData\Local\Programs\Microsoft VS Code\bin;C:\Users\YASASVI HIMAYA\AppData\Roaming\npm
USERNAME=YASASVI HIMAYA
OS=Windows_NT
PROCESSOR_IDENTIFIER=Intel64 Family 6 Model 142 Stepping 12, GenuineIntel



---------------  S Y S T E M  ---------------

OS: Windows 11 , 64 bit Build 22621 (10.0.22621.1778)
OS uptime: 15 days 20:28 hours

CPU:total 4 (initial active 4) (2 cores per cpu, 2 threads per core) family 6 model 142 stepping 12 microcode 0xde, cmov, cx8, fxsr, mmx, sse, sse2, sse3, ssse3, sse4.1, sse4.2, popcnt, avx, avx2, aes, clmul, erms, 3dnowpref, lzcnt, ht, tsc, tscinvbit, bmi1, bmi2, adx, fma

Memory: 4k page, system-wide physical 3948M (398M free)
TotalPageFile size 16236M (AvailPageFile size 8M)
current process WorkingSet (physical memory assigned to process): 170M, peak: 170M
current process commit charge ("private bytes"): 229M, peak: 288M

vm_info: OpenJDK 64-Bit Server VM (11.0.15+0-b2043.56-9505619) for windows-amd64 JRE (11.0.15+0-b2043.56-9505619), built on Jan 19 2023 02:48:00 by "builduser" with unknown MS VC++:1929

END.
